Log file open, 08/24/16 22:11:06
LogInit:Display: Running engine for game: MP_Steam
LogPlatformFile: Not using cached read wrapper
LogInit:Display: RandInit(-815688437) SRandInit(-815688435).
LogTaskGraph: Started task graph with 4 named threads and 5 total threads with 1 sets of task threads.
LogStats: Stats thread started at 0.073404
LogInit: Version: 4.12.5-3039270+++UE4+Release-4.12
LogInit: API Version: 2992821
LogInit: Net Version: 3039270
LogDevObjectVersion: Number of dev versions registered: 13
LogDevObjectVersion:   Dev-Blueprints (B0D832E4-1F89-4F0D-ACCF-7EB736FD4AA2): 3
LogDevObjectVersion:   Dev-Build (E1C64328-A22C-4D53-A36C-8E866417BD8C): 0
LogDevObjectVersion:   Dev-Core (375EC13C-06E4-48FB-B500-84F0262A717E): 1
LogDevObjectVersion:   Dev-Editor (E4B068ED-F494-42E9-A231-DA0B2E46BB41): 2
LogDevObjectVersion:   Dev-Framework (CFFC743F-43B0-4480-9391-14DF171D2073): 6
LogDevObjectVersion:   Dev-Mobile (B02B49B5-BB20-44E9-A304-32B752E40360): 0
LogDevObjectVersion:   Dev-Networking (A4E4105C-59A1-49B5-A7C5-40C4547EDFEE): 0
LogDevObjectVersion:   Dev-Online (39C831C9-5AE6-47DC-9A44-9C173E1C8E7C): 0
LogDevObjectVersion:   Dev-Physics (78F01B33-EBEA-4F98-B9B4-84EACCB95AA2): 0
LogDevObjectVersion:   Dev-Platform (6631380F-2D4D-43E0-8009-CF276956A95A): 0
LogDevObjectVersion:   Dev-Rendering (12F88B9F-8875-4AFC-A67C-D90C383ABD29): 2
LogDevObjectVersion:   Dev-Sequencer (7B5AE74C-D270-4C10-A958-57980B212A5A): 0
LogDevObjectVersion:   Dev-VR (D7296918-1DD6-4BDD-9DE2-64A83CC13884): 0
LogInit: Compiled (64-bit): Jul  6 2016 09:09:46
LogInit: Compiled with Visual C++: 19.00.23026.00
LogInit: Build Configuration: Development
LogInit: Branch Name: ++UE4+Release-4.12
LogInit: Command line:  /Temp/Autosaves/Game/ThirdPersonBP/Multiplayer/Maps/UEDPCMP_MainMenu -game -PIEVIACONSOLE -ResX=1280 -ResY=720  -Multiprocess -windowed -messaging -SessionName="Play in Standalone Game" 
LogInit: Base directory: C:/Games/Unreal Engine/4.12/Engine/Binaries/Win64/
LogInit: Installed Engine Build: 1
LogInit: Using libcurl 7.41.0
LogInit:  - built for x86_64-pc-win32
LogInit:  - supports SSL with WinSSL
LogInit:  - other features:
LogInit:      CURL_VERSION_SSL
LogInit:      CURL_VERSION_IPV6
LogInit:      CURL_VERSION_ASYNCHDNS
LogInit:      CURL_VERSION_LARGEFILE
LogInit:      CURL_VERSION_IDN
LogInit:  CurlRequestOptions (configurable via config and command line):
LogInit:  - bVerifyPeer = true  - Libcurl will verify peer certificate
LogInit:  - bUseHttpProxy = false  - Libcurl will NOT use HTTP proxy
LogInit:  - bDontReuseConnections = false  - Libcurl will reuse connections
LogInit:  - CertBundlePath = nullptr  - Libcurl will use whatever was configured at build time.
LogOnline:Display: STEAM: Loading Steam SDK 1.32
LogInit: WinSock: version 1.1 (2.2), MaxSocks=32767, MaxUdp=65467
LogInit: Presizing for max 8388607 objects, including 0 objects not considered by GC, pre-allocating 0 bytes for permanent pool.
LogInit: Object subsystem initialized
[2016.08.25-05.11.06:508][  0]LogInit: Selected Device Profile: [Windows]
[2016.08.25-05.11.06:508][  0]LogInit: Applying CVar settings loaded from the selected device profile: [Windows]
[2016.08.25-05.11.06:512][  0]LogInit: Computer: MATTHEW
[2016.08.25-05.11.06:512][  0]LogInit: User: MatthewClaflin
[2016.08.25-05.11.06:512][  0]LogInit: CPU Page size=65536, Cores=2
[2016.08.25-05.11.06:512][  0]LogInit: High frequency timer resolution =2.435774 MHz
[2016.08.25-05.11.06:513][  0]LogMemory: Memory total: Physical=7.9GB (8GB approx)
[2016.08.25-05.11.06:513][  0]LogMemory: Platform Memory Stats for Windows
[2016.08.25-05.11.06:513][  0]LogMemory: Process Physical Memory: 230.59 MB used, 230.59 MB peak
[2016.08.25-05.11.06:513][  0]LogMemory: Process Virtual Memory: 217.79 MB used, 217.79 MB peak
[2016.08.25-05.11.06:513][  0]LogMemory: Physical Memory: 5859.89 MB used, 8116.09 MB total
[2016.08.25-05.11.06:513][  0]LogMemory: Virtual Memory: 670.14 MB used, 134217728.00 MB total
[2016.08.25-05.11.06:566][  0]LogTextLocalizationManager: No specific translations for ('en-US') exist, so ('en') translations will be used.
[2016.08.25-05.11.07:020][  0]LogD3D11RHI: D3D11 adapters:
[2016.08.25-05.11.07:051][  0]LogD3D11RHI:    0. 'NVIDIA GeForce GTX 770M ' (Feature Level 11_0)
[2016.08.25-05.11.07:051][  0]LogD3D11RHI:       3007/0/4058 MB DedicatedVideo/DedicatedSystem/SharedSystem, Outputs:1, VendorId:0x10de
[2016.08.25-05.11.07:056][  0]LogD3D11RHI:    1. 'Intel(R) HD Graphics 4600' (Feature Level 11_0)
[2016.08.25-05.11.07:057][  0]LogD3D11RHI:       112/0/4058 MB DedicatedVideo/DedicatedSystem/SharedSystem, Outputs:0, VendorId:0x8086
[2016.08.25-05.11.07:058][  0]LogD3D11RHI:    2. 'Microsoft Basic Render Driver' (Feature Level 11_0)
[2016.08.25-05.11.07:058][  0]LogD3D11RHI:       0/0/4058 MB DedicatedVideo/DedicatedSystem/SharedSystem, Outputs:0, VendorId:0x1414
[2016.08.25-05.11.07:058][  0]LogD3D11RHI: Chosen D3D11 Adapter: 0
[2016.08.25-05.11.07:086][  0]LogD3D11RHI: Creating new Direct3DDevice
[2016.08.25-05.11.07:086][  0]LogD3D11RHI:     GPU DeviceId: 0x11e0 (for the marketing name, search the web for "GPU Device Id")
[2016.08.25-05.11.07:086][  0]LogWindows: EnumDisplayDevices:
[2016.08.25-05.11.07:086][  0]LogWindows:    0. 'Intel(R) HD Graphics 4600' (P:1 D:1)
[2016.08.25-05.11.07:086][  0]LogWindows:    1. 'Intel(R) HD Graphics 4600' (P:0 D:0)
[2016.08.25-05.11.07:086][  0]LogWindows:    2. 'Intel(R) HD Graphics 4600' (P:0 D:0)
[2016.08.25-05.11.07:087][  0]LogWindows:    3. 'NVIDIA GeForce GTX 770M ' (P:0 D:0)
[2016.08.25-05.11.07:087][  0]LogWindows: DebugString: PrimaryIsNotTheChoosenAdapter PrimaryIsNotTheChoosenAdapter PrimaryIsNotTheChoosenAdapter 
[2016.08.25-05.11.07:087][  0]LogD3D11RHI:     Adapter Name: NVIDIA GeForce GTX 770M 
[2016.08.25-05.11.07:087][  0]LogD3D11RHI:   Driver Version: 365.10 (internal:10.18.13.6510, unified:365.10)
[2016.08.25-05.11.07:087][  0]LogD3D11RHI:      Driver Date: 4-27-2016
[2016.08.25-05.11.07:087][  0]LogRHI: Texture pool is 1361 MB (70% of 1945 MB)
[2016.08.25-05.11.07:103][  0]LogD3D11RHI: Async texture creation enabled
[2016.08.25-05.11.07:118][  0]LogD3D11RHI: GPU Timing Frequency: 1000.000000 (Debug: 2 2)
[2016.08.25-05.11.07:119][  0]LogShaderCompilers: Guid format shader working directory is -26 characters bigger than the processId version (../../../../../../Users/MatthewClaflin/Documents/Unreal Projects/MP_Steam/Intermediate/Shaders/WorkingDirectory/160536/).
[2016.08.25-05.11.07:119][  0]LogShaderCompilers: Cleaned the shader compiler working directory 'C:/Users/MATTHE~1/AppData/Local/Temp/UnrealShaderWorkingDir/3B1214FC499947C85C4BB49BA84A935E/'.
[2016.08.25-05.11.07:119][  0]LogShaderCompilers:Display: Using Local Shader Compiler.
[2016.08.25-05.11.08:141][  0]LogTemp:Display: Loaded TP WindowsClientTargetPlatform
[2016.08.25-05.11.08:152][  0]LogTemp:Display: Loaded TP WindowsNoEditorTargetPlatform
[2016.08.25-05.11.08:162][  0]LogTemp:Display: Loaded TP WindowsServerTargetPlatform
[2016.08.25-05.11.08:172][  0]LogTemp:Display: Loaded TP WindowsTargetPlatform
[2016.08.25-05.11.08:172][  0]LogTargetPlatformManager:Display: Building Assets For Windows
[2016.08.25-05.11.08:258][  0]LogDerivedDataCache:Display: Max Cache Size: 512 MB
[2016.08.25-05.11.08:310][  0]LogDerivedDataCache: Loaded boot cache 0.05s 48MB C:/Users/MatthewClaflin/AppData/Local/UnrealEngine/4.12/DerivedDataCache/Boot.ddc.
[2016.08.25-05.11.08:310][  0]LogDerivedDataCache:Display: Loaded Boot cache: C:/Users/MatthewClaflin/AppData/Local/UnrealEngine/4.12/DerivedDataCache/Boot.ddc
[2016.08.25-05.11.08:311][  0]LogDerivedDataCache: FDerivedDataBackendGraph:  Pak pak cache file ../../../../../../Users/MatthewClaflin/Documents/Unreal Projects/MP_Steam/DerivedDataCache/DDC.ddp not found, will not use a pak cache.
[2016.08.25-05.11.08:311][  0]LogDerivedDataCache: Unable to find inner node Pak for hierarchical cache Hierarchy.
[2016.08.25-05.11.08:311][  0]LogDerivedDataCache: FDerivedDataBackendGraph:  CompressedPak pak cache file ../../../../../../Users/MatthewClaflin/Documents/Unreal Projects/MP_Steam/DerivedDataCache/Compressed.ddp not found, will not use a pak cache.
[2016.08.25-05.11.08:311][  0]LogDerivedDataCache: Unable to find inner node CompressedPak for hierarchical cache Hierarchy.
[2016.08.25-05.11.08:332][  0]LogDerivedDataCache:Display: Pak cache opened for reading ../../../Engine/DerivedDataCache/Compressed.ddp.
[2016.08.25-05.11.08:344][  0]LogDerivedDataCache: Using Local data cache path C:/Users/MatthewClaflin/AppData/Local/UnrealEngine/Common/DerivedDataCache: Writable
[2016.08.25-05.11.08:592][  0]LogAssetRegistry: FAssetRegistry took 0.0001 seconds to start up
[2016.08.25-05.11.08:600][  0]LogPackageLocalizationCache: Processed 4 localized package path(s) for 2 prioritized culture(s) in 0.007275 seconds
[2016.08.25-05.11.08:604][  0]LogInit: Selected Device Profile: [Windows]
[2016.08.25-05.11.08:605][  0]LogContentStreaming: Texture pool size is 1000.00 MB
[2016.08.25-05.11.08:752][  0]LogMeshUtilities: No automatic mesh reduction module available
[2016.08.25-05.11.08:752][  0]LogMeshUtilities: No automatic mesh merging module available
[2016.08.25-05.11.08:752][  0]LogMeshUtilities: No distributed automatic mesh merging module available
[2016.08.25-05.11.09:127][  0]LogSlate: SlateFontCache - WITH_FREETYPE: 1, WITH_HARFBUZZ: 1
[2016.08.25-05.11.09:127][  0]LogSlate: SlateFontCache - WITH_FREETYPE: 1, WITH_HARFBUZZ: 1
[2016.08.25-05.11.09:194][  0]LogMoviePlayer: Initializing movie player
[2016.08.25-05.11.09:315][  0]LogWindowsMoviePlayer: Unable to load movie: ../../../../../../Users/MatthewClaflin/Documents/Unreal Projects/MP_Steam/Content/Movies/Default_Startup.mp4
[2016.08.25-05.11.09:901][  0]LogUdpMessaging: Initializing bridge on interface 0.0.0.0:0 to multicast group 230.0.0.1:6666.
[2016.08.25-05.11.09:972][  0]SourceControl: Info Source control is disabled
[2016.08.25-05.11.09:972][  0]SourceControl: Info Source control is disabled
[2016.08.25-05.11.09:984][  0]SourceControl: Info Source control is disabled
[2016.08.25-05.11.10:145][  0]LogUObjectArray: 32161 objects as part of root set at end of initial load.
[2016.08.25-05.11.10:145][  0]LogUObjectAllocator: 7123288 out of 0 bytes used by permanent object pool.
[2016.08.25-05.11.10:145][  0]LogUObjectArray: CloseDisregardForGC: 0/0 objects in disregard for GC pool
[2016.08.25-05.11.10:204][  0]LogEngine: Initializing Engine...
[2016.08.25-05.11.10:210][  0]LogHMD: SteamVR failed to initialize.  Err: 108
[2016.08.25-05.11.10:223][  0]LogHMD: SteamVR failed to initialize.  Err: 108
[2016.08.25-05.11.10:361][  0]LogInit: XAudio2 using 'Speakers (Conexant SmartAudio HD)' : 2 channels at 48 kHz using 32 bits per sample (channel mask 0x3)
[2016.08.25-05.11.10:371][  0]LogInit: FAudioDevice initialized.
[2016.08.25-05.11.10:377][  0]LogInit: Texture streaming: Enabled
[2016.08.25-05.11.10:779][  0]LogNet: Browse: /Temp/Autosaves/Game/ThirdPersonBP/Multiplayer/Maps/UEDPCMP_MainMenu?Name=Player
[2016.08.25-05.11.10:780][  0]LogLoad: LoadMap: /Temp/Autosaves/Game/ThirdPersonBP/Multiplayer/Maps/UEDPCMP_MainMenu?Name=Player
[2016.08.25-05.11.10:830][  0]LogMemory: Platform Memory Stats for Windows
[2016.08.25-05.11.10:830][  0]LogMemory: Process Physical Memory: 617.24 MB used, 633.29 MB peak
[2016.08.25-05.11.10:830][  0]LogMemory: Process Virtual Memory: 661.22 MB used, 661.23 MB peak
[2016.08.25-05.11.10:830][  0]LogMemory: Physical Memory: 6223.73 MB used, 8116.09 MB total
[2016.08.25-05.11.10:830][  0]LogMemory: Virtual Memory: 1323.04 MB used, 134217728.00 MB total
[2016.08.25-05.11.10:830][  0]LogMemory: 
[2016.08.25-05.11.10:830][  0]Allocator Stats for TBB: (not implemented)
[2016.08.25-05.11.10:850][  0]LogAIModule: Creating AISystem for world MP_MainMenu
[2016.08.25-05.11.10:988][  0]LogWorld: Game class is 'ThirdPersonGameMode_C'
[2016.08.25-05.11.10:989][  0]LogWorld: Bringing World /Temp/Autosaves/Game/ThirdPersonBP/Multiplayer/Maps/UEDPCMP_MainMenu.MP_MainMenu up for play (max tick rate 0) at 2016.08.24-22.11.10
[2016.08.25-05.11.10:989][  0]LogWorld: Bringing up level for play took: 0.001097
[2016.08.25-05.11.11:005][  0]LogLoad: Took 0.225433 seconds to LoadMap(/Temp/Autosaves/Game/ThirdPersonBP/Multiplayer/Maps/UEDPCMP_MainMenu)
[2016.08.25-05.11.11:005][  0]LogInit:Display: Game Engine Initialized.
[2016.08.25-05.11.11:237][  0]LogLoad: Full Startup: 5.76 seconds (BP compile: 0.20 seconds)
[2016.08.25-05.11.11:237][  0]LogExternalProfiler: Found external profiler: VSPerf
[2016.08.25-05.11.11:237][  0]LogExternalProfiler: Using external profiler: VSPerf
[2016.08.25-05.11.11:254][  0]LogOcInput: OculusInput pre-init called
[2016.08.25-05.11.11:354][  2]LogRenderer: Reallocating scene render targets to support 1280x720 (Frame:2).
[2016.08.25-05.11.13:824][148]LogOnline:Warning: Unknown or unsupported data type from Steam key data 0 0
[2016.08.25-05.11.13:824][148]LogOnline:Warning: STEAM: Failed to parse setting from key 0 value 0
[2016.08.25-05.11.13:824][148]LogOnline:Warning: Unknown or unsupported data type from Steam key data AppVersion 2.1
[2016.08.25-05.11.13:824][148]LogOnline:Warning: STEAM: Failed to parse setting from key AppVersion value 2.1
[2016.08.25-05.11.13:824][148]LogOnline:Warning: Unknown or unsupported data type from Steam key data GameMode TheHidden
[2016.08.25-05.11.13:824][148]LogOnline:Warning: STEAM: Failed to parse setting from key GameMode value TheHidden
[2016.08.25-05.11.13:824][148]LogOnline:Warning: Unknown or unsupported data type from Steam key data LobbyName Testing 123
[2016.08.25-05.11.13:824][148]LogOnline:Warning: STEAM: Failed to parse setting from key LobbyName value Testing 123
[2016.08.25-05.11.13:824][148]LogOnline:Warning: Unknown or unsupported data type from Steam key data MapID Lvl_200
[2016.08.25-05.11.13:824][148]LogOnline:Warning: STEAM: Failed to parse setting from key MapID value Lvl_200
[2016.08.25-05.11.13:824][148]LogOnline:Warning: Unknown or unsupported data type from Steam key data NumHiddenRounds 10
[2016.08.25-05.11.13:824][148]LogOnline:Warning: STEAM: Failed to parse setting from key NumHiddenRounds value 10
[2016.08.25-05.11.13:824][148]LogOnline:Warning: Unknown or unsupported data type from Steam key data NumRounds 7
[2016.08.25-05.11.13:824][148]LogOnline:Warning: STEAM: Failed to parse setting from key NumRounds value 7
[2016.08.25-05.11.13:824][148]LogOnline:Warning: Unknown or unsupported data type from Steam key data PrepTime 5
[2016.08.25-05.11.13:824][148]LogOnline:Warning: STEAM: Failed to parse setting from key PrepTime value 5
[2016.08.25-05.11.13:824][148]LogOnline:Warning: Unknown or unsupported data type from Steam key data private 0
[2016.08.25-05.11.13:824][148]LogOnline:Warning: STEAM: Failed to parse setting from key private value 0
[2016.08.25-05.11.13:824][148]LogOnline:Warning: Unknown or unsupported data type from Steam key data RoundTime 240
[2016.08.25-05.11.13:824][148]LogOnline:Warning: STEAM: Failed to parse setting from key RoundTime value 240
[2016.08.25-05.11.13:824][148]LogOnline:Warning: Unknown or unsupported data type from Steam key data TeamAttack True
[2016.08.25-05.11.13:824][148]LogOnline:Warning: STEAM: Failed to parse setting from key TeamAttack value True
[2016.08.25-05.11.13:824][148]LogOnline:Warning: STEAM: Unable to parse search result for lobby 'Lobby [0x186000097D5CAEE]'
[2016.08.25-05.11.13:825][148]LogOnline:Warning: Unknown or unsupported data type from Steam key data avatar_mask 13
[2016.08.25-05.11.13:825][148]LogOnline:Warning: STEAM: Failed to parse setting from key avatar_mask value 13
[2016.08.25-05.11.13:825][148]LogOnline:Warning: Unknown or unsupported data type from Steam key data build_engine_hash 19954
[2016.08.25-05.11.13:825][148]LogOnline:Warning: STEAM: Failed to parse setting from key build_engine_hash value 19954
[2016.08.25-05.11.13:825][148]LogOnline:Warning: Unknown or unsupported data type from Steam key data build_game_hash 7f5cbb643982
[2016.08.25-05.11.13:825][148]LogOnline:Warning: STEAM: Failed to parse setting from key build_game_hash value 7f5cbb643982
[2016.08.25-05.11.13:825][148]LogOnline:Warning: Unknown or unsupported data type from Steam key data difficulty medium
[2016.08.25-05.11.13:825][148]LogOnline:Warning: STEAM: Failed to parse setting from key difficulty value medium
[2016.08.25-05.11.13:825][148]LogOnline:Warning: Unknown or unsupported data type from Steam key data gamespeed normal
[2016.08.25-05.11.13:825][148]LogOnline:Warning: STEAM: Failed to parse setting from key gamespeed value normal
[2016.08.25-05.11.13:825][148]LogOnline:Warning: Unknown or unsupported data type from Steam key data game_type game_campaign
[2016.08.25-05.11.13:825][148]LogOnline:Warning: STEAM: Failed to parse setting from key game_type value game_campaign
[2016.08.25-05.11.13:826][148]LogOnline:Warning: Unknown or unsupported data type from Steam key data joinable true
[2016.08.25-05.11.13:826][148]LogOnline:Warning: STEAM: Failed to parse setting from key joinable value true
[2016.08.25-05.11.13:826][148]LogOnline:Warning: Unknown or unsupported data type from Steam key data name Classic Momo
[2016.08.25-05.11.13:826][148]LogOnline:Warning: STEAM: Failed to parse setting from key name value Classic Momo
[2016.08.25-05.11.13:826][148]LogOnline:Warning: Unknown or unsupported data type from Steam key data players_count 3
[2016.08.25-05.11.13:826][148]LogOnline:Warning: STEAM: Failed to parse setting from key players_count value 3
[2016.08.25-05.11.13:826][148]LogOnline:Warning: Unknown or unsupported data type from Steam key data visibility public
[2016.08.25-05.11.13:826][148]LogOnline:Warning: STEAM: Failed to parse setting from key visibility value public
[2016.08.25-05.11.13:826][148]LogOnline:Warning: Unknown or unsupported data type from Steam key data __gameserverIP 0
[2016.08.25-05.11.13:826][148]LogOnline:Warning: STEAM: Failed to parse setting from key __gameserverIP value 0
[2016.08.25-05.11.13:826][148]LogOnline:Warning: Unknown or unsupported data type from Steam key data __gameserverPort 0
[2016.08.25-05.11.13:826][148]LogOnline:Warning: STEAM: Failed to parse setting from key __gameserverPort value 0
[2016.08.25-05.11.13:826][148]LogOnline:Warning: Unknown or unsupported data type from Steam key data __gameserverSteamID 76561198095818737
[2016.08.25-05.11.13:826][148]LogOnline:Warning: STEAM: Failed to parse setting from key __gameserverSteamID value 76561198095818737
[2016.08.25-05.11.13:826][148]LogOnline:Warning: STEAM: Unable to parse search result for lobby 'Lobby [0x186000097D70776]'
[2016.08.25-05.11.13:826][148]LogOnline:Warning: STEAM: Unable to parse search result for lobby 'Lobby [0x186000097D6A76A]'
[2016.08.25-05.11.13:827][148]LogOnline:Warning: STEAM: Removed incompatible build: ServerBuildUniqueId = 0x3951e005, GetBuildUniqueId() = 0x24675aac
[2016.08.25-05.11.13:827][148]LogOnline:Warning: STEAM: Unable to parse search result for lobby 'Lobby [0x186000097D5F707]'
[2016.08.25-05.11.13:827][148]LogOnline:Warning: Unknown or unsupported data type from Steam key data cname EN
[2016.08.25-05.11.13:827][148]LogOnline:Warning: STEAM: Failed to parse setting from key cname value EN
[2016.08.25-05.11.13:827][148]LogOnline:Warning: Unknown or unsupported data type from Steam key data created_by_mp_steam_controller 1
[2016.08.25-05.11.13:827][148]LogOnline:Warning: STEAM: Failed to parse setting from key created_by_mp_steam_controller value 1
[2016.08.25-05.11.13:827][148]LogOnline:Warning: Unknown or unsupported data type from Steam key data Platform WIN
[2016.08.25-05.11.13:827][148]LogOnline:Warning: STEAM: Failed to parse setting from key Platform value WIN
[2016.08.25-05.11.13:827][148]LogOnline:Warning: Unknown or unsupported data type from Steam key data type 05EN
[2016.08.25-05.11.13:827][148]LogOnline:Warning: STEAM: Failed to parse setting from key type value 05EN
[2016.08.25-05.11.13:827][148]LogOnline:Warning: STEAM: Unable to parse search result for lobby 'Lobby [0x186000097D39D56]'
[2016.08.25-05.11.13:827][148]LogOnline:Warning: Unknown or unsupported data type from Steam key data chat_enable 0
[2016.08.25-05.11.13:827][148]LogOnline:Warning: STEAM: Failed to parse setting from key chat_enable value 0
[2016.08.25-05.11.13:827][148]LogOnline:Warning: Unknown or unsupported data type from Steam key data game_mode 0
[2016.08.25-05.11.13:827][148]LogOnline:Warning: STEAM: Failed to parse setting from key game_mode value 0
[2016.08.25-05.11.13:828][148]LogOnline:Warning: Unknown or unsupported data type from Steam key data open_public 2
[2016.08.25-05.11.13:828][148]LogOnline:Warning: STEAM: Failed to parse setting from key open_public value 2
[2016.08.25-05.11.13:828][148]LogOnline:Warning: Unknown or unsupported data type from Steam key data seach 1
[2016.08.25-05.11.13:828][148]LogOnline:Warning: STEAM: Failed to parse setting from key seach value 1
[2016.08.25-05.11.13:828][148]LogOnline:Warning: Unknown or unsupported data type from Steam key data ugc_enable 1
[2016.08.25-05.11.13:828][148]LogOnline:Warning: STEAM: Failed to parse setting from key ugc_enable value 1
[2016.08.25-05.11.13:828][148]LogOnline:Warning: Unknown or unsupported data type from Steam key data vi 1 0
[2016.08.25-05.11.13:828][148]LogOnline:Warning: STEAM: Failed to parse setting from key vi 1 value 0
[2016.08.25-05.11.13:828][148]LogOnline:Warning: Unknown or unsupported data type from Steam key data vi 2 0
[2016.08.25-05.11.13:828][148]LogOnline:Warning: STEAM: Failed to parse setting from key vi 2 value 0
[2016.08.25-05.11.13:828][148]LogOnline:Warning: Unknown or unsupported data type from Steam key data vi 268435563 56
[2016.08.25-05.11.13:828][148]LogOnline:Warning: STEAM: Failed to parse setting from key vi 268435563 value 56
[2016.08.25-05.11.13:828][148]LogOnline:Warning: Unknown or unsupported data type from Steam key data vi 268435564 1
[2016.08.25-05.11.13:828][148]LogOnline:Warning: STEAM: Failed to parse setting from key vi 268435564 value 1
[2016.08.25-05.11.13:828][148]LogOnline:Warning: Unknown or unsupported data type from Steam key data vi 268435565 4
[2016.08.25-05.11.13:828][148]LogOnline:Warning: STEAM: Failed to parse setting from key vi 268435565 value 4
[2016.08.25-05.11.13:828][148]LogOnline:Warning: Unknown or unsupported data type from Steam key data vi 268435567 1
[2016.08.25-05.11.13:828][148]LogOnline:Warning: STEAM: Failed to parse setting from key vi 268435567 value 1
[2016.08.25-05.11.13:828][148]LogOnline:Warning: Unknown or unsupported data type from Steam key data vi 268435568 1
[2016.08.25-05.11.13:828][148]LogOnline:Warning: STEAM: Failed to parse setting from key vi 268435568 value 1
[2016.08.25-05.11.13:828][148]LogOnline:Warning: Unknown or unsupported data type from Steam key data vi 268435571 1
[2016.08.25-05.11.13:828][148]LogOnline:Warning: STEAM: Failed to parse setting from key vi 268435571 value 1
[2016.08.25-05.11.13:828][148]LogOnline:Warning: Unknown or unsupported data type from Steam key data vi 268435572 1
[2016.08.25-05.11.13:828][148]LogOnline:Warning: STEAM: Failed to parse setting from key vi 268435572 value 1
[2016.08.25-05.11.13:828][148]LogOnline:Warning: Unknown or unsupported data type from Steam key data vi 268435573 0
[2016.08.25-05.11.13:828][148]LogOnline:Warning: STEAM: Failed to parse setting from key vi 268435573 value 0
[2016.08.25-05.11.13:828][148]LogOnline:Warning: Unknown or unsupported data type from Steam key data vi 4 56
[2016.08.25-05.11.13:828][148]LogOnline:Warning: STEAM: Failed to parse setting from key vi 4 value 56
[2016.08.25-05.11.13:828][148]LogOnline:Warning: Unknown or unsupported data type from Steam key data vi 536870986 -1
[2016.08.25-05.11.13:828][148]LogOnline:Warning: STEAM: Failed to parse setting from key vi 536870986 value -1
[2016.08.25-05.11.13:828][148]LogOnline:Warning: Unknown or unsupported data type from Steam key data vi 536870987 -1
[2016.08.25-05.11.13:828][148]LogOnline:Warning: STEAM: Failed to parse setting from key vi 536870987 value -1
[2016.08.25-05.11.13:828][148]LogOnline:Warning: Unknown or unsupported data type from Steam key data vi 8 4
[2016.08.25-05.11.13:828][148]LogOnline:Warning: STEAM: Failed to parse setting from key vi 8 value 4
[2016.08.25-05.11.13:828][148]LogOnline:Warning: Unknown or unsupported data type from Steam key data vs 536870981 MacMuffens
[2016.08.25-05.11.13:828][148]LogOnline:Warning: STEAM: Failed to parse setting from key vs 536870981 value MacMuffens
[2016.08.25-05.11.13:828][148]LogOnline:Warning: Unknown or unsupported data type from Steam key data vs 536870982 ?I?????C?? ?~?b?V???????[?h
[2016.08.25-05.11.13:828][148]LogOnline:Warning: STEAM: Failed to parse setting from key vs 536870982 value ?I?????C?? ?~?b?V???????[?h
[2016.08.25-05.11.13:828][148]LogOnline:Warning: Unknown or unsupported data type from Steam key data vs 536870983 Online Mission Mode
[2016.08.25-05.11.13:829][148]LogOnline:Warning: STEAM: Failed to parse setting from key vs 536870983 value Online Mission Mode
[2016.08.25-05.11.13:829][148]LogOnline:Warning: Unknown or unsupported data type from Steam key data vs 536870984 KillaSquad
[2016.08.25-05.11.13:829][148]LogOnline:Warning: STEAM: Failed to parse setting from key vs 536870984 value KillaSquad
[2016.08.25-05.11.13:829][148]LogOnline:Warning: STEAM: Unable to parse search result for lobby 'Lobby [0x186000097D6D5F6]'
[2016.08.25-05.11.13:829][148]LogOnline:Warning: Unknown or unsupported data type from Steam key data currentmembers 3
[2016.08.25-05.11.13:829][148]LogOnline:Warning: STEAM: Failed to parse setting from key currentmembers value 3
[2016.08.25-05.11.13:829][148]LogOnline:Warning: Unknown or unsupported data type from Steam key data guid 235e5a31-c8b2-42a4-89a5-66f529734250
[2016.08.25-05.11.13:829][148]LogOnline:Warning: STEAM: Failed to parse setting from key guid value 235e5a31-c8b2-42a4-89a5-66f529734250
[2016.08.25-05.11.13:829][148]LogOnline:Warning: Unknown or unsupported data type from Steam key data name Forest (StormStopper)
[2016.08.25-05.11.13:829][148]LogOnline:Warning: STEAM: Failed to parse setting from key name value Forest (StormStopper)
[2016.08.25-05.11.13:829][148]LogOnline:Warning: Unknown or unsupported data type from Steam key data __gameserverIP 0
[2016.08.25-05.11.13:829][148]LogOnline:Warning: STEAM: Failed to parse setting from key __gameserverIP value 0
[2016.08.25-05.11.13:829][148]LogOnline:Warning: Unknown or unsupported data type from Steam key data __gameserverPort 0
[2016.08.25-05.11.13:829][148]LogOnline:Warning: STEAM: Failed to parse setting from key __gameserverPort value 0
[2016.08.25-05.11.13:829][148]LogOnline:Warning: Unknown or unsupported data type from Steam key data __gameserverSteamID 90103442644788226
[2016.08.25-05.11.13:829][148]LogOnline:Warning: STEAM: Failed to parse setting from key __gameserverSteamID value 90103442644788226
[2016.08.25-05.11.13:829][148]LogOnline:Warning: STEAM: Unable to parse search result for lobby 'Lobby [0x186000097D625D2]'
[2016.08.25-05.11.24:307][795]LogOnline:Warning: Unknown or unsupported data type from Steam key data 0 0
[2016.08.25-05.11.24:307][795]LogOnline:Warning: STEAM: Failed to parse setting from key 0 value 0
[2016.08.25-05.11.24:307][795]LogOnline:Warning: Unknown or unsupported data type from Steam key data AppVersion 2.1
[2016.08.25-05.11.24:307][795]LogOnline:Warning: STEAM: Failed to parse setting from key AppVersion value 2.1
[2016.08.25-05.11.24:307][795]LogOnline:Warning: Unknown or unsupported data type from Steam key data GameMode TheHidden
[2016.08.25-05.11.24:307][795]LogOnline:Warning: STEAM: Failed to parse setting from key GameMode value TheHidden
[2016.08.25-05.11.24:307][795]LogOnline:Warning: Unknown or unsupported data type from Steam key data LobbyName Testing 123
[2016.08.25-05.11.24:307][795]LogOnline:Warning: STEAM: Failed to parse setting from key LobbyName value Testing 123
[2016.08.25-05.11.24:307][795]LogOnline:Warning: Unknown or unsupported data type from Steam key data MapID Lvl_200
[2016.08.25-05.11.24:307][795]LogOnline:Warning: STEAM: Failed to parse setting from key MapID value Lvl_200
[2016.08.25-05.11.24:307][795]LogOnline:Warning: Unknown or unsupported data type from Steam key data NumHiddenRounds 10
[2016.08.25-05.11.24:307][795]LogOnline:Warning: STEAM: Failed to parse setting from key NumHiddenRounds value 10
[2016.08.25-05.11.24:307][795]LogOnline:Warning: Unknown or unsupported data type from Steam key data NumRounds 7
[2016.08.25-05.11.24:307][795]LogOnline:Warning: STEAM: Failed to parse setting from key NumRounds value 7
[2016.08.25-05.11.24:308][795]LogOnline:Warning: Unknown or unsupported data type from Steam key data PrepTime 5
[2016.08.25-05.11.24:308][795]LogOnline:Warning: STEAM: Failed to parse setting from key PrepTime value 5
[2016.08.25-05.11.24:308][795]LogOnline:Warning: Unknown or unsupported data type from Steam key data private 0
[2016.08.25-05.11.24:308][795]LogOnline:Warning: STEAM: Failed to parse setting from key private value 0
[2016.08.25-05.11.24:308][795]LogOnline:Warning: Unknown or unsupported data type from Steam key data RoundTime 240
[2016.08.25-05.11.24:308][795]LogOnline:Warning: STEAM: Failed to parse setting from key RoundTime value 240
[2016.08.25-05.11.24:308][795]LogOnline:Warning: Unknown or unsupported data type from Steam key data TeamAttack True
[2016.08.25-05.11.24:308][795]LogOnline:Warning: STEAM: Failed to parse setting from key TeamAttack value True
[2016.08.25-05.11.24:308][795]LogOnline:Warning: STEAM: Unable to parse search result for lobby 'Lobby [0x186000097D5CAEE]'
[2016.08.25-05.11.24:308][795]LogOnline:Warning: Unknown or unsupported data type from Steam key data avatar_mask 13
[2016.08.25-05.11.24:308][795]LogOnline:Warning: STEAM: Failed to parse setting from key avatar_mask value 13
[2016.08.25-05.11.24:308][795]LogOnline:Warning: Unknown or unsupported data type from Steam key data build_engine_hash 19954
[2016.08.25-05.11.24:308][795]LogOnline:Warning: STEAM: Failed to parse setting from key build_engine_hash value 19954
[2016.08.25-05.11.24:308][795]LogOnline:Warning: Unknown or unsupported data type from Steam key data build_game_hash 7f5cbb643982
[2016.08.25-05.11.24:308][795]LogOnline:Warning: STEAM: Failed to parse setting from key build_game_hash value 7f5cbb643982
[2016.08.25-05.11.24:308][795]LogOnline:Warning: Unknown or unsupported data type from Steam key data difficulty medium
[2016.08.25-05.11.24:308][795]LogOnline:Warning: STEAM: Failed to parse setting from key difficulty value medium
[2016.08.25-05.11.24:309][795]LogOnline:Warning: Unknown or unsupported data type from Steam key data gamespeed normal
[2016.08.25-05.11.24:309][795]LogOnline:Warning: STEAM: Failed to parse setting from key gamespeed value normal
[2016.08.25-05.11.24:309][795]LogOnline:Warning: Unknown or unsupported data type from Steam key data game_type game_campaign
[2016.08.25-05.11.24:309][795]LogOnline:Warning: STEAM: Failed to parse setting from key game_type value game_campaign
[2016.08.25-05.11.24:309][795]LogOnline:Warning: Unknown or unsupported data type from Steam key data joinable true
[2016.08.25-05.11.24:309][795]LogOnline:Warning: STEAM: Failed to parse setting from key joinable value true
[2016.08.25-05.11.24:309][795]LogOnline:Warning: Unknown or unsupported data type from Steam key data name Classic Momo
[2016.08.25-05.11.24:309][795]LogOnline:Warning: STEAM: Failed to parse setting from key name value Classic Momo
[2016.08.25-05.11.24:309][795]LogOnline:Warning: Unknown or unsupported data type from Steam key data players_count 3
[2016.08.25-05.11.24:309][795]LogOnline:Warning: STEAM: Failed to parse setting from key players_count value 3
[2016.08.25-05.11.24:309][795]LogOnline:Warning: Unknown or unsupported data type from Steam key data visibility public
[2016.08.25-05.11.24:309][795]LogOnline:Warning: STEAM: Failed to parse setting from key visibility value public
[2016.08.25-05.11.24:310][795]LogOnline:Warning: Unknown or unsupported data type from Steam key data __gameserverIP 0
[2016.08.25-05.11.24:310][795]LogOnline:Warning: STEAM: Failed to parse setting from key __gameserverIP value 0
[2016.08.25-05.11.24:310][795]LogOnline:Warning: Unknown or unsupported data type from Steam key data __gameserverPort 0
[2016.08.25-05.11.24:310][795]LogOnline:Warning: STEAM: Failed to parse setting from key __gameserverPort value 0
[2016.08.25-05.11.24:310][795]LogOnline:Warning: Unknown or unsupported data type from Steam key data __gameserverSteamID 76561198095818737
[2016.08.25-05.11.24:310][795]LogOnline:Warning: STEAM: Failed to parse setting from key __gameserverSteamID value 76561198095818737
[2016.08.25-05.11.24:310][795]LogOnline:Warning: STEAM: Unable to parse search result for lobby 'Lobby [0x186000097D70776]'
[2016.08.25-05.11.24:310][795]LogOnline:Warning: STEAM: Unable to parse search result for lobby 'Lobby [0x186000097D6A76A]'
[2016.08.25-05.11.24:311][795]LogOnline:Warning: STEAM: Removed incompatible build: ServerBuildUniqueId = 0x3951e005, GetBuildUniqueId() = 0x24675aac
[2016.08.25-05.11.24:311][795]LogOnline:Warning: STEAM: Unable to parse search result for lobby 'Lobby [0x186000097D5F707]'
[2016.08.25-05.11.24:311][795]LogOnline:Warning: Unknown or unsupported data type from Steam key data cname EN
[2016.08.25-05.11.24:311][795]LogOnline:Warning: STEAM: Failed to parse setting from key cname value EN
[2016.08.25-05.11.24:311][795]LogOnline:Warning: Unknown or unsupported data type from Steam key data created_by_mp_steam_controller 1
[2016.08.25-05.11.24:311][795]LogOnline:Warning: STEAM: Failed to parse setting from key created_by_mp_steam_controller value 1
[2016.08.25-05.11.24:311][795]LogOnline:Warning: Unknown or unsupported data type from Steam key data Platform WIN
[2016.08.25-05.11.24:311][795]LogOnline:Warning: STEAM: Failed to parse setting from key Platform value WIN
[2016.08.25-05.11.24:311][795]LogOnline:Warning: Unknown or unsupported data type from Steam key data type 05EN
[2016.08.25-05.11.24:311][795]LogOnline:Warning: STEAM: Failed to parse setting from key type value 05EN
[2016.08.25-05.11.24:311][795]LogOnline:Warning: STEAM: Unable to parse search result for lobby 'Lobby [0x186000097D39D56]'
[2016.08.25-05.11.24:311][795]LogOnline:Warning: Unknown or unsupported data type from Steam key data chat_enable 0
[2016.08.25-05.11.24:312][795]LogOnline:Warning: STEAM: Failed to parse setting from key chat_enable value 0
[2016.08.25-05.11.24:312][795]LogOnline:Warning: Unknown or unsupported data type from Steam key data game_mode 0
[2016.08.25-05.11.24:312][795]LogOnline:Warning: STEAM: Failed to parse setting from key game_mode value 0
[2016.08.25-05.11.24:312][795]LogOnline:Warning: Unknown or unsupported data type from Steam key data open_public 2
[2016.08.25-05.11.24:312][795]LogOnline:Warning: STEAM: Failed to parse setting from key open_public value 2
[2016.08.25-05.11.24:312][795]LogOnline:Warning: Unknown or unsupported data type from Steam key data seach 1
[2016.08.25-05.11.24:312][795]LogOnline:Warning: STEAM: Failed to parse setting from key seach value 1
[2016.08.25-05.11.24:312][795]LogOnline:Warning: Unknown or unsupported data type from Steam key data ugc_enable 1
[2016.08.25-05.11.24:312][795]LogOnline:Warning: STEAM: Failed to parse setting from key ugc_enable value 1
[2016.08.25-05.11.24:312][795]LogOnline:Warning: Unknown or unsupported data type from Steam key data vi 1 0
[2016.08.25-05.11.24:312][795]LogOnline:Warning: STEAM: Failed to parse setting from key vi 1 value 0
[2016.08.25-05.11.24:312][795]LogOnline:Warning: Unknown or unsupported data type from Steam key data vi 2 0
[2016.08.25-05.11.24:312][795]LogOnline:Warning: STEAM: Failed to parse setting from key vi 2 value 0
[2016.08.25-05.11.24:312][795]LogOnline:Warning: Unknown or unsupported data type from Steam key data vi 268435563 56
[2016.08.25-05.11.24:312][795]LogOnline:Warning: STEAM: Failed to parse setting from key vi 268435563 value 56
[2016.08.25-05.11.24:312][795]LogOnline:Warning: Unknown or unsupported data type from Steam key data vi 268435564 1
[2016.08.25-05.11.24:312][795]LogOnline:Warning: STEAM: Failed to parse setting from key vi 268435564 value 1
[2016.08.25-05.11.24:312][795]LogOnline:Warning: Unknown or unsupported data type from Steam key data vi 268435565 4
[2016.08.25-05.11.24:312][795]LogOnline:Warning: STEAM: Failed to parse setting from key vi 268435565 value 4
[2016.08.25-05.11.24:312][795]LogOnline:Warning: Unknown or unsupported data type from Steam key data vi 268435567 1
[2016.08.25-05.11.24:312][795]LogOnline:Warning: STEAM: Failed to parse setting from key vi 268435567 value 1
[2016.08.25-05.11.24:313][795]LogOnline:Warning: Unknown or unsupported data type from Steam key data vi 268435568 1
[2016.08.25-05.11.24:313][795]LogOnline:Warning: STEAM: Failed to parse setting from key vi 268435568 value 1
[2016.08.25-05.11.24:313][795]LogOnline:Warning: Unknown or unsupported data type from Steam key data vi 268435571 1
[2016.08.25-05.11.24:313][795]LogOnline:Warning: STEAM: Failed to parse setting from key vi 268435571 value 1
[2016.08.25-05.11.24:313][795]LogOnline:Warning: Unknown or unsupported data type from Steam key data vi 268435572 1
[2016.08.25-05.11.24:313][795]LogOnline:Warning: STEAM: Failed to parse setting from key vi 268435572 value 1
[2016.08.25-05.11.24:313][795]LogOnline:Warning: Unknown or unsupported data type from Steam key data vi 268435573 0
[2016.08.25-05.11.24:313][795]LogOnline:Warning: STEAM: Failed to parse setting from key vi 268435573 value 0
[2016.08.25-05.11.24:313][795]LogOnline:Warning: Unknown or unsupported data type from Steam key data vi 4 56
[2016.08.25-05.11.24:313][795]LogOnline:Warning: STEAM: Failed to parse setting from key vi 4 value 56
[2016.08.25-05.11.24:313][795]LogOnline:Warning: Unknown or unsupported data type from Steam key data vi 536870986 -1
[2016.08.25-05.11.24:313][795]LogOnline:Warning: STEAM: Failed to parse setting from key vi 536870986 value -1
[2016.08.25-05.11.24:313][795]LogOnline:Warning: Unknown or unsupported data type from Steam key data vi 536870987 -1
[2016.08.25-05.11.24:313][795]LogOnline:Warning: STEAM: Failed to parse setting from key vi 536870987 value -1
[2016.08.25-05.11.24:313][795]LogOnline:Warning: Unknown or unsupported data type from Steam key data vi 8 4
[2016.08.25-05.11.24:313][795]LogOnline:Warning: STEAM: Failed to parse setting from key vi 8 value 4
[2016.08.25-05.11.24:313][795]LogOnline:Warning: Unknown or unsupported data type from Steam key data vs 536870981 MacMuffens
[2016.08.25-05.11.24:313][795]LogOnline:Warning: STEAM: Failed to parse setting from key vs 536870981 value MacMuffens
[2016.08.25-05.11.24:313][795]LogOnline:Warning: Unknown or unsupported data type from Steam key data vs 536870982 ?I?????C?? ?~?b?V???????[?h
[2016.08.25-05.11.24:313][795]LogOnline:Warning: STEAM: Failed to parse setting from key vs 536870982 value ?I?????C?? ?~?b?V???????[?h
[2016.08.25-05.11.24:313][795]LogOnline:Warning: Unknown or unsupported data type from Steam key data vs 536870983 Online Mission Mode
[2016.08.25-05.11.24:313][795]LogOnline:Warning: STEAM: Failed to parse setting from key vs 536870983 value Online Mission Mode
[2016.08.25-05.11.24:313][795]LogOnline:Warning: Unknown or unsupported data type from Steam key data vs 536870984 KillaSquad
[2016.08.25-05.11.24:313][795]LogOnline:Warning: STEAM: Failed to parse setting from key vs 536870984 value KillaSquad
[2016.08.25-05.11.24:313][795]LogOnline:Warning: STEAM: Unable to parse search result for lobby 'Lobby [0x186000097D6D5F6]'
[2016.08.25-05.11.24:314][795]LogOnline:Warning: Unknown or unsupported data type from Steam key data currentmembers 3
[2016.08.25-05.11.24:314][795]LogOnline:Warning: STEAM: Failed to parse setting from key currentmembers value 3
[2016.08.25-05.11.24:314][795]LogOnline:Warning: Unknown or unsupported data type from Steam key data guid 235e5a31-c8b2-42a4-89a5-66f529734250
[2016.08.25-05.11.24:314][795]LogOnline:Warning: STEAM: Failed to parse setting from key guid value 235e5a31-c8b2-42a4-89a5-66f529734250
[2016.08.25-05.11.24:314][795]LogOnline:Warning: Unknown or unsupported data type from Steam key data name Forest (StormStopper)
[2016.08.25-05.11.24:314][795]LogOnline:Warning: STEAM: Failed to parse setting from key name value Forest (StormStopper)
[2016.08.25-05.11.24:314][795]LogOnline:Warning: Unknown or unsupported data type from Steam key data __gameserverIP 0
[2016.08.25-05.11.24:314][795]LogOnline:Warning: STEAM: Failed to parse setting from key __gameserverIP value 0
[2016.08.25-05.11.24:314][795]LogOnline:Warning: Unknown or unsupported data type from Steam key data __gameserverPort 0
[2016.08.25-05.11.24:314][795]LogOnline:Warning: STEAM: Failed to parse setting from key __gameserverPort value 0
[2016.08.25-05.11.24:314][795]LogOnline:Warning: Unknown or unsupported data type from Steam key data __gameserverSteamID 90103442644788226
[2016.08.25-05.11.24:314][795]LogOnline:Warning: STEAM: Failed to parse setting from key __gameserverSteamID value 90103442644788226
[2016.08.25-05.11.24:314][795]LogOnline:Warning: STEAM: Unable to parse search result for lobby 'Lobby [0x186000097D625D2]'
[2016.08.25-05.11.25:886][892]LogOnline:Warning: STEAM: Can't destroy a null online session (Game)
[2016.08.25-05.11.27:031][963]LogOnline:Warning: STEAM: Can't destroy a null online session (Game)
[2016.08.25-05.11.31:410][234]LogInit: WinSock: I am Matthew (192.168.0.5:0)
[2016.08.25-05.11.35:323][477]LogOnline:Warning: STEAM: Ignoring game search request while one is pending
[2016.08.25-05.11.38:340][665]LogOnline:Warning: Unknown or unsupported data type from Steam key data 0 0
[2016.08.25-05.11.38:340][665]LogOnline:Warning: STEAM: Failed to parse setting from key 0 value 0
[2016.08.25-05.11.38:340][665]LogOnline:Warning: Unknown or unsupported data type from Steam key data AppVersion 2.1
[2016.08.25-05.11.38:340][665]LogOnline:Warning: STEAM: Failed to parse setting from key AppVersion value 2.1
[2016.08.25-05.11.38:340][665]LogOnline:Warning: Unknown or unsupported data type from Steam key data GameMode TheHidden
[2016.08.25-05.11.38:340][665]LogOnline:Warning: STEAM: Failed to parse setting from key GameMode value TheHidden
[2016.08.25-05.11.38:340][665]LogOnline:Warning: Unknown or unsupported data type from Steam key data LobbyName Testing 123
[2016.08.25-05.11.38:340][665]LogOnline:Warning: STEAM: Failed to parse setting from key LobbyName value Testing 123
[2016.08.25-05.11.38:340][665]LogOnline:Warning: Unknown or unsupported data type from Steam key data MapID Lvl_200
[2016.08.25-05.11.38:340][665]LogOnline:Warning: STEAM: Failed to parse setting from key MapID value Lvl_200
[2016.08.25-05.11.38:341][665]LogOnline:Warning: Unknown or unsupported data type from Steam key data NumHiddenRounds 10
[2016.08.25-05.11.38:341][665]LogOnline:Warning: STEAM: Failed to parse setting from key NumHiddenRounds value 10
[2016.08.25-05.11.38:341][665]LogOnline:Warning: Unknown or unsupported data type from Steam key data NumRounds 7
[2016.08.25-05.11.38:341][665]LogOnline:Warning: STEAM: Failed to parse setting from key NumRounds value 7
[2016.08.25-05.11.38:341][665]LogOnline:Warning: Unknown or unsupported data type from Steam key data PrepTime 5
[2016.08.25-05.11.38:341][665]LogOnline:Warning: STEAM: Failed to parse setting from key PrepTime value 5
[2016.08.25-05.11.38:341][665]LogOnline:Warning: Unknown or unsupported data type from Steam key data private 0
[2016.08.25-05.11.38:341][665]LogOnline:Warning: STEAM: Failed to parse setting from key private value 0
[2016.08.25-05.11.38:341][665]LogOnline:Warning: Unknown or unsupported data type from Steam key data RoundTime 240
[2016.08.25-05.11.38:341][665]LogOnline:Warning: STEAM: Failed to parse setting from key RoundTime value 240
[2016.08.25-05.11.38:341][665]LogOnline:Warning: Unknown or unsupported data type from Steam key data TeamAttack True
[2016.08.25-05.11.38:341][665]LogOnline:Warning: STEAM: Failed to parse setting from key TeamAttack value True
[2016.08.25-05.11.38:341][665]LogOnline:Warning: STEAM: Unable to parse search result for lobby 'Lobby [0x186000097D5CAEE]'
[2016.08.25-05.11.38:341][665]LogOnline:Warning: Unknown or unsupported data type from Steam key data avatar_mask 13
[2016.08.25-05.11.38:341][665]LogOnline:Warning: STEAM: Failed to parse setting from key avatar_mask value 13
[2016.08.25-05.11.38:341][665]LogOnline:Warning: Unknown or unsupported data type from Steam key data build_engine_hash 19954
[2016.08.25-05.11.38:341][665]LogOnline:Warning: STEAM: Failed to parse setting from key build_engine_hash value 19954
[2016.08.25-05.11.38:341][665]LogOnline:Warning: Unknown or unsupported data type from Steam key data build_game_hash 7f5cbb643982
[2016.08.25-05.11.38:341][665]LogOnline:Warning: STEAM: Failed to parse setting from key build_game_hash value 7f5cbb643982
[2016.08.25-05.11.38:342][665]LogOnline:Warning: Unknown or unsupported data type from Steam key data difficulty medium
[2016.08.25-05.11.38:342][665]LogOnline:Warning: STEAM: Failed to parse setting from key difficulty value medium
[2016.08.25-05.11.38:342][665]LogOnline:Warning: Unknown or unsupported data type from Steam key data gamespeed normal
[2016.08.25-05.11.38:342][665]LogOnline:Warning: STEAM: Failed to parse setting from key gamespeed value normal
[2016.08.25-05.11.38:342][665]LogOnline:Warning: Unknown or unsupported data type from Steam key data game_type game_campaign
[2016.08.25-05.11.38:342][665]LogOnline:Warning: STEAM: Failed to parse setting from key game_type value game_campaign
[2016.08.25-05.11.38:342][665]LogOnline:Warning: Unknown or unsupported data type from Steam key data joinable true
[2016.08.25-05.11.38:342][665]LogOnline:Warning: STEAM: Failed to parse setting from key joinable value true
[2016.08.25-05.11.38:342][665]LogOnline:Warning: Unknown or unsupported data type from Steam key data name Classic Momo
[2016.08.25-05.11.38:342][665]LogOnline:Warning: STEAM: Failed to parse setting from key name value Classic Momo
[2016.08.25-05.11.38:342][665]LogOnline:Warning: Unknown or unsupported data type from Steam key data players_count 3
[2016.08.25-05.11.38:342][665]LogOnline:Warning: STEAM: Failed to parse setting from key players_count value 3
[2016.08.25-05.11.38:342][665]LogOnline:Warning: Unknown or unsupported data type from Steam key data visibility public
[2016.08.25-05.11.38:342][665]LogOnline:Warning: STEAM: Failed to parse setting from key visibility value public
[2016.08.25-05.11.38:342][665]LogOnline:Warning: Unknown or unsupported data type from Steam key data __gameserverIP 0
[2016.08.25-05.11.38:342][665]LogOnline:Warning: STEAM: Failed to parse setting from key __gameserverIP value 0
[2016.08.25-05.11.38:342][665]LogOnline:Warning: Unknown or unsupported data type from Steam key data __gameserverPort 0
[2016.08.25-05.11.38:342][665]LogOnline:Warning: STEAM: Failed to parse setting from key __gameserverPort value 0
[2016.08.25-05.11.38:342][665]LogOnline:Warning: Unknown or unsupported data type from Steam key data __gameserverSteamID 76561198095818737
[2016.08.25-05.11.38:342][665]LogOnline:Warning: STEAM: Failed to parse setting from key __gameserverSteamID value 76561198095818737
[2016.08.25-05.11.38:342][665]LogOnline:Warning: STEAM: Unable to parse search result for lobby 'Lobby [0x186000097D70776]'
[2016.08.25-05.11.38:342][665]LogOnline:Warning: STEAM: Unable to parse search result for lobby 'Lobby [0x186000097D6A76A]'
[2016.08.25-05.11.38:344][665]LogOnline:Warning: STEAM: Removed incompatible build: ServerBuildUniqueId = 0x3951e005, GetBuildUniqueId() = 0x24675aac
[2016.08.25-05.11.38:344][665]LogOnline:Warning: STEAM: Unable to parse search result for lobby 'Lobby [0x186000097D5F707]'
[2016.08.25-05.11.38:344][665]LogOnline:Warning: Unknown or unsupported data type from Steam key data cname EN
[2016.08.25-05.11.38:344][665]LogOnline:Warning: STEAM: Failed to parse setting from key cname value EN
[2016.08.25-05.11.38:344][665]LogOnline:Warning: Unknown or unsupported data type from Steam key data created_by_mp_steam_controller 1
[2016.08.25-05.11.38:344][665]LogOnline:Warning: STEAM: Failed to parse setting from key created_by_mp_steam_controller value 1
[2016.08.25-05.11.38:344][665]LogOnline:Warning: Unknown or unsupported data type from Steam key data Platform WIN
[2016.08.25-05.11.38:344][665]LogOnline:Warning: STEAM: Failed to parse setting from key Platform value WIN
[2016.08.25-05.11.38:344][665]LogOnline:Warning: Unknown or unsupported data type from Steam key data type 05EN
[2016.08.25-05.11.38:344][665]LogOnline:Warning: STEAM: Failed to parse setting from key type value 05EN
[2016.08.25-05.11.38:344][665]LogOnline:Warning: STEAM: Unable to parse search result for lobby 'Lobby [0x186000097D39D56]'
[2016.08.25-05.11.38:344][665]LogOnline:Warning: Unknown or unsupported data type from Steam key data chat_enable 0
[2016.08.25-05.11.38:344][665]LogOnline:Warning: STEAM: Failed to parse setting from key chat_enable value 0
[2016.08.25-05.11.38:344][665]LogOnline:Warning: Unknown or unsupported data type from Steam key data game_mode 0
[2016.08.25-05.11.38:344][665]LogOnline:Warning: STEAM: Failed to parse setting from key game_mode value 0
[2016.08.25-05.11.38:344][665]LogOnline:Warning: Unknown or unsupported data type from Steam key data open_public 2
[2016.08.25-05.11.38:344][665]LogOnline:Warning: STEAM: Failed to parse setting from key open_public value 2
[2016.08.25-05.11.38:345][665]LogOnline:Warning: Unknown or unsupported data type from Steam key data seach 1
[2016.08.25-05.11.38:345][665]LogOnline:Warning: STEAM: Failed to parse setting from key seach value 1
[2016.08.25-05.11.38:345][665]LogOnline:Warning: Unknown or unsupported data type from Steam key data ugc_enable 1
[2016.08.25-05.11.38:345][665]LogOnline:Warning: STEAM: Failed to parse setting from key ugc_enable value 1
[2016.08.25-05.11.38:345][665]LogOnline:Warning: Unknown or unsupported data type from Steam key data vi 1 0
[2016.08.25-05.11.38:345][665]LogOnline:Warning: STEAM: Failed to parse setting from key vi 1 value 0
[2016.08.25-05.11.38:345][665]LogOnline:Warning: Unknown or unsupported data type from Steam key data vi 2 0
[2016.08.25-05.11.38:345][665]LogOnline:Warning: STEAM: Failed to parse setting from key vi 2 value 0
[2016.08.25-05.11.38:345][665]LogOnline:Warning: Unknown or unsupported data type from Steam key data vi 268435563 56
[2016.08.25-05.11.38:345][665]LogOnline:Warning: STEAM: Failed to parse setting from key vi 268435563 value 56
[2016.08.25-05.11.38:345][665]LogOnline:Warning: Unknown or unsupported data type from Steam key data vi 268435564 1
[2016.08.25-05.11.38:345][665]LogOnline:Warning: STEAM: Failed to parse setting from key vi 268435564 value 1
[2016.08.25-05.11.38:345][665]LogOnline:Warning: Unknown or unsupported data type from Steam key data vi 268435565 4
[2016.08.25-05.11.38:345][665]LogOnline:Warning: STEAM: Failed to parse setting from key vi 268435565 value 4
[2016.08.25-05.11.38:345][665]LogOnline:Warning: Unknown or unsupported data type from Steam key data vi 268435567 1
[2016.08.25-05.11.38:345][665]LogOnline:Warning: STEAM: Failed to parse setting from key vi 268435567 value 1
[2016.08.25-05.11.38:345][665]LogOnline:Warning: Unknown or unsupported data type from Steam key data vi 268435568 1
[2016.08.25-05.11.38:345][665]LogOnline:Warning: STEAM: Failed to parse setting from key vi 268435568 value 1
[2016.08.25-05.11.38:345][665]LogOnline:Warning: Unknown or unsupported data type from Steam key data vi 268435571 1
[2016.08.25-05.11.38:345][665]LogOnline:Warning: STEAM: Failed to parse setting from key vi 268435571 value 1
[2016.08.25-05.11.38:345][665]LogOnline:Warning: Unknown or unsupported data type from Steam key data vi 268435572 1
[2016.08.25-05.11.38:345][665]LogOnline:Warning: STEAM: Failed to parse setting from key vi 268435572 value 1
[2016.08.25-05.11.38:345][665]LogOnline:Warning: Unknown or unsupported data type from Steam key data vi 268435573 0
[2016.08.25-05.11.38:345][665]LogOnline:Warning: STEAM: Failed to parse setting from key vi 268435573 value 0
[2016.08.25-05.11.38:345][665]LogOnline:Warning: Unknown or unsupported data type from Steam key data vi 4 56
[2016.08.25-05.11.38:345][665]LogOnline:Warning: STEAM: Failed to parse setting from key vi 4 value 56
[2016.08.25-05.11.38:345][665]LogOnline:Warning: Unknown or unsupported data type from Steam key data vi 536870986 -1
[2016.08.25-05.11.38:345][665]LogOnline:Warning: STEAM: Failed to parse setting from key vi 536870986 value -1
[2016.08.25-05.11.38:345][665]LogOnline:Warning: Unknown or unsupported data type from Steam key data vi 536870987 -1
[2016.08.25-05.11.38:345][665]LogOnline:Warning: STEAM: Failed to parse setting from key vi 536870987 value -1
[2016.08.25-05.11.38:345][665]LogOnline:Warning: Unknown or unsupported data type from Steam key data vi 8 4
[2016.08.25-05.11.38:345][665]LogOnline:Warning: STEAM: Failed to parse setting from key vi 8 value 4
[2016.08.25-05.11.38:345][665]LogOnline:Warning: Unknown or unsupported data type from Steam key data vs 536870981 MacMuffens
[2016.08.25-05.11.38:345][665]LogOnline:Warning: STEAM: Failed to parse setting from key vs 536870981 value MacMuffens
[2016.08.25-05.11.38:346][665]LogOnline:Warning: Unknown or unsupported data type from Steam key data vs 536870982 ?I?????C?? ?~?b?V???????[?h
[2016.08.25-05.11.38:346][665]LogOnline:Warning: STEAM: Failed to parse setting from key vs 536870982 value ?I?????C?? ?~?b?V???????[?h
[2016.08.25-05.11.38:346][665]LogOnline:Warning: Unknown or unsupported data type from Steam key data vs 536870983 Online Mission Mode
[2016.08.25-05.11.38:346][665]LogOnline:Warning: STEAM: Failed to parse setting from key vs 536870983 value Online Mission Mode
[2016.08.25-05.11.38:346][665]LogOnline:Warning: Unknown or unsupported data type from Steam key data vs 536870984 KillaSquad
[2016.08.25-05.11.38:346][665]LogOnline:Warning: STEAM: Failed to parse setting from key vs 536870984 value KillaSquad
[2016.08.25-05.11.38:346][665]LogOnline:Warning: STEAM: Unable to parse search result for lobby 'Lobby [0x186000097D6D5F6]'
[2016.08.25-05.11.38:346][665]LogOnline:Warning: Unknown or unsupported data type from Steam key data currentmembers 3
[2016.08.25-05.11.38:346][665]LogOnline:Warning: STEAM: Failed to parse setting from key currentmembers value 3
[2016.08.25-05.11.38:346][665]LogOnline:Warning: Unknown or unsupported data type from Steam key data guid 235e5a31-c8b2-42a4-89a5-66f529734250
[2016.08.25-05.11.38:346][665]LogOnline:Warning: STEAM: Failed to parse setting from key guid value 235e5a31-c8b2-42a4-89a5-66f529734250
[2016.08.25-05.11.38:346][665]LogOnline:Warning: Unknown or unsupported data type from Steam key data name Forest (StormStopper)
[2016.08.25-05.11.38:346][665]LogOnline:Warning: STEAM: Failed to parse setting from key name value Forest (StormStopper)
[2016.08.25-05.11.38:346][665]LogOnline:Warning: Unknown or unsupported data type from Steam key data __gameserverIP 0
[2016.08.25-05.11.38:346][665]LogOnline:Warning: STEAM: Failed to parse setting from key __gameserverIP value 0
[2016.08.25-05.11.38:346][665]LogOnline:Warning: Unknown or unsupported data type from Steam key data __gameserverPort 0
[2016.08.25-05.11.38:346][665]LogOnline:Warning: STEAM: Failed to parse setting from key __gameserverPort value 0
[2016.08.25-05.11.38:346][665]LogOnline:Warning: Unknown or unsupported data type from Steam key data __gameserverSteamID 90103442644788226
[2016.08.25-05.11.38:346][665]LogOnline:Warning: STEAM: Failed to parse setting from key __gameserverSteamID value 90103442644788226
[2016.08.25-05.11.38:346][665]LogOnline:Warning: STEAM: Unable to parse search result for lobby 'Lobby [0x186000097D625D2]'
[2016.08.25-05.11.41:287][840]LogWindowsTextInputMethodSystem:Display: IME system now deactivated.
[2016.08.25-05.11.41:291][840]LogEngine: All Windows Closed
[2016.08.25-05.11.41:291][840]LogWindows: FPlatformMisc::RequestExit(0)
[2016.08.25-05.11.41:291][841]LogMoviePlayer: Shutting down movie player
[2016.08.25-05.11.42:235][841]LogExit: Preparing to exit.
[2016.08.25-05.11.43:091][841]LogExit: Game engine shut down
[2016.08.25-05.11.43:296][841]LogObj: Freed 0b from 0 cluster array pools.
[2016.08.25-05.11.43:296][841]LogExit: Object subsystem successfully closed.
[2016.08.25-05.11.43:311][841]LogD3D11RHI: Shutdown
[2016.08.25-05.11.43:311][841]LogD3D11RHI: CleanupD3DDevice
[2016.08.25-05.11.43:354][841]LogD3D11RHI: ~FD3D11DynamicRHI
[2016.08.25-05.11.43:361][841]LogModuleManager: Shutting down and abandoning module SequenceRecorderSections (114)
[2016.08.25-05.11.43:361][841]LogModuleManager: Shutting down and abandoning module SequenceRecorder (113)
[2016.08.25-05.11.43:361][841]LogModuleManager: Shutting down and abandoning module AutomationController (112)
[2016.08.25-05.11.43:361][841]LogModuleManager: Shutting down and abandoning module AutomationWorker (111)
[2016.08.25-05.11.43:361][841]LogModuleManager: Shutting down and abandoning module CharacterAI (110)
[2016.08.25-05.11.43:361][841]LogModuleManager: Shutting down and abandoning module SessionServices (109)
[2016.08.25-05.11.43:361][841]LogModuleManager: Shutting down and abandoning module GameplayDebugger (108)
[2016.08.25-05.11.43:361][841]LogModuleManager: Shutting down and abandoning module AITestSuite (107)
[2016.08.25-05.11.43:361][841]LogModuleManager: Shutting down and abandoning module AIModule (106)
[2016.08.25-05.11.43:361][841]LogModuleManager: Shutting down and abandoning module MovieSceneCapture (105)
[2016.08.25-05.11.43:361][841]LogModuleManager: Shutting down and abandoning module StreamingPauseRendering (104)
[2016.08.25-05.11.43:361][841]LogModuleManager: Shutting down and abandoning module PortalServices (103)
[2016.08.25-05.11.43:361][841]LogModuleManager: Shutting down and abandoning module PortalRpc (102)
[2016.08.25-05.11.43:361][841]LogModuleManager: Shutting down and abandoning module MessagingRpc (101)
[2016.08.25-05.11.43:361][841]LogModuleManager: Shutting down and abandoning module ProfilerService (100)
[2016.08.25-05.11.43:441][841]LogModuleManager: Shutting down and abandoning module TaskGraph (99)
[2016.08.25-05.11.43:442][841]LogModuleManager: Shutting down and abandoning module SlateRemote (98)
[2016.08.25-05.11.43:442][841]LogModuleManager: Shutting down and abandoning module SteamVRController (97)
[2016.08.25-05.11.43:442][841]LogModuleManager: Shutting down and abandoning module SteamVR (96)
[2016.08.25-05.11.43:442][841]LogModuleManager: Shutting down and abandoning module ProceduralMeshComponent (95)
[2016.08.25-05.11.43:442][841]LogModuleManager: Shutting down and abandoning module OculusLibrary (94)
[2016.08.25-05.11.43:442][841]LogModuleManager: Shutting down and abandoning module OculusInput (93)
[2016.08.25-05.11.43:442][841]LogModuleManager: Shutting down and abandoning module CustomMeshComponent (92)
[2016.08.25-05.11.43:442][841]LogModuleManager: Shutting down and abandoning module CableComponent (91)
[2016.08.25-05.11.43:442][841]LogModuleManager: Shutting down and abandoning module ArchVisCharacter (90)
[2016.08.25-05.11.43:442][841]LogModuleManager: Shutting down and abandoning module HTML5Networking (89)
[2016.08.25-05.11.43:442][841]LogModuleManager: Shutting down and abandoning module DesktopPlatform (88)
[2016.08.25-05.11.43:442][841]LogModuleManager: Shutting down and abandoning module DirectoryWatcher (87)
[2016.08.25-05.11.43:442][841]LogModuleManager: Shutting down and abandoning module HotReload (86)
[2016.08.25-05.11.43:443][841]LogModuleManager: Shutting down and abandoning module VisualStudioSourceCodeAccess (85)
[2016.08.25-05.11.43:443][841]LogModuleManager: Shutting down and abandoning module UObjectPlugin (84)
[2016.08.25-05.11.43:443][841]LogModuleManager: Shutting down and abandoning module SubversionSourceControl (83)
[2016.08.25-05.11.43:443][841]LogModuleManager: Shutting down and abandoning module SourceControl (82)
[2016.08.25-05.11.43:443][841]LogModuleManager: Shutting down and abandoning module PerforceSourceControl (81)
[2016.08.25-05.11.43:443][841]LogModuleManager: Shutting down and abandoning module UdpMessaging (80)
[2016.08.25-05.11.43:543][841]LogModuleManager: Shutting down and abandoning module LowEntryExtendedStandardLibrary (79)
[2016.08.25-05.11.43:543][841]LogModuleManager: Shutting down and abandoning module LightPropagationVolumeRuntime (78)
[2016.08.25-05.11.43:543][841]LogModuleManager: Shutting down and abandoning module Paper2D (77)
[2016.08.25-05.11.43:543][841]LogModuleManager: Shutting down and abandoning module WindowsMoviePlayer (76)
[2016.08.25-05.11.43:543][841]LogModuleManager: Shutting down and abandoning module Media (75)
[2016.08.25-05.11.43:543][841]LogModuleManager: Shutting down and abandoning module WmfMedia (74)
[2016.08.25-05.11.43:543][841]LogModuleManager: Shutting down and abandoning module MediaAssets (73)
[2016.08.25-05.11.43:543][841]LogModuleManager: Shutting down and abandoning module GameLiveStreaming (72)
[2016.08.25-05.11.43:543][841]LogModuleManager: Shutting down and abandoning module GameplayTagsEditor (71)
[2016.08.25-05.11.43:543][841]LogModuleManager: Shutting down and abandoning module OnlineBlueprintSupport (70)
[2016.08.25-05.11.43:543][841]LogModuleManager: Shutting down and abandoning module VREditor (69)
[2016.08.25-05.11.43:543][841]LogModuleManager: Shutting down and abandoning module GameplayTasksEditor (68)
[2016.08.25-05.11.43:543][841]LogModuleManager: Shutting down and abandoning module PropertyEditor (67)
[2016.08.25-05.11.43:543][841]LogModuleManager: Shutting down and abandoning module BehaviorTreeEditor (66)
[2016.08.25-05.11.43:543][841]LogModuleManager: Shutting down and abandoning module FunctionalTesting (65)
[2016.08.25-05.11.43:543][841]LogModuleManager: Shutting down and abandoning module CollisionAnalyzer (64)
[2016.08.25-05.11.43:544][841]LogModuleManager: Shutting down and abandoning module Sequencer (63)
[2016.08.25-05.11.43:544][841]LogModuleManager: Shutting down and abandoning module WorkspaceMenuStructure (62)
[2016.08.25-05.11.43:544][841]LogModuleManager: Shutting down and abandoning module MessageLog (61)
[2016.08.25-05.11.43:544][841]LogModuleManager: Shutting down and abandoning module AssetTools (60)
[2016.08.25-05.11.43:544][841]LogModuleManager: Shutting down and abandoning module UMGEditor (59)
[2016.08.25-05.11.43:544][841]LogModuleManager: Shutting down and abandoning module UMG (58)
[2016.08.25-05.11.43:544][841]LogModuleManager: Shutting down and abandoning module SlateReflector (57)
[2016.08.25-05.11.43:544][841]LogModuleManager: Shutting down and abandoning module Slate (56)
[2016.08.25-05.11.43:544][841]LogModuleManager: Shutting down and abandoning module EditorStyle (55)
[2016.08.25-05.11.43:546][841]LogModuleManager: Shutting down and abandoning module Messaging (54)
[2016.08.25-05.11.43:546][841]LogModuleManager: Shutting down and abandoning module SourceCodeAccess (53)
[2016.08.25-05.11.43:546][841]LogModuleManager: Shutting down and abandoning module HeadMountedDisplay (52)
[2016.08.25-05.11.43:546][841]LogModuleManager: Shutting down and abandoning module XAudio2 (51)
[2016.08.25-05.11.43:546][841]LogModuleManager: Shutting down and abandoning module Networking (50)
[2016.08.25-05.11.43:546][841]LogModuleManager: Shutting down and abandoning module Core (49)
[2016.08.25-05.11.43:546][841]LogModuleManager: Shutting down and abandoning module KismetCompiler (48)
[2016.08.25-05.11.43:546][841]LogModuleManager: Shutting down and abandoning module PhysXFormats (47)
[2016.08.25-05.11.43:546][841]LogModuleManager: Shutting down and abandoning module MeshUtilities (46)
[2016.08.25-05.11.43:546][841]LogModuleManager: Shutting down and abandoning module AssetRegistry (45)
[2016.08.25-05.11.43:546][841]LogModuleManager: Shutting down and abandoning module DerivedDataCache (44)
[2016.08.25-05.11.43:898][841]LogDerivedDataCache: Shutdown
[2016.08.25-05.11.43:898][841]LogModuleManager: Shutting down and abandoning module VulkanShaderFormat (43)
[2016.08.25-05.11.43:898][841]LogModuleManager: Shutting down and abandoning module ShaderFormatOpenGL (42)
[2016.08.25-05.11.43:898][841]LogModuleManager: Shutting down and abandoning module ShaderFormatD3D (41)
[2016.08.25-05.11.43:898][841]LogModuleManager: Shutting down and abandoning module MetalShaderFormat (40)
[2016.08.25-05.11.43:898][841]LogModuleManager: Shutting down and abandoning module TextureFormatUncompressed (39)
[2016.08.25-05.11.43:898][841]LogModuleManager: Shutting down and abandoning module TextureFormatPVR (38)
[2016.08.25-05.11.43:898][841]LogModuleManager: Shutting down and abandoning module TextureFormatIntelISPCTexComp (37)
[2016.08.25-05.11.43:898][841]LogModuleManager: Shutting down and abandoning module TextureFormatDXT (36)
[2016.08.25-05.11.43:898][841]LogModuleManager: Shutting down and abandoning module ImageWrapper (35)
[2016.08.25-05.11.43:898][841]LogModuleManager: Shutting down and abandoning module TextureFormatASTC (34)
[2016.08.25-05.11.43:898][841]LogModuleManager: Shutting down and abandoning module TextureFormatAndroid (33)
[2016.08.25-05.11.43:898][841]LogModuleManager: Shutting down and abandoning module AudioFormatOpus (32)
[2016.08.25-05.11.43:898][841]LogModuleManager: Shutting down and abandoning module AudioFormatOgg (31)
[2016.08.25-05.11.43:898][841]LogModuleManager: Shutting down and abandoning module AudioFormatADPCM (30)
[2016.08.25-05.11.43:898][841]LogModuleManager: Shutting down and abandoning module WindowsTargetPlatform (29)
[2016.08.25-05.11.43:898][841]LogModuleManager: Shutting down and abandoning module WindowsServerTargetPlatform (28)
[2016.08.25-05.11.43:898][841]LogModuleManager: Shutting down and abandoning module WindowsNoEditorTargetPlatform (27)
[2016.08.25-05.11.43:898][841]LogModuleManager: Shutting down and abandoning module WindowsClientTargetPlatform (26)
[2016.08.25-05.11.43:898][841]LogModuleManager: Shutting down and abandoning module TargetPlatform (25)
[2016.08.25-05.11.43:898][841]LogModuleManager: Shutting down and abandoning module InputCore (24)
[2016.08.25-05.11.43:898][841]LogModuleManager: Shutting down and abandoning module Settings (23)
[2016.08.25-05.11.43:898][841]LogModuleManager: Shutting down and abandoning module OnlineSubsystem (19)
[2016.08.25-05.11.43:898][841]LogOnline:Display: STEAM: OnlineSubsystemSteam::Shutdown()
[2016.08.25-05.11.43:924][841]LogOnline:Display: Unloading online subsystem: STEAM
[2016.08.25-05.11.43:924][841]LogOnline:Display: STEAM: OnlineSubsystemSteam::Shutdown()
[2016.08.25-05.11.43:924][841]LogModuleManager: Shutting down and abandoning module HTTP (18)
[2016.08.25-05.11.43:924][841]LogModuleManager: Shutting down and abandoning module XMPP (17)
[2016.08.25-05.11.43:924][841]LogModuleManager: Shutting down and abandoning module OculusRift (16)
[2016.08.25-05.11.43:924][841]LogModuleManager: Shutting down and abandoning module ExampleDeviceProfileSelector (15)
[2016.08.25-05.11.43:924][841]LogModuleManager: Shutting down and abandoning module TextureCompressor (14)
[2016.08.25-05.11.43:924][841]LogModuleManager: Shutting down and abandoning module ShaderCore (13)
[2016.08.25-05.11.43:924][841]LogModuleManager: Shutting down and abandoning module Landscape (12)
[2016.08.25-05.11.43:924][841]LogModuleManager: Shutting down and abandoning module SlateRHIRenderer (11)
[2016.08.25-05.11.43:925][841]LogModuleManager: Shutting down and abandoning module OpenGLDrv (10)
[2016.08.25-05.11.43:925][841]LogModuleManager: Shutting down and abandoning module D3D11RHI (9)
[2016.08.25-05.11.43:925][841]LogModuleManager: Shutting down and abandoning module AnimGraphRuntime (8)
[2016.08.25-05.11.43:925][841]LogModuleManager: Shutting down and abandoning module Renderer (7)
[2016.08.25-05.11.43:925][841]LogModuleManager: Shutting down and abandoning module Engine (6)
[2016.08.25-05.11.43:925][841]LogModuleManager: Shutting down and abandoning module CoreUObject (5)
[2016.08.25-05.11.43:925][841]LogModuleManager: Shutting down and abandoning module NetworkFile (4)
[2016.08.25-05.11.43:925][841]LogModuleManager: Shutting down and abandoning module StreamingFile (3)
[2016.08.25-05.11.43:925][841]LogModuleManager: Shutting down and abandoning module SandboxFile (2)
[2016.08.25-05.11.43:925][841]LogModuleManager: Shutting down and abandoning module PakFile (1)
[2016.08.25-05.11.43:926][841]LogExit: Exiting.
[2016.08.25-05.11.43:927][841]Log file closed, 08/24/16 22:11:43
