Log file open, 08/24/16 22:01:39
LogInit:Display: Running engine for game: MP_Steam
LogPlatformFile: Not using cached read wrapper
LogInit:Display: RandInit(2096623158) SRandInit(2096623159).
LogTaskGraph: Started task graph with 4 named threads and 5 total threads with 1 sets of task threads.
LogStats: Stats thread started at 0.072323
LogInit: Version: 4.12.5-3039270+++UE4+Release-4.12
LogInit: API Version: 2992821
LogInit: Net Version: 3039270
LogDevObjectVersion: Number of dev versions registered: 13
LogDevObjectVersion:   Dev-Blueprints (B0D832E4-1F89-4F0D-ACCF-7EB736FD4AA2): 3
LogDevObjectVersion:   Dev-Build (E1C64328-A22C-4D53-A36C-8E866417BD8C): 0
LogDevObjectVersion:   Dev-Core (375EC13C-06E4-48FB-B500-84F0262A717E): 1
LogDevObjectVersion:   Dev-Editor (E4B068ED-F494-42E9-A231-DA0B2E46BB41): 2
LogDevObjectVersion:   Dev-Framework (CFFC743F-43B0-4480-9391-14DF171D2073): 6
LogDevObjectVersion:   Dev-Mobile (B02B49B5-BB20-44E9-A304-32B752E40360): 0
LogDevObjectVersion:   Dev-Networking (A4E4105C-59A1-49B5-A7C5-40C4547EDFEE): 0
LogDevObjectVersion:   Dev-Online (39C831C9-5AE6-47DC-9A44-9C173E1C8E7C): 0
LogDevObjectVersion:   Dev-Physics (78F01B33-EBEA-4F98-B9B4-84EACCB95AA2): 0
LogDevObjectVersion:   Dev-Platform (6631380F-2D4D-43E0-8009-CF276956A95A): 0
LogDevObjectVersion:   Dev-Rendering (12F88B9F-8875-4AFC-A67C-D90C383ABD29): 2
LogDevObjectVersion:   Dev-Sequencer (7B5AE74C-D270-4C10-A958-57980B212A5A): 0
LogDevObjectVersion:   Dev-VR (D7296918-1DD6-4BDD-9DE2-64A83CC13884): 0
LogInit: Compiled (64-bit): Jul  6 2016 09:09:46
LogInit: Compiled with Visual C++: 19.00.23026.00
LogInit: Build Configuration: Development
LogInit: Branch Name: ++UE4+Release-4.12
LogInit: Command line:  
LogInit: Base directory: C:/Games/Unreal Engine/4.12/Engine/Binaries/Win64/
LogInit: Installed Engine Build: 1
LogInit: Using libcurl 7.41.0
LogInit:  - built for x86_64-pc-win32
LogInit:  - supports SSL with WinSSL
LogInit:  - other features:
LogInit:      CURL_VERSION_SSL
LogInit:      CURL_VERSION_IPV6
LogInit:      CURL_VERSION_ASYNCHDNS
LogInit:      CURL_VERSION_LARGEFILE
LogInit:      CURL_VERSION_IDN
LogInit:  CurlRequestOptions (configurable via config and command line):
LogInit:  - bVerifyPeer = true  - Libcurl will verify peer certificate
LogInit:  - bUseHttpProxy = false  - Libcurl will NOT use HTTP proxy
LogInit:  - bDontReuseConnections = false  - Libcurl will reuse connections
LogInit:  - CertBundlePath = nullptr  - Libcurl will use whatever was configured at build time.
LogOnline:Display: STEAM: Loading Steam SDK 1.32
LogOnline:Warning: STEAM: Steam API disabled!
LogOnline:Display: STEAM: OnlineSubsystemSteam::Shutdown()
LogInit: WinSock: version 1.1 (2.2), MaxSocks=32767, MaxUdp=65467
LogVoice:Warning: Failed to initialize voice interface
LogInit: Presizing for max 8388607 objects, including 0 objects not considered by GC, pre-allocating 0 bytes for permanent pool.
LogInit: Object subsystem initialized
[2016.08.25-05.01.39:405][  0]LogInit: Selected Device Profile: [Windows]
[2016.08.25-05.01.39:405][  0]LogInit: Applying CVar settings loaded from the selected device profile: [Windows]
[2016.08.25-05.01.39:469][  0]LogInit: Computer: MATTHEW
[2016.08.25-05.01.39:469][  0]LogInit: User: MatthewClaflin
[2016.08.25-05.01.39:469][  0]LogInit: CPU Page size=65536, Cores=2
[2016.08.25-05.01.39:469][  0]LogInit: High frequency timer resolution =2.435774 MHz
[2016.08.25-05.01.39:469][  0]LogMemory: Memory total: Physical=7.9GB (8GB approx)
[2016.08.25-05.01.39:469][  0]LogMemory: Platform Memory Stats for Windows
[2016.08.25-05.01.39:469][  0]LogMemory: Process Physical Memory: 191.53 MB used, 191.53 MB peak
[2016.08.25-05.01.39:469][  0]LogMemory: Process Virtual Memory: 195.24 MB used, 195.24 MB peak
[2016.08.25-05.01.39:469][  0]LogMemory: Physical Memory: 5214.95 MB used, 8116.09 MB total
[2016.08.25-05.01.39:469][  0]LogMemory: Virtual Memory: 556.06 MB used, 134217728.00 MB total
[2016.08.25-05.01.39:961][  0]LogTextLocalizationManager: No specific translations for ('en-US') exist, so ('en') translations will be used.
[2016.08.25-05.01.40:463][  0]LogD3D11RHI: D3D11 adapters:
[2016.08.25-05.01.40:495][  0]LogD3D11RHI:    0. 'NVIDIA GeForce GTX 770M ' (Feature Level 11_0)
[2016.08.25-05.01.40:495][  0]LogD3D11RHI:       3007/0/4058 MB DedicatedVideo/DedicatedSystem/SharedSystem, Outputs:1, VendorId:0x10de
[2016.08.25-05.01.40:500][  0]LogD3D11RHI:    1. 'Intel(R) HD Graphics 4600' (Feature Level 11_0)
[2016.08.25-05.01.40:500][  0]LogD3D11RHI:       112/0/4058 MB DedicatedVideo/DedicatedSystem/SharedSystem, Outputs:0, VendorId:0x8086
[2016.08.25-05.01.40:502][  0]LogD3D11RHI:    2. 'Microsoft Basic Render Driver' (Feature Level 11_0)
[2016.08.25-05.01.40:502][  0]LogD3D11RHI:       0/0/4058 MB DedicatedVideo/DedicatedSystem/SharedSystem, Outputs:0, VendorId:0x1414
[2016.08.25-05.01.40:502][  0]LogD3D11RHI: Chosen D3D11 Adapter: 0
[2016.08.25-05.01.40:542][  0]LogD3D11RHI: Creating new Direct3DDevice
[2016.08.25-05.01.40:543][  0]LogD3D11RHI:     GPU DeviceId: 0x11e0 (for the marketing name, search the web for "GPU Device Id")
[2016.08.25-05.01.40:543][  0]LogWindows: EnumDisplayDevices:
[2016.08.25-05.01.40:543][  0]LogWindows:    0. 'Intel(R) HD Graphics 4600' (P:1 D:1)
[2016.08.25-05.01.40:543][  0]LogWindows:    1. 'Intel(R) HD Graphics 4600' (P:0 D:0)
[2016.08.25-05.01.40:543][  0]LogWindows:    2. 'Intel(R) HD Graphics 4600' (P:0 D:0)
[2016.08.25-05.01.40:544][  0]LogWindows:    3. 'NVIDIA GeForce GTX 770M ' (P:0 D:0)
[2016.08.25-05.01.40:544][  0]LogWindows: DebugString: PrimaryIsNotTheChoosenAdapter PrimaryIsNotTheChoosenAdapter PrimaryIsNotTheChoosenAdapter 
[2016.08.25-05.01.40:544][  0]LogD3D11RHI:     Adapter Name: NVIDIA GeForce GTX 770M 
[2016.08.25-05.01.40:544][  0]LogD3D11RHI:   Driver Version: 365.10 (internal:10.18.13.6510, unified:365.10)
[2016.08.25-05.01.40:544][  0]LogD3D11RHI:      Driver Date: 4-27-2016
[2016.08.25-05.01.40:545][  0]LogRHI: Texture pool is 1361 MB (70% of 1945 MB)
[2016.08.25-05.01.40:564][  0]LogD3D11RHI: Async texture creation enabled
[2016.08.25-05.01.40:577][  0]LogD3D11RHI: GPU Timing Frequency: 1000.000000 (Debug: 2 1)
[2016.08.25-05.01.40:577][  0]LogShaderCompilers: Guid format shader working directory is -26 characters bigger than the processId version (../../../../../../Users/MatthewClaflin/Documents/Unreal Projects/MP_Steam/Intermediate/Shaders/WorkingDirectory/159048/).
[2016.08.25-05.01.40:578][  0]LogShaderCompilers: Cleaned the shader compiler working directory 'C:/Users/MATTHE~1/AppData/Local/Temp/UnrealShaderWorkingDir/A581EF13450CFB6D216A4FBA1B93EA03/'.
[2016.08.25-05.01.40:578][  0]LogShaderCompilers:Display: Using Local Shader Compiler.
[2016.08.25-05.01.43:913][  0]LogTemp:Display: Loaded TP AllDesktopTargetPlatform
[2016.08.25-05.01.43:929][  0]LogTemp:Display: Loaded TP WindowsClientTargetPlatform
[2016.08.25-05.01.43:941][  0]LogTemp:Display: Loaded TP WindowsNoEditorTargetPlatform
[2016.08.25-05.01.43:951][  0]LogTemp:Display: Loaded TP WindowsServerTargetPlatform
[2016.08.25-05.01.43:960][  0]LogTemp:Display: Loaded TP WindowsTargetPlatform
[2016.08.25-05.01.43:971][  0]LogTemp:Display: Loaded TP AndroidTargetPlatform
[2016.08.25-05.01.43:980][  0]LogTemp:Display: Loaded TP Android_ASTCTargetPlatform
[2016.08.25-05.01.43:988][  0]LogTemp:Display: Loaded TP Android_ATCTargetPlatform
[2016.08.25-05.01.43:996][  0]LogTemp:Display: Loaded TP Android_DXTTargetPlatform
[2016.08.25-05.01.44:004][  0]LogTemp:Display: Loaded TP Android_ETC1TargetPlatform
[2016.08.25-05.01.44:013][  0]LogTemp:Display: Loaded TP Android_ETC2TargetPlatform
[2016.08.25-05.01.44:029][  0]LogTemp:Display: Loaded TP Android_MultiTargetPlatform
[2016.08.25-05.01.44:029][  0]LogTemp:Display: Loaded TP Android_PVRTCTargetPlatform
[2016.08.25-05.01.44:030][  0]LogTemp:Display: Loaded TP HTML5TargetPlatform
[2016.08.25-05.01.44:055][  0]LogTemp:Display: Loaded TP IOSTargetPlatform
[2016.08.25-05.01.44:077][  0]LogTemp:Display: Loaded TP TVOSTargetPlatform
[2016.08.25-05.01.44:085][  0]LogTemp:Display: Loaded TP LinuxNoEditorTargetPlatform
[2016.08.25-05.01.44:093][  0]LogTemp:Display: Loaded TP LinuxServerTargetPlatform
[2016.08.25-05.01.44:143][  0]LogTemp:Display: Loaded TP LinuxTargetPlatform
[2016.08.25-05.01.44:143][  0]LogTargetPlatformManager:Display: Building Assets For Windows
[2016.08.25-05.01.44:220][  0]LogDerivedDataCache:Display: Max Cache Size: 512 MB
[2016.08.25-05.01.44:275][  0]LogDerivedDataCache: Loaded boot cache 0.06s 48MB C:/Users/MatthewClaflin/AppData/Local/UnrealEngine/4.12/DerivedDataCache/Boot.ddc.
[2016.08.25-05.01.44:275][  0]LogDerivedDataCache:Display: Loaded Boot cache: C:/Users/MatthewClaflin/AppData/Local/UnrealEngine/4.12/DerivedDataCache/Boot.ddc
[2016.08.25-05.01.44:275][  0]LogDerivedDataCache: FDerivedDataBackendGraph:  Pak pak cache file ../../../../../../Users/MatthewClaflin/Documents/Unreal Projects/MP_Steam/DerivedDataCache/DDC.ddp not found, will not use a pak cache.
[2016.08.25-05.01.44:275][  0]LogDerivedDataCache: Unable to find inner node Pak for hierarchical cache Hierarchy.
[2016.08.25-05.01.44:275][  0]LogDerivedDataCache: FDerivedDataBackendGraph:  CompressedPak pak cache file ../../../../../../Users/MatthewClaflin/Documents/Unreal Projects/MP_Steam/DerivedDataCache/Compressed.ddp not found, will not use a pak cache.
[2016.08.25-05.01.44:275][  0]LogDerivedDataCache: Unable to find inner node CompressedPak for hierarchical cache Hierarchy.
[2016.08.25-05.01.44:293][  0]LogDerivedDataCache:Display: Pak cache opened for reading ../../../Engine/DerivedDataCache/Compressed.ddp.
[2016.08.25-05.01.44:306][  0]LogDerivedDataCache: Using Local data cache path C:/Users/MatthewClaflin/AppData/Local/UnrealEngine/Common/DerivedDataCache: Writable
[2016.08.25-05.01.44:506][  0]LogInit: Selected Device Profile: [Windows]
[2016.08.25-05.01.44:507][  0]LogContentStreaming: Texture pool size is 0.00 MB
[2016.08.25-05.01.44:719][  0]LogMeshUtilities: No automatic mesh reduction module available
[2016.08.25-05.01.44:719][  0]LogMeshUtilities: No automatic mesh merging module available
[2016.08.25-05.01.44:719][  0]LogMeshUtilities: No distributed automatic mesh merging module available
[2016.08.25-05.01.45:622][  0]LogAssetRegistry: FAssetRegistry took 0.0213 seconds to start up
[2016.08.25-05.01.45:675][  0]LogPackageLocalizationCache: Processed 4 localized package path(s) for 2 prioritized culture(s) in 0.049896 seconds
[2016.08.25-05.01.45:684][  0]LogUObjectArray: 28746 objects as part of root set at end of initial load.
[2016.08.25-05.01.45:684][  0]LogUObjectAllocator: 6069104 out of 0 bytes used by permanent object pool.
[2016.08.25-05.01.45:684][  0]LogUObjectArray: CloseDisregardForGC: 0/0 objects in disregard for GC pool
[2016.08.25-05.01.46:046][  0]LogSlate: SlateFontCache - WITH_FREETYPE: 1, WITH_HARFBUZZ: 1
[2016.08.25-05.01.46:046][  0]LogSlate: SlateFontCache - WITH_FREETYPE: 1, WITH_HARFBUZZ: 1
[2016.08.25-05.01.56:677][  0]LogUdpMessaging: Initializing bridge on interface 0.0.0.0:0 to multicast group 230.0.0.1:6666.
[2016.08.25-05.01.57:513][  0]SourceControl: Info Source control is disabled
[2016.08.25-05.01.57:558][  0]SourceControl: Info Source control is disabled
[2016.08.25-05.01.57:569][  0]SourceControl: Info Source control is disabled
[2016.08.25-05.01.57:577][  0]SourceControl: Info Source control is disabled
[2016.08.25-05.01.57:972][  0]LogEngine: Initializing Engine...
[2016.08.25-05.01.57:976][  0]LogHMD: SteamVR failed to initialize.  Err: 108
[2016.08.25-05.01.58:002][  0]LogHMD: SteamVR failed to initialize.  Err: 108
[2016.08.25-05.01.58:208][  0]LogAIModule: Creating AISystem for world NewWorld
[2016.08.25-05.01.58:213][  0]LogInit: XAudio2 using 'Speakers (Conexant SmartAudio HD)' : 2 channels at 48 kHz using 32 bits per sample (channel mask 0x3)
[2016.08.25-05.01.58:285][  0]LogInit: FAudioDevice initialized.
[2016.08.25-05.01.58:311][  0]LogDerivedDataCache: Saved boot cache 0.03s 48MB C:/Users/MatthewClaflin/AppData/Local/UnrealEngine/4.12/DerivedDataCache/Boot.ddc.
[2016.08.25-05.01.58:318][  0]LogInit: Texture streaming: Enabled
[2016.08.25-05.01.58:676][  0]LogInit: Transaction tracking system initialized
[2016.08.25-05.01.58:714][  0]BlueprintLog: New page: Editor Load
[2016.08.25-05.02.00:263][  0]LocalizationService: Info Localization service is disabled
[2016.08.25-05.02.01:282][  0]LogConsoleResponse:Display: 
[2016.08.25-05.02.04:923][  0]LogCook:Display: Max memory allowance for cook 8192mb
[2016.08.25-05.02.04:923][  0]LogCook:Display: Mobile HDR setting 1
[2016.08.25-05.02.05:746][  0]LogFileCache: Scanning file cache for directory 'C:/Users/MatthewClaflin/Documents/Unreal Projects/MP_Steam/Content/' took 0.02s
[2016.08.25-05.02.06:607][  0]SourceControl: Info Source control is disabled
[2016.08.25-05.02.06:607][  0]Cmd: MAP LOAD FILE="../../../../../../Users/MatthewClaflin/Documents/Unreal Projects/MP_Steam/Content/ThirdPersonBP/Maps/ThirdPersonExampleMap.umap" TEMPLATE=0 SHOWPROGRESS=1 FEATURELEVEL=3
[2016.08.25-05.02.06:782][  0]LightingResults: New page: Lighting Build
[2016.08.25-05.02.06:786][  0]MapCheck: New page: Map Check
[2016.08.25-05.02.06:786][  0]LightingResults: New page: Lighting Build
[2016.08.25-05.02.11:534][  0]LogAIModule: Creating AISystem for world ThirdPersonExampleMap
[2016.08.25-05.02.11:991][  0]LogEditorServer: Finished looking for orphan Actors (0.000 secs)
[2016.08.25-05.02.11:992][  0]Cmd: MAP CHECKDEP NOCLEARLOG
[2016.08.25-05.02.12:051][  0]MapCheck: Info Map check complete: 0 Error(s), 0 Warning(s), took 58.458ms to complete.
[2016.08.25-05.02.12:051][  0]LogFileHelpers: Loading map 'ThirdPersonExampleMap' took 5.444
[2016.08.25-05.02.12:480][  0]LogCollectionManager: Loaded 0 collections in 0.002084 seconds
[2016.08.25-05.02.12:535][  0]LogFileCache: Scanning file cache for directory 'C:/Users/MatthewClaflin/Documents/Unreal Projects/MP_Steam/Saved/Collections/' took 0.01s
[2016.08.25-05.02.12:535][  0]LogFileCache: Scanning file cache for directory 'C:/Users/MatthewClaflin/Documents/Unreal Projects/MP_Steam/Content/Developers/MatthewClaflin/Collections/' took 0.01s
[2016.08.25-05.02.12:535][  0]LogFileCache: Scanning file cache for directory 'C:/Users/MatthewClaflin/Documents/Unreal Projects/MP_Steam/Content/Collections/' took 0.01s
[2016.08.25-05.02.12:535][  0]LogCollectionManager: Rebuilt the GUID cache for 0 collections in 0.000005 seconds
[2016.08.25-05.02.12:560][  0]LogContentBrowser: Native class hierarchy populated in 0.0247 seconds. Added 2069 classes and 380 folders.
[2016.08.25-05.02.12:566][  0]LogStats: UGameplayTagsManager::ConstructGameplayTagTree: Construct from data asset -  0.000 s
[2016.08.25-05.02.12:566][  0]LogStats: UGameplayTagsManager::ConstructGameplayTagTree: GameplayTagTreeChangedEvent.Broadcast -  0.000 s
[2016.08.25-05.02.12:566][  0]LogContentBrowser: Native class hierarchy updated for 'GameplayTags' in 0.0006 seconds. Added 12 classes and 0 folders.
[2016.08.25-05.02.12:573][  0]LogContentBrowser: Native class hierarchy updated for 'WidgetCarousel' in 0.0005 seconds. Added 0 classes and 0 folders.
[2016.08.25-05.02.22:169][  0]LogContentBrowser: Native class hierarchy updated for 'AddContentDialog' in 0.0017 seconds. Added 0 classes and 0 folders.
[2016.08.25-05.02.22:276][  0]LogContentBrowser: Native class hierarchy updated for 'SceneOutliner' in 0.0005 seconds. Added 1 classes and 2 folders.
[2016.08.25-05.02.23:703][  0]LogCrashTracker: Crashtracker disabled due to settings.
[2016.08.25-05.02.24:622][  0]LogUObjectGlobals:Warning: Failed to find object 'Class None.'
[2016.08.25-05.02.25:782][  0]LogContentBrowser: Native class hierarchy updated for 'HierarchicalLODOutliner' in 0.0014 seconds. Added 1 classes and 2 folders.
[2016.08.25-05.02.25:783][  0]LogLoad: Full Startup: 47.94 seconds (BP compile: 0.18 seconds)
[2016.08.25-05.02.25:783][  0]LogExternalProfiler: Found external profiler: VSPerf
[2016.08.25-05.02.25:784][  0]LogExternalProfiler: Using external profiler: VSPerf
[2016.08.25-05.02.26:355][  0]LogOcInput: OculusInput pre-init called
[2016.08.25-05.02.26:596][  0]LogContentStreaming: Texture pool size now 1000 MB
[2016.08.25-05.02.28:410][  0]LogRenderer: Reallocating scene render targets to support 1208x576 (Frame:2).
[2016.08.25-05.02.32:698][  5]LogAssetRegistry: Asset discovery search completed in 47.0980 seconds
[2016.08.25-05.02.32:698][  5]LogCollectionManager: Rebuilt the object cache for 0 collections in 0.000002 seconds (found 0 objects)
[2016.08.25-05.02.32:698][  5]LogCollectionManager: Fixed up redirectors for 0 collections in 0.000044 seconds (updated 0 objects)
[2016.08.25-05.03.33:932][500]LogBlueprint:Error: Compiler Error Could not find a function named "ShowMeMainMenuEvent" in 'GI_MP_Steam_C'.
Make sure 'GI_MP_Steam_C' has been compiled for  Show Me Main Menu Event 
[2016.08.25-05.03.33:935][500]LogBlueprint:Warning: Compiler Warning [0116.09] Compile of W_ErrorDialog failed. 1 Fatal Issue(s) 0 Warning(s) [in 4 ms] (/Game/ThirdPersonBP/Multiplayer/Widgets/W_ErrorDialog.W_ErrorDialog)
[2016.08.25-05.03.33:935][500]LogBlueprint:Warning: Compiler Warning [0116.09] Compile of W_ErrorDialog failed. 1 Fatal Issue(s) 1 Warning(s) [in 0 ms] (/Game/ThirdPersonBP/Multiplayer/Widgets/W_ErrorDialog.W_ErrorDialog)
[2016.08.25-05.03.33:935][500]LogBlueprint:Warning: Compiler Warning [0116.09] Compile of W_ErrorDialog failed. 1 Fatal Issue(s) 2 Warning(s) [in 0 ms] (/Game/ThirdPersonBP/Multiplayer/Widgets/W_ErrorDialog.W_ErrorDialog)
[2016.08.25-05.03.34:205][500]LogAIModule: Creating AISystem for world MP_MainMenu
[2016.08.25-05.03.34:344][500]Cmd: MAP LOAD FILE="../../../../../../Users/MatthewClaflin/Documents/Unreal Projects/MP_Steam/Content/ThirdPersonBP/Multiplayer/Maps/MP_MainMenu.umap" TEMPLATE=0 SHOWPROGRESS=1 FEATURELEVEL=3
[2016.08.25-05.03.34:345][500]LightingResults: New page: Lighting Build
[2016.08.25-05.03.34:346][500]LoadErrors: New page: Loading map: MP_MainMenu.umap
[2016.08.25-05.03.34:514][500]MapCheck: New page: Map Check
[2016.08.25-05.03.34:514][500]LightingResults: New page: Lighting Build
[2016.08.25-05.03.34:631][500]LogEditorServer: Finished looking for orphan Actors (0.000 secs)
[2016.08.25-05.03.34:661][500]Cmd: MAP CHECKDEP NOCLEARLOG
[2016.08.25-05.03.34:708][500]MapCheck: Info Map check complete: 0 Error(s), 0 Warning(s), took 47.629ms to complete.
[2016.08.25-05.03.34:709][500]LogFileHelpers: Loading map 'MP_MainMenu' took 0.366
[2016.08.25-05.03.44:284][ 45]LogSavePackage: Save=56.40ms
[2016.08.25-05.03.44:284][ 45]LogSavePackage: Moving '../../../../../../Users/MatthewClaflin/Documents/Unreal Projects/MP_Steam/Saved/UEDPCMP_MainMenu3F8FF57840972D6A12D33682667B61E8.tmp' to '../../../../../../Users/MatthewClaflin/Documents/Unreal Projects/MP_Steam/Saved/Autosaves/Game/ThirdPersonBP/Multiplayer/Maps/UEDPCMP_MainMenu.umap'
[2016.08.25-05.03.44:286][ 45]LogSavePackage:Display: Finished SavePackage ../../../../../../Users/MatthewClaflin/Documents/Unreal Projects/MP_Steam/Saved/Autosaves/Game/ThirdPersonBP/Multiplayer/Maps/UEDPCMP_MainMenu.umap
[2016.08.25-05.03.44:291][ 45]LogEditorTransaction: Undo Spawn Play From Here Start
[2016.08.25-05.06.22:365][  7]LogBlueprintUserMessages: Early PlayInEditor Detection: Level '/Game/ThirdPersonBP/Multiplayer/Maps/MP_MainMenu.MP_MainMenu:PersistentLevel' has LevelScriptBlueprint '/Game/ThirdPersonBP/Multiplayer/Maps/MP_MainMenu.MP_MainMenu:PersistentLevel.MP_MainMenu' with GeneratedClass '/Game/ThirdPersonBP/Multiplayer/Maps/MP_MainMenu.MP_MainMenu_C' with ClassGeneratedBy '/Game/ThirdPersonBP/Multiplayer/Maps/MP_MainMenu.MP_MainMenu:PersistentLevel.MP_MainMenu'
[2016.08.25-05.06.22:365][  7]LogPlayLevel: PlayLevel: No blueprints needed recompiling
[2016.08.25-05.06.29:082][238]LogBlueprintUserMessages: Early PlayInEditor Detection: Level '/Game/ThirdPersonBP/Multiplayer/Maps/MP_MainMenu.MP_MainMenu:PersistentLevel' has LevelScriptBlueprint '/Game/ThirdPersonBP/Multiplayer/Maps/MP_MainMenu.MP_MainMenu:PersistentLevel.MP_MainMenu' with GeneratedClass '/Game/ThirdPersonBP/Multiplayer/Maps/MP_MainMenu.MP_MainMenu_C' with ClassGeneratedBy '/Game/ThirdPersonBP/Multiplayer/Maps/MP_MainMenu.MP_MainMenu:PersistentLevel.MP_MainMenu'
[2016.08.25-05.06.29:082][238]LogPlayLevel: PlayLevel: No blueprints needed recompiling
[2016.08.25-05.06.34:144][363]LogContentBrowser: Native class hierarchy updated for 'BlueprintGraph' in 0.0020 seconds. Added 111 classes and 0 folders.
[2016.08.25-05.06.44:362][860]BlueprintLog: New page: Compile W_ErrorDialog
[2016.08.25-05.06.44:546][860]BlueprintEditorCompileResults: Info [0306.70] Compile of W_ErrorDialog successful! [in 183 ms] (/Game/ThirdPersonBP/Multiplayer/Widgets/W_ErrorDialog.W_ErrorDialog)
[2016.08.25-05.06.45:950][935]LogSavePackage: Save=21.34ms
[2016.08.25-05.06.45:950][935]LogSavePackage: Moving '../../../../../../Users/MatthewClaflin/Documents/Unreal Projects/MP_Steam/Saved/W_ErrorDialog22AAAFDB498DEEE36BD2718543F2C6F0.tmp' to '../../../../../../Users/MatthewClaflin/Documents/Unreal Projects/MP_Steam/Content/ThirdPersonBP/Multiplayer/Widgets/W_ErrorDialog.uasset'
[2016.08.25-05.06.45:963][935]LogSavePackage:Display: Finished SavePackage ../../../../../../Users/MatthewClaflin/Documents/Unreal Projects/MP_Steam/Content/ThirdPersonBP/Multiplayer/Widgets/W_ErrorDialog.uasset
[2016.08.25-05.06.46:964][988]LogBlueprintUserMessages: Early PlayInEditor Detection: Level '/Game/ThirdPersonBP/Multiplayer/Maps/MP_MainMenu.MP_MainMenu:PersistentLevel' has LevelScriptBlueprint '/Game/ThirdPersonBP/Multiplayer/Maps/MP_MainMenu.MP_MainMenu:PersistentLevel.MP_MainMenu' with GeneratedClass '/Game/ThirdPersonBP/Multiplayer/Maps/MP_MainMenu.MP_MainMenu_C' with ClassGeneratedBy '/Game/ThirdPersonBP/Multiplayer/Maps/MP_MainMenu.MP_MainMenu:PersistentLevel.MP_MainMenu'
[2016.08.25-05.06.46:964][988]LogPlayLevel: PlayLevel: No blueprints needed recompiling
[2016.08.25-05.06.47:027][988]PIE: New page: PIE session: MP_MainMenu (Aug 24, 2016, 2:06:46 PM)
[2016.08.25-05.06.47:027][988]LogPlayLevel: Creating play world package: /Game/ThirdPersonBP/Multiplayer/Maps/UEDPIE_0_MP_MainMenu
[2016.08.25-05.06.47:079][988]LogPlayLevel: PIE: StaticDuplicateObject took: (0.051661s)
[2016.08.25-05.06.47:079][988]LogAIModule: Creating AISystem for world MP_MainMenu
[2016.08.25-05.06.47:079][988]LogPlayLevel: PIE: World Init took: (0.000687s)
[2016.08.25-05.06.47:080][988]LogPlayLevel: PIE: Created PIE world by copying editor world from /Game/ThirdPersonBP/Multiplayer/Maps/MP_MainMenu.MP_MainMenu to /Game/ThirdPersonBP/Multiplayer/Maps/UEDPIE_0_MP_MainMenu.MP_MainMenu (0.052598s)
[2016.08.25-05.06.47:142][988]LogInit: XAudio2 using 'Speakers (Conexant SmartAudio HD)' : 2 channels at 48 kHz using 32 bits per sample (channel mask 0x3)
[2016.08.25-05.06.47:151][988]LogInit: FAudioDevice initialized.
[2016.08.25-05.06.47:249][988]LogWorld: Game class is 'ThirdPersonGameMode_C'
[2016.08.25-05.06.47:250][988]LogWorld: Bringing World /Game/ThirdPersonBP/Multiplayer/Maps/UEDPIE_0_MP_MainMenu.MP_MainMenu up for play (max tick rate 60) at 2016.08.24-22.06.47
[2016.08.25-05.06.47:251][988]LogWorld: Bringing up level for play took: 0.001634
[2016.08.25-05.06.47:263][988]LogVoice:Warning: Failed to initialize voice interface
[2016.08.25-05.06.47:299][988]LogGameMode: Warning - PATHS NOT DEFINED or NO PLAYERSTART with positive rating
[2016.08.25-05.06.47:309][988]LogContentBrowser: Native class hierarchy updated for 'MovieSceneCapture' in 0.0012 seconds. Added 11 classes and 0 folders.
[2016.08.25-05.06.47:337][988]PIE: Info Play in editor start time for /Game/ThirdPersonBP/Multiplayer/Maps/UEDPIE_0_MP_MainMenu 0.73
[2016.08.25-05.06.47:338][988]LogBlueprintUserMessages: Late PlayInEditor Detection: Level '/Game/ThirdPersonBP/Multiplayer/Maps/MP_MainMenu.MP_MainMenu:PersistentLevel' has LevelScriptBlueprint '/Game/ThirdPersonBP/Multiplayer/Maps/MP_MainMenu.MP_MainMenu:PersistentLevel.MP_MainMenu' with GeneratedClass '/Game/ThirdPersonBP/Multiplayer/Maps/MP_MainMenu.MP_MainMenu_C' with ClassGeneratedBy '/Game/ThirdPersonBP/Multiplayer/Maps/MP_MainMenu.MP_MainMenu:PersistentLevel.MP_MainMenu'
[2016.08.25-05.06.47:378][988]LogRenderer: Reallocating scene render targets to support 1292x756 (Frame:1413).
[2016.08.25-05.06.49:906][123]LogInit: WinSock: I am Matthew (192.168.0.5:0)
[2016.08.25-05.06.49:920][123]LogNet: Browse: /Game/ThirdPersonBP/Multiplayer/Maps/MP_Level1?listen
[2016.08.25-05.06.49:921][123]LogLoad: LoadMap: /Game/ThirdPersonBP/Multiplayer/Maps/MP_Level1?listen
[2016.08.25-05.06.50:007][123]Cmd: MEM
[2016.08.25-05.06.50:058][123]LogMemory: Platform Memory Stats for Windows
[2016.08.25-05.06.50:058][123]LogMemory: Process Physical Memory: 717.50 MB used, 958.66 MB peak
[2016.08.25-05.06.50:058][123]LogMemory: Process Virtual Memory: 1678.00 MB used, 1679.49 MB peak
[2016.08.25-05.06.50:058][123]LogMemory: Physical Memory: 5522.14 MB used, 8116.09 MB total
[2016.08.25-05.06.50:058][123]LogMemory: Virtual Memory: 2545.32 MB used, 134217728.00 MB total
[2016.08.25-05.06.50:058][123]LogMemory: 
[2016.08.25-05.06.50:058][123]Allocator Stats for TBB: (not implemented)
[2016.08.25-05.06.51:845][123]LogAIModule: Creating AISystem for world MP_Level1
[2016.08.25-05.06.51:845][123]LogWorld: Game class is 'GM_MP_C'
[2016.08.25-05.06.51:858][123]LogInit: WinSock: Socket queue 131072 / 131072
[2016.08.25-05.06.51:859][123]PacketHandlerLog: Loaded PacketHandler component: Engine.EngineHandlerComponentFactory (StatelessConnectHandlerComponent)
[2016.08.25-05.06.51:859][123]LogNet: GameNetDriver IpNetDriver_0 IpNetDriver listening on port 7777
[2016.08.25-05.06.51:861][123]LogWorld: Bringing World /Game/ThirdPersonBP/Multiplayer/Maps/UEDPIE_0_MP_Level1.MP_Level1 up for play (max tick rate 60) at 2016.08.24-22.06.51
[2016.08.25-05.06.51:862][123]LogWorld: Bringing up level for play took: 0.002761
[2016.08.25-05.06.51:863][123]LogOnline:Warning: NULL: Can't start an online session (Game) in state InProgress
[2016.08.25-05.06.51:876][123]LogScript:Warning: Accessed None trying to read property WidgetIn
	GI_MP_Steam_C /Engine/Transient.UnrealEdEngine_0:GI_MP_Steam_C_0
	Function /Game/ThirdPersonBP/Multiplayer/Blueprints/GI_MP_Steam.GI_MP_Steam_C:HideWidget:000D
[2016.08.25-05.06.51:876][123]PIE:Error: Error Blueprint Runtime Error: Accessed None trying to read property WidgetIn from function: 'HideWidget' from node: Remove from Parent in graph: HideWidget in object: GI_MP_Steam with description: Accessed None trying to read property WidgetIn
[2016.08.25-05.06.51:877][123]LogLoad: Took 1.956276 seconds to LoadMap(/Game/ThirdPersonBP/Multiplayer/Maps/MP_Level1)
[2016.08.25-05.07.03:134][742]LogBlueprintUserMessages: Early EndPlayMap Detection: Level '/Game/ThirdPersonBP/Multiplayer/Maps/MP_MainMenu.MP_MainMenu:PersistentLevel' has LevelScriptBlueprint '/Game/ThirdPersonBP/Multiplayer/Maps/MP_MainMenu.MP_MainMenu:PersistentLevel.MP_MainMenu' with GeneratedClass '/Game/ThirdPersonBP/Multiplayer/Maps/MP_MainMenu.MP_MainMenu_C' with ClassGeneratedBy '/Game/ThirdPersonBP/Multiplayer/Maps/MP_MainMenu.MP_MainMenu:PersistentLevel.MP_MainMenu'
[2016.08.25-05.07.03:215][742]LogOnline:Display: NULL: FOnlineSubsystemNull::Shutdown()
[2016.08.25-05.07.03:215][742]LogPlayLevel:Display: Shutting down PIE online subsystems
[2016.08.25-05.07.03:215][742]LogBlueprintUserMessages: Late EndPlayMap Detection: Level '/Game/ThirdPersonBP/Multiplayer/Maps/MP_MainMenu.MP_MainMenu:PersistentLevel' has LevelScriptBlueprint '/Game/ThirdPersonBP/Multiplayer/Maps/MP_MainMenu.MP_MainMenu:PersistentLevel.MP_MainMenu' with GeneratedClass '/Game/ThirdPersonBP/Multiplayer/Maps/MP_MainMenu.MP_MainMenu_C' with ClassGeneratedBy '/Game/ThirdPersonBP/Multiplayer/Maps/MP_MainMenu.MP_MainMenu:PersistentLevel.MP_MainMenu'
[2016.08.25-05.07.03:266][742]LogExit: GameNetDriver None shut down
[2016.08.25-05.07.03:308][743]LogPlayLevel:Display: Destroying online subsystem :Context_5
[2016.08.25-05.07.03:312][743]LogOnline:Display: NULL: FOnlineSubsystemNull::Shutdown()
[2016.08.25-05.07.07:981][ 13]BlueprintLog: New page: Compile W_ErrorDialog
[2016.08.25-05.07.08:099][ 13]BlueprintEditorCompileResults: Info [0330.25] Compile of W_ErrorDialog successful! [in 118 ms] (/Game/ThirdPersonBP/Multiplayer/Widgets/W_ErrorDialog.W_ErrorDialog)
[2016.08.25-05.07.08:731][ 47]LogSavePackage: Save=18.84ms
[2016.08.25-05.07.08:731][ 47]LogSavePackage: Moving '../../../../../../Users/MatthewClaflin/Documents/Unreal Projects/MP_Steam/Saved/W_ErrorDialog78ABF483435102D947BC4E9E2889D76B.tmp' to '../../../../../../Users/MatthewClaflin/Documents/Unreal Projects/MP_Steam/Content/ThirdPersonBP/Multiplayer/Widgets/W_ErrorDialog.uasset'
[2016.08.25-05.07.08:735][ 47]LogSavePackage:Display: Finished SavePackage ../../../../../../Users/MatthewClaflin/Documents/Unreal Projects/MP_Steam/Content/ThirdPersonBP/Multiplayer/Widgets/W_ErrorDialog.uasset
[2016.08.25-05.07.29:566][253]BlueprintLog: New page: Compile W_MainMenu
[2016.08.25-05.07.29:703][253]BlueprintEditorCompileResults: Info The execution path doesn't end with a return node.  Cast Failed 
[2016.08.25-05.07.29:703][253]BlueprintEditorCompileResults: Info [0351.86] Compile of W_MainMenu successful! [in 136 ms] (/Game/ThirdPersonBP/Multiplayer/Widgets/W_MainMenu.W_MainMenu)
[2016.08.25-05.08.04:239][234]BlueprintLog: New page: Compile W_MainMenu
[2016.08.25-05.08.04:507][234]BlueprintEditorCompileResults: Info The execution path doesn't end with a return node.  Cast Failed 
[2016.08.25-05.08.04:507][234]BlueprintEditorCompileResults: Info [0386.66] Compile of W_MainMenu successful! [in 268 ms] (/Game/ThirdPersonBP/Multiplayer/Widgets/W_MainMenu.W_MainMenu)
[2016.08.25-05.08.04:900][251]LogSavePackage: Save=40.39ms
[2016.08.25-05.08.04:900][251]LogSavePackage: Moving '../../../../../../Users/MatthewClaflin/Documents/Unreal Projects/MP_Steam/Saved/W_MainMenu8040F0874E39686AC2C73A8C2C578037.tmp' to '../../../../../../Users/MatthewClaflin/Documents/Unreal Projects/MP_Steam/Content/ThirdPersonBP/Multiplayer/Widgets/W_MainMenu.uasset'
[2016.08.25-05.08.04:904][251]LogSavePackage:Display: Finished SavePackage ../../../../../../Users/MatthewClaflin/Documents/Unreal Projects/MP_Steam/Content/ThirdPersonBP/Multiplayer/Widgets/W_MainMenu.uasset
[2016.08.25-05.08.05:533][286]LogBlueprintUserMessages: Early PlayInEditor Detection: Level '/Game/ThirdPersonBP/Multiplayer/Maps/MP_MainMenu.MP_MainMenu:PersistentLevel' has LevelScriptBlueprint '/Game/ThirdPersonBP/Multiplayer/Maps/MP_MainMenu.MP_MainMenu:PersistentLevel.MP_MainMenu' with GeneratedClass '/Game/ThirdPersonBP/Multiplayer/Maps/MP_MainMenu.MP_MainMenu_C' with ClassGeneratedBy '/Game/ThirdPersonBP/Multiplayer/Maps/MP_MainMenu.MP_MainMenu:PersistentLevel.MP_MainMenu'
[2016.08.25-05.08.05:533][286]LogPlayLevel: PlayLevel: No blueprints needed recompiling
[2016.08.25-05.08.05:533][286]PIE: New page: PIE session: MP_MainMenu (Aug 24, 2016, 2:08:05 PM)
[2016.08.25-05.08.05:533][286]LogPlayLevel: Creating play world package: /Game/ThirdPersonBP/Multiplayer/Maps/UEDPIE_0_MP_MainMenu
[2016.08.25-05.08.05:534][286]LogPlayLevel: PIE: StaticDuplicateObject took: (0.000986s)
[2016.08.25-05.08.05:534][286]LogAIModule: Creating AISystem for world MP_MainMenu
[2016.08.25-05.08.05:535][286]LogPlayLevel: PIE: World Init took: (0.000651s)
[2016.08.25-05.08.05:535][286]LogPlayLevel: PIE: Created PIE world by copying editor world from /Game/ThirdPersonBP/Multiplayer/Maps/MP_MainMenu.MP_MainMenu to /Game/ThirdPersonBP/Multiplayer/Maps/UEDPIE_0_MP_MainMenu.MP_MainMenu (0.001839s)
[2016.08.25-05.08.05:572][286]LogInit: XAudio2 using 'Speakers (Conexant SmartAudio HD)' : 2 channels at 48 kHz using 32 bits per sample (channel mask 0x3)
[2016.08.25-05.08.05:580][286]LogInit: FAudioDevice initialized.
[2016.08.25-05.08.05:618][286]LogWorld: Game class is 'ThirdPersonGameMode_C'
[2016.08.25-05.08.05:620][286]LogWorld: Bringing World /Game/ThirdPersonBP/Multiplayer/Maps/UEDPIE_0_MP_MainMenu.MP_MainMenu up for play (max tick rate 60) at 2016.08.24-22.08.05
[2016.08.25-05.08.05:620][286]LogWorld: Bringing up level for play took: 0.000936
[2016.08.25-05.08.05:631][286]LogVoice:Warning: Failed to initialize voice interface
[2016.08.25-05.08.05:632][286]LogGameMode: Warning - PATHS NOT DEFINED or NO PLAYERSTART with positive rating
[2016.08.25-05.08.05:639][286]PIE: Info Play in editor start time for /Game/ThirdPersonBP/Multiplayer/Maps/UEDPIE_0_MP_MainMenu 1.031
[2016.08.25-05.08.05:639][286]LogBlueprintUserMessages: Late PlayInEditor Detection: Level '/Game/ThirdPersonBP/Multiplayer/Maps/MP_MainMenu.MP_MainMenu:PersistentLevel' has LevelScriptBlueprint '/Game/ThirdPersonBP/Multiplayer/Maps/MP_MainMenu.MP_MainMenu:PersistentLevel.MP_MainMenu' with GeneratedClass '/Game/ThirdPersonBP/Multiplayer/Maps/MP_MainMenu.MP_MainMenu_C' with ClassGeneratedBy '/Game/ThirdPersonBP/Multiplayer/Maps/MP_MainMenu.MP_MainMenu:PersistentLevel.MP_MainMenu'
[2016.08.25-05.08.09:021][484]LogBlueprintUserMessages: Early EndPlayMap Detection: Level '/Game/ThirdPersonBP/Multiplayer/Maps/MP_MainMenu.MP_MainMenu:PersistentLevel' has LevelScriptBlueprint '/Game/ThirdPersonBP/Multiplayer/Maps/MP_MainMenu.MP_MainMenu:PersistentLevel.MP_MainMenu' with GeneratedClass '/Game/ThirdPersonBP/Multiplayer/Maps/MP_MainMenu.MP_MainMenu_C' with ClassGeneratedBy '/Game/ThirdPersonBP/Multiplayer/Maps/MP_MainMenu.MP_MainMenu:PersistentLevel.MP_MainMenu'
[2016.08.25-05.08.09:077][484]LogOnline:Display: NULL: FOnlineSubsystemNull::Shutdown()
[2016.08.25-05.08.09:078][484]LogPlayLevel:Display: Shutting down PIE online subsystems
[2016.08.25-05.08.09:078][484]LogBlueprintUserMessages: Late EndPlayMap Detection: Level '/Game/ThirdPersonBP/Multiplayer/Maps/MP_MainMenu.MP_MainMenu:PersistentLevel' has LevelScriptBlueprint '/Game/ThirdPersonBP/Multiplayer/Maps/MP_MainMenu.MP_MainMenu:PersistentLevel.MP_MainMenu' with GeneratedClass '/Game/ThirdPersonBP/Multiplayer/Maps/MP_MainMenu.MP_MainMenu_C' with ClassGeneratedBy '/Game/ThirdPersonBP/Multiplayer/Maps/MP_MainMenu.MP_MainMenu:PersistentLevel.MP_MainMenu'
[2016.08.25-05.08.09:154][485]LogPlayLevel:Display: Destroying online subsystem :Context_8
[2016.08.25-05.08.09:154][485]LogOnline:Display: NULL: FOnlineSubsystemNull::Shutdown()
[2016.08.25-05.08.15:500][859]BlueprintLog: New page: Compile W_MainMenu
[2016.08.25-05.08.15:631][859]BlueprintEditorCompileResults: Info The execution path doesn't end with a return node.  Cast Failed 
[2016.08.25-05.08.15:631][859]BlueprintEditorCompileResults: Info [0397.79] Compile of W_MainMenu successful! [in 130 ms] (/Game/ThirdPersonBP/Multiplayer/Widgets/W_MainMenu.W_MainMenu)
[2016.08.25-05.08.16:249][888]LogSavePackage: Save=88.77ms
[2016.08.25-05.08.16:249][888]LogSavePackage: Moving '../../../../../../Users/MatthewClaflin/Documents/Unreal Projects/MP_Steam/Saved/W_MainMenu6E6B3D1C423181ADD5CCE4A57D16303E.tmp' to '../../../../../../Users/MatthewClaflin/Documents/Unreal Projects/MP_Steam/Content/ThirdPersonBP/Multiplayer/Widgets/W_MainMenu.uasset'
[2016.08.25-05.08.16:261][888]LogSavePackage:Display: Finished SavePackage ../../../../../../Users/MatthewClaflin/Documents/Unreal Projects/MP_Steam/Content/ThirdPersonBP/Multiplayer/Widgets/W_MainMenu.uasset
[2016.08.25-05.08.19:580][ 84]LogBlueprintUserMessages: Early PlayInEditor Detection: Level '/Game/ThirdPersonBP/Multiplayer/Maps/MP_MainMenu.MP_MainMenu:PersistentLevel' has LevelScriptBlueprint '/Game/ThirdPersonBP/Multiplayer/Maps/MP_MainMenu.MP_MainMenu:PersistentLevel.MP_MainMenu' with GeneratedClass '/Game/ThirdPersonBP/Multiplayer/Maps/MP_MainMenu.MP_MainMenu_C' with ClassGeneratedBy '/Game/ThirdPersonBP/Multiplayer/Maps/MP_MainMenu.MP_MainMenu:PersistentLevel.MP_MainMenu'
[2016.08.25-05.08.19:580][ 84]LogPlayLevel: PlayLevel: No blueprints needed recompiling
[2016.08.25-05.08.19:580][ 84]PIE: New page: PIE session: MP_MainMenu (Aug 24, 2016, 2:08:19 PM)
[2016.08.25-05.08.19:581][ 84]LogPlayLevel: Creating play world package: /Game/ThirdPersonBP/Multiplayer/Maps/UEDPIE_0_MP_MainMenu
[2016.08.25-05.08.19:582][ 84]LogPlayLevel: PIE: StaticDuplicateObject took: (0.001156s)
[2016.08.25-05.08.19:582][ 84]LogAIModule: Creating AISystem for world MP_MainMenu
[2016.08.25-05.08.19:583][ 84]LogPlayLevel: PIE: World Init took: (0.000777s)
[2016.08.25-05.08.19:583][ 84]LogPlayLevel: PIE: Created PIE world by copying editor world from /Game/ThirdPersonBP/Multiplayer/Maps/MP_MainMenu.MP_MainMenu to /Game/ThirdPersonBP/Multiplayer/Maps/UEDPIE_0_MP_MainMenu.MP_MainMenu (0.002209s)
[2016.08.25-05.08.19:629][ 84]LogInit: XAudio2 using 'Speakers (Conexant SmartAudio HD)' : 2 channels at 48 kHz using 32 bits per sample (channel mask 0x3)
[2016.08.25-05.08.19:638][ 84]LogInit: FAudioDevice initialized.
[2016.08.25-05.08.19:675][ 84]LogWorld: Game class is 'ThirdPersonGameMode_C'
[2016.08.25-05.08.19:677][ 84]LogWorld: Bringing World /Game/ThirdPersonBP/Multiplayer/Maps/UEDPIE_0_MP_MainMenu.MP_MainMenu up for play (max tick rate 60) at 2016.08.24-22.08.19
[2016.08.25-05.08.19:677][ 84]LogWorld: Bringing up level for play took: 0.001384
[2016.08.25-05.08.19:688][ 84]LogVoice:Warning: Failed to initialize voice interface
[2016.08.25-05.08.19:690][ 84]LogGameMode: Warning - PATHS NOT DEFINED or NO PLAYERSTART with positive rating
[2016.08.25-05.08.19:699][ 84]PIE: Info Play in editor start time for /Game/ThirdPersonBP/Multiplayer/Maps/UEDPIE_0_MP_MainMenu 1.092
[2016.08.25-05.08.19:699][ 84]LogBlueprintUserMessages: Late PlayInEditor Detection: Level '/Game/ThirdPersonBP/Multiplayer/Maps/MP_MainMenu.MP_MainMenu:PersistentLevel' has LevelScriptBlueprint '/Game/ThirdPersonBP/Multiplayer/Maps/MP_MainMenu.MP_MainMenu:PersistentLevel.MP_MainMenu' with GeneratedClass '/Game/ThirdPersonBP/Multiplayer/Maps/MP_MainMenu.MP_MainMenu_C' with ClassGeneratedBy '/Game/ThirdPersonBP/Multiplayer/Maps/MP_MainMenu.MP_MainMenu:PersistentLevel.MP_MainMenu'
[2016.08.25-05.08.28:382][599]LogOnline:Warning: NULL: Ignoring game search request while one is pending
[2016.08.25-05.08.29:482][665]LogOnline:Warning: NULL: Ignoring game search request while one is pending
[2016.08.25-05.08.32:660][854]LogBlueprintUserMessages: Early EndPlayMap Detection: Level '/Game/ThirdPersonBP/Multiplayer/Maps/MP_MainMenu.MP_MainMenu:PersistentLevel' has LevelScriptBlueprint '/Game/ThirdPersonBP/Multiplayer/Maps/MP_MainMenu.MP_MainMenu:PersistentLevel.MP_MainMenu' with GeneratedClass '/Game/ThirdPersonBP/Multiplayer/Maps/MP_MainMenu.MP_MainMenu_C' with ClassGeneratedBy '/Game/ThirdPersonBP/Multiplayer/Maps/MP_MainMenu.MP_MainMenu:PersistentLevel.MP_MainMenu'
[2016.08.25-05.08.32:696][854]LogOnline:Display: NULL: FOnlineSubsystemNull::Shutdown()
[2016.08.25-05.08.32:697][854]LogPlayLevel:Display: Shutting down PIE online subsystems
[2016.08.25-05.08.32:697][854]LogBlueprintUserMessages: Late EndPlayMap Detection: Level '/Game/ThirdPersonBP/Multiplayer/Maps/MP_MainMenu.MP_MainMenu:PersistentLevel' has LevelScriptBlueprint '/Game/ThirdPersonBP/Multiplayer/Maps/MP_MainMenu.MP_MainMenu:PersistentLevel.MP_MainMenu' with GeneratedClass '/Game/ThirdPersonBP/Multiplayer/Maps/MP_MainMenu.MP_MainMenu_C' with ClassGeneratedBy '/Game/ThirdPersonBP/Multiplayer/Maps/MP_MainMenu.MP_MainMenu:PersistentLevel.MP_MainMenu'
[2016.08.25-05.08.32:760][855]LogPlayLevel:Display: Destroying online subsystem :Context_9
[2016.08.25-05.08.32:760][855]LogOnline:Display: NULL: FOnlineSubsystemNull::Shutdown()
[2016.08.25-05.08.35:925][ 28]LogSavePackage: Save=80.97ms
[2016.08.25-05.08.35:925][ 28]LogSavePackage: Moving '../../../../../../Users/MatthewClaflin/Documents/Unreal Projects/MP_Steam/Saved/UEDPCMP_MainMenuA788CFC74D752D942F2BB6A318A4556D.tmp' to '../../../../../../Users/MatthewClaflin/Documents/Unreal Projects/MP_Steam/Saved/Autosaves/Game/ThirdPersonBP/Multiplayer/Maps/UEDPCMP_MainMenu.umap'
[2016.08.25-05.08.35:927][ 28]LogSavePackage:Display: Finished SavePackage ../../../../../../Users/MatthewClaflin/Documents/Unreal Projects/MP_Steam/Saved/Autosaves/Game/ThirdPersonBP/Multiplayer/Maps/UEDPCMP_MainMenu.umap
[2016.08.25-05.08.35:932][ 28]LogEditorTransaction: Undo Spawn Play From Here Start
[2016.08.25-05.08.52:881][380]LogSavePackage: Save=89.34ms
[2016.08.25-05.08.52:881][380]LogSavePackage: Moving '../../../../../../Users/MatthewClaflin/Documents/Unreal Projects/MP_Steam/Saved/UEDPCMP_MainMenuD8D529C84CC502F16D4136833790A7F8.tmp' to '../../../../../../Users/MatthewClaflin/Documents/Unreal Projects/MP_Steam/Saved/Autosaves/Game/ThirdPersonBP/Multiplayer/Maps/UEDPCMP_MainMenu.umap'
[201