Log file open, 08/24/16 22:03:46
LogInit:Display: Running engine for game: MP_Steam
LogPlatformFile: Not using cached read wrapper
LogInit:Display: RandInit(-1887020341) SRandInit(-1887020340).
LogTaskGraph: Started task graph with 4 named threads and 5 total threads with 1 sets of task threads.
LogStats: Stats thread started at 0.067307
LogInit: Version: 4.12.5-3039270+++UE4+Release-4.12
LogInit: API Version: 2992821
LogInit: Net Version: 3039270
LogDevObjectVersion: Number of dev versions registered: 13
LogDevObjectVersion:   Dev-Blueprints (B0D832E4-1F89-4F0D-ACCF-7EB736FD4AA2): 3
LogDevObjectVersion:   Dev-Build (E1C64328-A22C-4D53-A36C-8E866417BD8C): 0
LogDevObjectVersion:   Dev-Core (375EC13C-06E4-48FB-B500-84F0262A717E): 1
LogDevObjectVersion:   Dev-Editor (E4B068ED-F494-42E9-A231-DA0B2E46BB41): 2
LogDevObjectVersion:   Dev-Framework (CFFC743F-43B0-4480-9391-14DF171D2073): 6
LogDevObjectVersion:   Dev-Mobile (B02B49B5-BB20-44E9-A304-32B752E40360): 0
LogDevObjectVersion:   Dev-Networking (A4E4105C-59A1-49B5-A7C5-40C4547EDFEE): 0
LogDevObjectVersion:   Dev-Online (39C831C9-5AE6-47DC-9A44-9C173E1C8E7C): 0
LogDevObjectVersion:   Dev-Physics (78F01B33-EBEA-4F98-B9B4-84EACCB95AA2): 0
LogDevObjectVersion:   Dev-Platform (6631380F-2D4D-43E0-8009-CF276956A95A): 0
LogDevObjectVersion:   Dev-Rendering (12F88B9F-8875-4AFC-A67C-D90C383ABD29): 2
LogDevObjectVersion:   Dev-Sequencer (7B5AE74C-D270-4C10-A958-57980B212A5A): 0
LogDevObjectVersion:   Dev-VR (D7296918-1DD6-4BDD-9DE2-64A83CC13884): 0
LogInit: Compiled (64-bit): Jul  6 2016 09:09:46
LogInit: Compiled with Visual C++: 19.00.23026.00
LogInit: Build Configuration: Development
LogInit: Branch Name: ++UE4+Release-4.12
LogInit: Command line:  /Temp/Autosaves/Game/ThirdPersonBP/Multiplayer/Maps/UEDPCMP_MainMenu -game -PIEVIACONSOLE -ResX=1280 -ResY=720  -Multiprocess -windowed -messaging -SessionName="Play in Standalone Game" 
LogInit: Base directory: C:/Games/Unreal Engine/4.12/Engine/Binaries/Win64/
LogInit: Installed Engine Build: 1
LogInit: Using libcurl 7.41.0
LogInit:  - built for x86_64-pc-win32
LogInit:  - supports SSL with WinSSL
LogInit:  - other features:
LogInit:      CURL_VERSION_SSL
LogInit:      CURL_VERSION_IPV6
LogInit:      CURL_VERSION_ASYNCHDNS
LogInit:      CURL_VERSION_LARGEFILE
LogInit:      CURL_VERSION_IDN
LogInit:  CurlRequestOptions (configurable via config and command line):
LogInit:  - bVerifyPeer = true  - Libcurl will verify peer certificate
LogInit:  - bUseHttpProxy = false  - Libcurl will NOT use HTTP proxy
LogInit:  - bDontReuseConnections = false  - Libcurl will reuse connections
LogInit:  - CertBundlePath = nullptr  - Libcurl will use whatever was configured at build time.
LogOnline:Display: STEAM: Loading Steam SDK 1.32
LogInit: WinSock: version 1.1 (2.2), MaxSocks=32767, MaxUdp=65467
LogInit: Presizing for max 8388607 objects, including 0 objects not considered by GC, pre-allocating 0 bytes for permanent pool.
LogInit: Object subsystem initialized
[2016.08.25-05.03.47:773][  0]LogInit: Selected Device Profile: [Windows]
[2016.08.25-05.03.47:773][  0]LogInit: Applying CVar settings loaded from the selected device profile: [Windows]
[2016.08.25-05.03.47:797][  0]LogInit: Computer: MATTHEW
[2016.08.25-05.03.47:797][  0]LogInit: User: MatthewClaflin
[2016.08.25-05.03.47:797][  0]LogInit: CPU Page size=65536, Cores=2
[2016.08.25-05.03.47:797][  0]LogInit: High frequency timer resolution =2.435774 MHz
[2016.08.25-05.03.47:797][  0]LogMemory: Memory total: Physical=7.9GB (8GB approx)
[2016.08.25-05.03.47:797][  0]LogMemory: Platform Memory Stats for Windows
[2016.08.25-05.03.47:797][  0]LogMemory: Process Physical Memory: 226.21 MB used, 226.21 MB peak
[2016.08.25-05.03.47:797][  0]LogMemory: Process Virtual Memory: 213.45 MB used, 213.45 MB peak
[2016.08.25-05.03.47:797][  0]LogMemory: Physical Memory: 6203.75 MB used, 8116.09 MB total
[2016.08.25-05.03.47:797][  0]LogMemory: Virtual Memory: 674.97 MB used, 134217728.00 MB total
[2016.08.25-05.03.47:963][  0]LogTextLocalizationManager: No specific translations for ('en-US') exist, so ('en') translations will be used.
[2016.08.25-05.03.48:658][  0]LogD3D11RHI: D3D11 adapters:
[2016.08.25-05.03.48:701][  0]LogD3D11RHI:    0. 'NVIDIA GeForce GTX 770M ' (Feature Level 11_0)
[2016.08.25-05.03.48:701][  0]LogD3D11RHI:       3007/0/4058 MB DedicatedVideo/DedicatedSystem/SharedSystem, Outputs:1, VendorId:0x10de
[2016.08.25-05.03.48:707][  0]LogD3D11RHI:    1. 'Intel(R) HD Graphics 4600' (Feature Level 11_0)
[2016.08.25-05.03.48:707][  0]LogD3D11RHI:       112/0/4058 MB DedicatedVideo/DedicatedSystem/SharedSystem, Outputs:0, VendorId:0x8086
[2016.08.25-05.03.48:709][  0]LogD3D11RHI:    2. 'Microsoft Basic Render Driver' (Feature Level 11_0)
[2016.08.25-05.03.48:709][  0]LogD3D11RHI:       0/0/4058 MB DedicatedVideo/DedicatedSystem/SharedSystem, Outputs:0, VendorId:0x1414
[2016.08.25-05.03.48:709][  0]LogD3D11RHI: Chosen D3D11 Adapter: 0
[2016.08.25-05.03.48:736][  0]LogD3D11RHI: Creating new Direct3DDevice
[2016.08.25-05.03.48:737][  0]LogD3D11RHI:     GPU DeviceId: 0x11e0 (for the marketing name, search the web for "GPU Device Id")
[2016.08.25-05.03.48:737][  0]LogWindows: EnumDisplayDevices:
[2016.08.25-05.03.48:737][  0]LogWindows:    0. 'Intel(R) HD Graphics 4600' (P:1 D:1)
[2016.08.25-05.03.48:737][  0]LogWindows:    1. 'Intel(R) HD Graphics 4600' (P:0 D:0)
[2016.08.25-05.03.48:737][  0]LogWindows:    2. 'Intel(R) HD Graphics 4600' (P:0 D:0)
[2016.08.25-05.03.48:737][  0]LogWindows:    3. 'NVIDIA GeForce GTX 770M ' (P:0 D:0)
[2016.08.25-05.03.48:738][  0]LogWindows: DebugString: PrimaryIsNotTheChoosenAdapter PrimaryIsNotTheChoosenAdapter PrimaryIsNotTheChoosenAdapter 
[2016.08.25-05.03.48:738][  0]LogD3D11RHI:     Adapter Name: NVIDIA GeForce GTX 770M 
[2016.08.25-05.03.48:738][  0]LogD3D11RHI:   Driver Version: 365.10 (internal:10.18.13.6510, unified:365.10)
[2016.08.25-05.03.48:738][  0]LogD3D11RHI:      Driver Date: 4-27-2016
[2016.08.25-05.03.48:738][  0]LogRHI: Texture pool is 1361 MB (70% of 1945 MB)
[2016.08.25-05.03.48:757][  0]LogD3D11RHI: Async texture creation enabled
[2016.08.25-05.03.48:773][  0]LogD3D11RHI: GPU Timing Frequency: 1000.000000 (Debug: 2 2)
[2016.08.25-05.03.48:773][  0]LogShaderCompilers: Guid format shader working directory is -26 characters bigger than the processId version (../../../../../../Users/MatthewClaflin/Documents/Unreal Projects/MP_Steam/Intermediate/Shaders/WorkingDirectory/154164/).
[2016.08.25-05.03.48:773][  0]LogShaderCompilers: Cleaned the shader compiler working directory 'C:/Users/MATTHE~1/AppData/Local/Temp/UnrealShaderWorkingDir/605586884A4171A6E7EF46902B2E1F85/'.
[2016.08.25-05.03.48:773][  0]LogShaderCompilers:Display: Using Local Shader Compiler.
[2016.08.25-05.03.55:626][  0]LogTemp:Display: Loaded TP WindowsClientTargetPlatform
[2016.08.25-05.03.55:637][  0]LogTemp:Display: Loaded TP WindowsNoEditorTargetPlatform
[2016.08.25-05.03.55:648][  0]LogTemp:Display: Loaded TP WindowsServerTargetPlatform
[2016.08.25-05.03.55:690][  0]LogTemp:Display: Loaded TP WindowsTargetPlatform
[2016.08.25-05.03.55:690][  0]LogTargetPlatformManager:Display: Building Assets For Windows
[2016.08.25-05.03.55:772][  0]LogDerivedDataCache:Display: Max Cache Size: 512 MB
[2016.08.25-05.03.56:908][  0]LogDerivedDataCache: Loaded boot cache 1.14s 48MB C:/Users/MatthewClaflin/AppData/Local/UnrealEngine/4.12/DerivedDataCache/Boot.ddc.
[2016.08.25-05.03.56:908][  0]LogDerivedDataCache:Display: Loaded Boot cache: C:/Users/MatthewClaflin/AppData/Local/UnrealEngine/4.12/DerivedDataCache/Boot.ddc
[2016.08.25-05.03.56:908][  0]LogDerivedDataCache: FDerivedDataBackendGraph:  Pak pak cache file ../../../../../../Users/MatthewClaflin/Documents/Unreal Projects/MP_Steam/DerivedDataCache/DDC.ddp not found, will not use a pak cache.
[2016.08.25-05.03.56:908][  0]LogDerivedDataCache: Unable to find inner node Pak for hierarchical cache Hierarchy.
[2016.08.25-05.03.56:909][  0]LogDerivedDataCache: FDerivedDataBackendGraph:  CompressedPak pak cache file ../../../../../../Users/MatthewClaflin/Documents/Unreal Projects/MP_Steam/DerivedDataCache/Compressed.ddp not found, will not use a pak cache.
[2016.08.25-05.03.56:909][  0]LogDerivedDataCache: Unable to find inner node CompressedPak for hierarchical cache Hierarchy.
[2016.08.25-05.03.56:935][  0]LogDerivedDataCache:Display: Pak cache opened for reading ../../../Engine/DerivedDataCache/Compressed.ddp.
[2016.08.25-05.03.56:947][  0]LogDerivedDataCache: Using Local data cache path C:/Users/MatthewClaflin/AppData/Local/UnrealEngine/Common/DerivedDataCache: Writable
[2016.08.25-05.03.57:230][  0]LogAssetRegistry: FAssetRegistry took 0.0001 seconds to start up
[2016.08.25-05.03.57:238][  0]LogPackageLocalizationCache: Processed 4 localized package path(s) for 2 prioritized culture(s) in 0.007869 seconds
[2016.08.25-05.03.57:242][  0]LogInit: Selected Device Profile: [Windows]
[2016.08.25-05.03.57:244][  0]LogContentStreaming: Texture pool size is 1000.00 MB
[2016.08.25-05.03.57:413][  0]LogMeshUtilities: No automatic mesh reduction module available
[2016.08.25-05.03.57:413][  0]LogMeshUtilities: No automatic mesh merging module available
[2016.08.25-05.03.57:413][  0]LogMeshUtilities: No distributed automatic mesh merging module available
[2016.08.25-05.03.57:972][  0]LogSlate: SlateFontCache - WITH_FREETYPE: 1, WITH_HARFBUZZ: 1
[2016.08.25-05.03.57:972][  0]LogSlate: SlateFontCache - WITH_FREETYPE: 1, WITH_HARFBUZZ: 1
[2016.08.25-05.03.59:234][  0]LogMoviePlayer: Initializing movie player
[2016.08.25-05.04.00:592][  0]LogWindowsMoviePlayer: Unable to load movie: ../../../../../../Users/MatthewClaflin/Documents/Unreal Projects/MP_Steam/Content/Movies/Default_Startup.mp4
[2016.08.25-05.04.01:209][  0]LogUdpMessaging: Initializing bridge on interface 0.0.0.0:0 to multicast group 230.0.0.1:6666.
[2016.08.25-05.04.01:279][  0]SourceControl: Info Source control is disabled
[2016.08.25-05.04.01:279][  0]SourceControl: Info Source control is disabled
[2016.08.25-05.04.01:289][  0]SourceControl: Info Source control is disabled
[2016.08.25-05.04.01:443][  0]LogUObjectArray: 32161 objects as part of root set at end of initial load.
[2016.08.25-05.04.01:443][  0]LogUObjectAllocator: 7123288 out of 0 bytes used by permanent object pool.
[2016.08.25-05.04.01:443][  0]LogUObjectArray: CloseDisregardForGC: 0/0 objects in disregard for GC pool
[2016.08.25-05.04.01:506][  0]LogEngine: Initializing Engine...
[2016.08.25-05.04.01:806][  0]LogHMD: SteamVR failed to initialize.  Err: 108
[2016.08.25-05.04.01:819][  0]LogHMD: SteamVR failed to initialize.  Err: 108
[2016.08.25-05.04.01:973][  0]LogInit: XAudio2 using 'Speakers (Conexant SmartAudio HD)' : 2 channels at 48 kHz using 32 bits per sample (channel mask 0x3)
[2016.08.25-05.04.01:986][  0]LogInit: FAudioDevice initialized.
[2016.08.25-05.04.01:995][  0]LogInit: Texture streaming: Enabled
[2016.08.25-05.04.02:421][  0]LogBlueprint:Error: Compiler Error Could not find a function named "ShowMeMainMenuEvent" in 'GI_MP_Steam_C'.
Make sure 'GI_MP_Steam_C' has been compiled for  ShowMeMainMenuEvent 
[2016.08.25-05.04.02:423][  0]LogBlueprint:Warning: Compiler Warning [0016.77] Compile of W_ErrorDialog failed. 1 Fatal Issue(s) 0 Warning(s) [in 4 ms] (/Game/ThirdPersonBP/Multiplayer/Widgets/W_ErrorDialog.W_ErrorDialog)
[2016.08.25-05.04.02:424][  0]LogBlueprint:Warning: Compiler Warning [0016.77] Compile of W_ErrorDialog failed. 1 Fatal Issue(s) 1 Warning(s) [in 0 ms] (/Game/ThirdPersonBP/Multiplayer/Widgets/W_ErrorDialog.W_ErrorDialog)
[2016.08.25-05.04.02:424][  0]LogBlueprint:Warning: Compiler Warning [0016.77] Compile of W_ErrorDialog failed. 1 Fatal Issue(s) 2 Warning(s) [in 0 ms] (/Game/ThirdPersonBP/Multiplayer/Widgets/W_ErrorDialog.W_ErrorDialog)
[2016.08.25-05.04.02:775][  0]LogNet: Browse: /Temp/Autosaves/Game/ThirdPersonBP/Multiplayer/Maps/UEDPCMP_MainMenu?Name=Player
[2016.08.25-05.04.02:978][  0]LogLoad: LoadMap: /Temp/Autosaves/Game/ThirdPersonBP/Multiplayer/Maps/UEDPCMP_MainMenu?Name=Player
[2016.08.25-05.04.03:389][  0]LogMemory: Platform Memory Stats for Windows
[2016.08.25-05.04.03:389][  0]LogMemory: Process Physical Memory: 619.28 MB used, 635.09 MB peak
[2016.08.25-05.04.03:389][  0]LogMemory: Process Virtual Memory: 661.31 MB used, 661.32 MB peak
[2016.08.25-05.04.03:389][  0]LogMemory: Physical Memory: 6525.37 MB used, 8116.09 MB total
[2016.08.25-05.04.03:389][  0]LogMemory: Virtual Memory: 1332.61 MB used, 134217728.00 MB total
[2016.08.25-05.04.03:389][  0]LogMemory: 
[2016.08.25-05.04.03:389][  0]Allocator Stats for TBB: (not implemented)
[2016.08.25-05.04.03:492][  0]LogAIModule: Creating AISystem for world MP_MainMenu
[2016.08.25-05.04.03:904][  0]LogWorld: Game class is 'ThirdPersonGameMode_C'
[2016.08.25-05.04.03:908][  0]LogWorld: Bringing World /Temp/Autosaves/Game/ThirdPersonBP/Multiplayer/Maps/UEDPCMP_MainMenu.MP_MainMenu up for play (max tick rate 0) at 2016.08.24-22.04.03
[2016.08.25-05.04.03:958][  0]LogWorld: Bringing up level for play took: 0.052798
[2016.08.25-05.04.04:438][  0]LogLoad: Took 1.460047 seconds to LoadMap(/Temp/Autosaves/Game/ThirdPersonBP/Multiplayer/Maps/UEDPCMP_MainMenu)
[2016.08.25-05.04.04:455][  0]LogInit:Display: Game Engine Initialized.
[2016.08.25-05.04.04:903][  0]LogLoad: Full Startup: 19.25 seconds (BP compile: 0.33 seconds)
[2016.08.25-05.04.04:903][  0]LogExternalProfiler: Found external profiler: VSPerf
[2016.08.25-05.04.04:903][  0]LogExternalProfiler: Using external profiler: VSPerf
[2016.08.25-05.04.04:920][  0]LogOcInput: OculusInput pre-init called
[2016.08.25-05.04.05:692][  2]LogRenderer: Reallocating scene render targets to support 1280x720 (Frame:2).
[2016.08.25-05.04.52:455][889]LogInit: WinSock: I am Matthew (192.168.0.5:0)
[2016.08.25-05.04.52:726][889]LogPackageName: SearchForPackageOnDisk took   0.090s to resolve MP_Level1.umap.
[2016.08.25-05.04.52:807][889]LogPackageName: SearchForPackageOnDisk took   0.081s to resolve MP_Level1.umap.
[2016.08.25-05.04.52:807][889]LogNet: Browse: /Game/ThirdPersonBP/Multiplayer/Maps/MP_Level1?listen
[2016.08.25-05.04.52:807][889]LogLoad: LoadMap: /Game/ThirdPersonBP/Multiplayer/Maps/MP_Level1?listen
[2016.08.25-05.04.53:067][889]LogMemory: Platform Memory Stats for Windows
[2016.08.25-05.04.53:068][889]LogMemory: Process Physical Memory: 658.53 MB used, 668.80 MB peak
[2016.08.25-05.04.53:068][889]LogMemory: Process Virtual Memory: 841.70 MB used, 856.18 MB peak
[2016.08.25-05.04.53:068][889]LogMemory: Physical Memory: 6505.70 MB used, 8116.09 MB total
[2016.08.25-05.04.53:068][889]LogMemory: Virtual Memory: 1516.57 MB used, 134217728.00 MB total
[2016.08.25-05.04.53:068][889]LogMemory: 
[2016.08.25-05.04.53:068][889]Allocator Stats for TBB: (not implemented)
[2016.08.25-05.04.53:899][889]LogAIModule: Creating AISystem for world MP_Level1
[2016.08.25-05.04.53:900][889]LogWorld: Game class is 'GM_MP_C'
[2016.08.25-05.04.53:950][889]LogNet:Display: SteamNetDriver_0 bound to port 7777
[2016.08.25-05.04.53:958][889]PacketHandlerLog: Loaded PacketHandler component: Engine.EngineHandlerComponentFactory (StatelessConnectHandlerComponent)
[2016.08.25-05.04.53:968][889]LogNet: GameNetDriver SteamNetDriver_0 IpNetDriver listening on port 7777
[2016.08.25-05.04.53:986][889]LogWorld: Bringing World /Game/ThirdPersonBP/Multiplayer/Maps/MP_Level1.MP_Level1 up for play (max tick rate 0) at 2016.08.24-22.04.53
[2016.08.25-05.04.53:987][889]LogWorld: Bringing up level for play took: 0.017431
[2016.08.25-05.04.54:060][889]LogOnline:Warning: STEAM: Can't start an online session (Game) in state InProgress
[2016.08.25-05.04.54:073][889]LogScript:Warning: Accessed None trying to read property WidgetIn
	GI_MP_Steam_C /Engine/Transient.GameEngine_0:GI_MP_Steam_C_0
	Function /Game/ThirdPersonBP/Multiplayer/Blueprints/GI_MP_Steam.GI_MP_Steam_C:HideWidget:000A
[2016.08.25-05.04.54:073][889]LogScript:Warning: Script call stack:
	Function /Game/ThirdPersonBP/Multiplayer/Maps/MP_Level1.MP_Level1_C:ReceiveBeginPlay
	Function /Game/ThirdPersonBP/Multiplayer/Maps/MP_Level1.MP_Level1_C:ExecuteUbergraph_MP_Level1
	Function /Game/ThirdPersonBP/Multiplayer/Blueprints/GI_MP_Steam.GI_MP_Steam_C:StartPlayingState
	Function /Game/ThirdPersonBP/Multiplayer/Blueprints/GI_MP_Steam.GI_MP_Steam_C:HideWidget

[2016.08.25-05.04.54:084][889]LogLoad: Took 1.276775 seconds to LoadMap(/Game/ThirdPersonBP/Multiplayer/Maps/MP_Level1)
[2016.08.25-05.05.34:781][383]LogWindowsTextInputMethodSystem:Display: IME system now deactivated.
[2016.08.25-05.05.34:875][383]LogEngine: All Windows Closed
[2016.08.25-05.05.34:875][383]LogWindows: FPlatformMisc::RequestExit(0)
[2016.08.25-05.05.34:876][384]LogMoviePlayer: Shutting down movie player
[2016.08.25-05.05.35:046][384]LogNet: World NetDriver shutdown SteamNetDriver_0 [GameNetDriver]
[2016.08.25-05.05.35:046][384]LogNet: DestroyNamedNetDriver SteamNetDriver_0 [GameNetDriver]
[2016.08.25-05.05.35:046][384]LogExit: GameNetDriver SteamNetDriver_0 shut down
[2016.08.25-05.05.35:058][384]LogExit: Preparing to exit.
[2016.08.25-05.05.35:611][384]LogExit: Game engine shut down
[2016.08.25-05.05.36:111][384]LogObj: Freed 0b from 0 cluster array pools.
[2016.08.25-05.05.36:111][384]LogExit: Object subsystem successfully closed.
[2016.08.25-05.05.36:135][384]LogD3D11RHI: Shutdown
[2016.08.25-05.05.36:135][384]LogD3D11RHI: CleanupD3DDevice
[2016.08.25-05.05.36:240][384]LogD3D11RHI: ~FD3D11DynamicRHI
[2016.08.25-05.05.36:258][384]LogModuleManager: Shutting down and abandoning module SequenceRecorderSections (114)
[2016.08.25-05.05.36:258][384]LogModuleManager: Shutting down and abandoning module SequenceRecorder (113)
[2016.08.25-05.05.36:258][384]LogModuleManager: Shutting down and abandoning module AutomationController (112)
[2016.08.25-05.05.36:258][384]LogModuleManager: Shutting down and abandoning module AutomationWorker (111)
[2016.08.25-05.05.36:258][384]LogModuleManager: Shutting down and abandoning module CharacterAI (110)
[2016.08.25-05.05.36:258][384]LogModuleManager: Shutting down and abandoning module SessionServices (109)
[2016.08.25-05.05.36:258][384]LogModuleManager: Shutting down and abandoning module GameplayDebugger (108)
[2016.08.25-05.05.36:258][384]LogModuleManager: Shutting down and abandoning module AITestSuite (107)
[2016.08.25-05.05.36:258][384]LogModuleManager: Shutting down and abandoning module AIModule (106)
[2016.08.25-05.05.36:258][384]LogModuleManager: Shutting down and abandoning module MovieSceneCapture (105)
[2016.08.25-05.05.36:258][384]LogModuleManager: Shutting down and abandoning module StreamingPauseRendering (104)
[2016.08.25-05.05.36:258][384]LogModuleManager: Shutting down and abandoning module PortalServices (103)
[2016.08.25-05.05.36:258][384]LogModuleManager: Shutting down and abandoning module PortalRpc (102)
[2016.08.25-05.05.36:258][384]LogModuleManager: Shutting down and abandoning module MessagingRpc (101)
[2016.08.25-05.05.36:258][384]LogModuleManager: Shutting down and abandoning module ProfilerService (100)
[2016.08.25-05.05.36:299][384]LogModuleManager: Shutting down and abandoning module TaskGraph (99)
[2016.08.25-05.05.36:299][384]LogModuleManager: Shutting down and abandoning module SlateRemote (98)
[2016.08.25-05.05.36:299][384]LogModuleManager: Shutting down and abandoning module SteamVRController (97)
[2016.08.25-05.05.36:299][384]LogModuleManager: Shutting down and abandoning module SteamVR (96)
[2016.08.25-05.05.36:299][384]LogModuleManager: Shutting down and abandoning module ProceduralMeshComponent (95)
[2016.08.25-05.05.36:300][384]LogModuleManager: Shutting down and abandoning module OculusLibrary (94)
[2016.08.25-05.05.36:300][384]LogModuleManager: Shutting down and abandoning module OculusInput (93)
[2016.08.25-05.05.36:300][384]LogModuleManager: Shutting down and abandoning module CustomMeshComponent (92)
[2016.08.25-05.05.36:300][384]LogModuleManager: Shutting down and abandoning module CableComponent (91)
[2016.08.25-05.05.36:300][384]LogModuleManager: Shutting down and abandoning module ArchVisCharacter (90)
[2016.08.25-05.05.36:300][384]LogModuleManager: Shutting down and abandoning module HTML5Networking (89)
[2016.08.25-05.05.36:300][384]LogModuleManager: Shutting down and abandoning module DesktopPlatform (88)
[2016.08.25-05.05.36:300][384]LogModuleManager: Shutting down and abandoning module DirectoryWatcher (87)
[2016.08.25-05.05.36:300][384]LogModuleManager: Shutting down and abandoning module HotReload (86)
[2016.08.25-05.05.36:300][384]LogModuleManager: Shutting down and abandoning module VisualStudioSourceCodeAccess (85)
[2016.08.25-05.05.36:300][384]LogModuleManager: Shutting down and abandoning module UObjectPlugin (84)
[2016.08.25-05.05.36:300][384]LogModuleManager: Shutting down and abandoning module SubversionSourceControl (83)
[2016.08.25-05.05.36:300][384]LogModuleManager: Shutting down and abandoning module SourceControl (82)
[2016.08.25-05.05.36:300][384]LogModuleManager: Shutting down and abandoning module PerforceSourceControl (81)
[2016.08.25-05.05.36:300][384]LogModuleManager: Shutting down and abandoning module UdpMessaging (80)
[2016.08.25-05.05.36:401][384]LogModuleManager: Shutting down and abandoning module LowEntryExtendedStandardLibrary (79)
[2016.08.25-05.05.36:401][384]LogModuleManager: Shutting down and abandoning module LightPropagationVolumeRuntime (78)
[2016.08.25-05.05.36:401][384]LogModuleManager: Shutting down and abandoning module Paper2D (77)
[2016.08.25-05.05.36:401][384]LogModuleManager: Shutting down and abandoning module WindowsMoviePlayer (76)
[2016.08.25-05.05.36:401][384]LogModuleManager: Shutting down and abandoning module Media (75)
[2016.08.25-05.05.36:401][384]LogModuleManager: Shutting down and abandoning module WmfMedia (74)
[2016.08.25-05.05.36:401][384]LogModuleManager: Shutting down and abandoning module MediaAssets (73)
[2016.08.25-05.05.36:401][384]LogModuleManager: Shutting down and abandoning module GameLiveStreaming (72)
[2016.08.25-05.05.36:402][384]LogModuleManager: Shutting down and abandoning module GameplayTagsEditor (71)
[2016.08.25-05.05.36:402][384]LogModuleManager: Shutting down and abandoning module OnlineBlueprintSupport (70)
[2016.08.25-05.05.36:402][384]LogModuleManager: Shutting down and abandoning module VREditor (69)
[2016.08.25-05.05.36:411][384]LogModuleManager: Shutting down and abandoning module GameplayTasksEditor (68)
[2016.08.25-05.05.36:411][384]LogModuleManager: Shutting down and abandoning module PropertyEditor (67)
[2016.08.25-05.05.36:411][384]LogModuleManager: Shutting down and abandoning module BehaviorTreeEditor (66)
[2016.08.25-05.05.36:411][384]LogModuleManager: Shutting down and abandoning module FunctionalTesting (65)
[2016.08.25-05.05.36:411][384]LogModuleManager: Shutting down and abandoning module CollisionAnalyzer (64)
[2016.08.25-05.05.36:411][384]LogModuleManager: Shutting down and abandoning module Sequencer (63)
[2016.08.25-05.05.36:411][384]LogModuleManager: Shutting down and abandoning module WorkspaceMenuStructure (62)
[2016.08.25-05.05.36:411][384]LogModuleManager: Shutting down and abandoning module MessageLog (61)
[2016.08.25-05.05.36:412][384]LogModuleManager: Shutting down and abandoning module AssetTools (60)
[2016.08.25-05.05.36:412][384]LogModuleManager: Shutting down and abandoning module UMGEditor (59)
[2016.08.25-05.05.36:412][384]LogModuleManager: Shutting down and abandoning module UMG (58)
[2016.08.25-05.05.36:412][384]LogModuleManager: Shutting down and abandoning module SlateReflector (57)
[2016.08.25-05.05.36:412][384]LogModuleManager: Shutting down and abandoning module Slate (56)
[2016.08.25-05.05.36:412][384]LogModuleManager: Shutting down and abandoning module EditorStyle (55)
[2016.08.25-05.05.36:420][384]LogModuleManager: Shutting down and abandoning module Messaging (54)
[2016.08.25-05.05.36:420][384]LogModuleManager: Shutting down and abandoning module SourceCodeAccess (53)
[2016.08.25-05.05.36:420][384]LogModuleManager: Shutting down and abandoning module HeadMountedDisplay (52)
[2016.08.25-05.05.36:420][384]LogModuleManager: Shutting down and abandoning module XAudio2 (51)
[2016.08.25-05.05.36:421][384]LogModuleManager: Shutting down and abandoning module Networking (50)
[2016.08.25-05.05.36:421][384]LogModuleManager: Shutting down and abandoning module Core (49)
[2016.08.25-05.05.36:421][384]LogModuleManager: Shutting down and abandoning module KismetCompiler (48)
[2016.08.25-05.05.36:421][384]LogModuleManager: Shutting down and abandoning module PhysXFormats (47)
[2016.08.25-05.05.36:421][384]LogModuleManager: Shutting down and abandoning module MeshUtilities (46)
[2016.08.25-05.05.36:421][384]LogModuleManager: Shutting down and abandoning module AssetRegistry (45)
[2016.08.25-05.05.36:421][384]LogModuleManager: Shutting down and abandoning module DerivedDataCache (44)
[2016.08.25-05.05.36:499][384]LogDerivedDataCache: Shutdown
[2016.08.25-05.05.36:499][384]LogModuleManager: Shutting down and abandoning module VulkanShaderFormat (43)
[2016.08.25-05.05.36:499][384]LogModuleManager: Shutting down and abandoning module ShaderFormatOpenGL (42)
[2016.08.25-05.05.36:499][384]LogModuleManager: Shutting down and abandoning module ShaderFormatD3D (41)
[2016.08.25-05.05.36:499][384]LogModuleManager: Shutting down and abandoning module MetalShaderFormat (40)
[2016.08.25-05.05.36:499][384]LogModuleManager: Shutting down and abandoning module TextureFormatUncompressed (39)
[2016.08.25-05.05.36:499][384]LogModuleManager: Shutting down and abandoning module TextureFormatPVR (38)
[2016.08.25-05.05.36:499][384]LogModuleManager: Shutting down and abandoning module TextureFormatIntelISPCTexComp (37)
[2016.08.25-05.05.36:500][384]LogModuleManager: Shutting down and abandoning module TextureFormatDXT (36)
[2016.08.25-05.05.36:500][384]LogModuleManager: Shutting down and abandoning module ImageWrapper (35)
[2016.08.25-05.05.36:500][384]LogModuleManager: Shutting down and abandoning module TextureFormatASTC (34)
[2016.08.25-05.05.36:500][384]LogModuleManager: Shutting down and abandoning module TextureFormatAndroid (33)
[2016.08.25-05.05.36:500][384]LogModuleManager: Shutting down and abandoning module AudioFormatOpus (32)
[2016.08.25-05.05.36:500][384]LogModuleManager: Shutting down and abandoning module AudioFormatOgg (31)
[2016.08.25-05.05.36:500][384]LogModuleManager: Shutting down and abandoning module AudioFormatADPCM (30)
[2016.08.25-05.05.36:500][384]LogModuleManager: Shutting down and abandoning module WindowsTargetPlatform (29)
[2016.08.25-05.05.36:500][384]LogModuleManager: Shutting down and abandoning module WindowsServerTargetPlatform (28)
[2016.08.25-05.05.36:500][384]LogModuleManager: Shutting down and abandoning module WindowsNoEditorTargetPlatform (27)
[2016.08.25-05.05.36:500][384]LogModuleManager: Shutting down and abandoning module WindowsClientTargetPlatform (26)
[2016.08.25-05.05.36:500][384]LogModuleManager: Shutting down and abandoning module TargetPlatform (25)
[2016.08.25-05.05.36:500][384]LogModuleManager: Shutting down and abandoning module InputCore (24)
[2016.08.25-05.05.36:500][384]LogModuleManager: Shutting down and abandoning module Settings (23)
[2016.08.25-05.05.36:500][384]LogModuleManager: Shutting down and abandoning module OnlineSubsystem (19)
[2016.08.25-05.05.36:500][384]LogOnline:Display: STEAM: OnlineSubsystemSteam::Shutdown()
[2016.08.25-05.05.36:534][384]LogOnline:Display: Unloading online subsystem: STEAM
[2016.08.25-05.05.36:534][384]LogOnline:Display: STEAM: OnlineSubsystemSteam::Shutdown()
[2016.08.25-05.05.36:534][384]LogModuleManager: Shutting down and abandoning module HTTP (18)
[2016.08.25-05.05.36:535][384]LogModuleManager: Shutting down and abandoning module XMPP (17)
[2016.08.25-05.05.36:535][384]LogModuleManager: Shutting down and abandoning module OculusRift (16)
[2016.08.25-05.05.36:535][384]LogModuleManager: Shutting down and abandoning module ExampleDeviceProfileSelector (15)
[2016.08.25-05.05.36:535][384]LogModuleManager: Shutting down and abandoning module TextureCompressor (14)
[2016.08.25-05.05.36:535][384]LogModuleManager: Shutting down and abandoning module ShaderCore (13)
[2016.08.25-05.05.36:535][384]LogModuleManager: Shutting down and abandoning module Landscape (12)
[2016.08.25-05.05.36:535][384]LogModuleManager: Shutting down and abandoning module SlateRHIRenderer (11)
[2016.08.25-05.05.36:536][384]LogModuleManager: Shutting down and abandoning module OpenGLDrv (10)
[2016.08.25-05.05.36:536][384]LogModuleManager: Shutting down and abandoning module D3D11RHI (9)
[2016.08.25-05.05.36:536][384]LogModuleManager: Shutting down and abandoning module AnimGraphRuntime (8)
[2016.08.25-05.05.36:536][384]LogModuleManager: Shutting down and abandoning module Renderer (7)
[2016.08.25-05.05.36:536][384]LogModuleManager: Shutting down and abandoning module Engine (6)
[2016.08.25-05.05.36:536][384]LogModuleManager: Shutting down and abandoning module CoreUObject (5)
[2016.08.25-05.05.36:536][384]LogModuleManager: Shutting down and abandoning module NetworkFile (4)
[2016.08.25-05.05.36:536][384]LogModuleManager: Shutting down and abandoning module StreamingFile (3)
[2016.08.25-05.05.36:536][384]LogModuleManager: Shutting down and abandoning module SandboxFile (2)
[2016.08.25-05.05.36:537][384]LogModuleManager: Shutting down and abandoning module PakFile (1)
[2016.08.25-05.05.36:539][384]LogExit: Exiting.
[2016.08.25-05.05.36:543][384]Log file closed, 08/24/16 22:05:36
