Log file open, 08/18/16 22:14:27
LogInit:Display: Running engine for game: MP_Steam
LogPlatformFile: Not using cached read wrapper
LogInit:Display: RandInit(-317836229) SRandInit(-317836228).
LogTaskGraph: Started task graph with 4 named threads and 5 total threads with 1 sets of task threads.
LogStats: Stats thread started at 0.132899
LogInit: Version: 4.12.5-3039270+++UE4+Release-4.12
LogInit: API Version: 2992821
LogInit: Net Version: 3039270
LogDevObjectVersion: Number of dev versions registered: 13
LogDevObjectVersion:   Dev-Blueprints (B0D832E4-1F89-4F0D-ACCF-7EB736FD4AA2): 3
LogDevObjectVersion:   Dev-Build (E1C64328-A22C-4D53-A36C-8E866417BD8C): 0
LogDevObjectVersion:   Dev-Core (375EC13C-06E4-48FB-B500-84F0262A717E): 1
LogDevObjectVersion:   Dev-Editor (E4B068ED-F494-42E9-A231-DA0B2E46BB41): 2
LogDevObjectVersion:   Dev-Framework (CFFC743F-43B0-4480-9391-14DF171D2073): 6
LogDevObjectVersion:   Dev-Mobile (B02B49B5-BB20-44E9-A304-32B752E40360): 0
LogDevObjectVersion:   Dev-Networking (A4E4105C-59A1-49B5-A7C5-40C4547EDFEE): 0
LogDevObjectVersion:   Dev-Online (39C831C9-5AE6-47DC-9A44-9C173E1C8E7C): 0
LogDevObjectVersion:   Dev-Physics (78F01B33-EBEA-4F98-B9B4-84EACCB95AA2): 0
LogDevObjectVersion:   Dev-Platform (6631380F-2D4D-43E0-8009-CF276956A95A): 0
LogDevObjectVersion:   Dev-Rendering (12F88B9F-8875-4AFC-A67C-D90C383ABD29): 2
LogDevObjectVersion:   Dev-Sequencer (7B5AE74C-D270-4C10-A958-57980B212A5A): 0
LogDevObjectVersion:   Dev-VR (D7296918-1DD6-4BDD-9DE2-64A83CC13884): 0
LogInit: Compiled (64-bit): Jul  6 2016 09:09:46
LogInit: Compiled with Visual C++: 19.00.23026.00
LogInit: Build Configuration: Development
LogInit: Branch Name: ++UE4+Release-4.12
LogInit: Command line:  
LogInit: Base directory: C:/Games/Unreal Engine/4.12/Engine/Binaries/Win64/
LogInit: Installed Engine Build: 1
LogInit: Using libcurl 7.41.0
LogInit:  - built for x86_64-pc-win32
LogInit:  - supports SSL with WinSSL
LogInit:  - other features:
LogInit:      CURL_VERSION_SSL
LogInit:      CURL_VERSION_IPV6
LogInit:      CURL_VERSION_ASYNCHDNS
LogInit:      CURL_VERSION_LARGEFILE
LogInit:      CURL_VERSION_IDN
LogInit:  CurlRequestOptions (configurable via config and command line):
LogInit:  - bVerifyPeer = true  - Libcurl will verify peer certificate
LogInit:  - bUseHttpProxy = false  - Libcurl will NOT use HTTP proxy
LogInit:  - bDontReuseConnections = false  - Libcurl will reuse connections
LogInit:  - CertBundlePath = nullptr  - Libcurl will use whatever was configured at build time.
LogOnline:Display: STEAM: Loading Steam SDK 1.32
LogOnline:Warning: STEAM: Steam API disabled!
LogOnline:Display: STEAM: OnlineSubsystemSteam::Shutdown()
LogInit: WinSock: version 1.1 (2.2), MaxSocks=32767, MaxUdp=65467
LogVoice:Warning: Failed to initialize voice interface
LogInit: Presizing for max 8388607 objects, including 0 objects not considered by GC, pre-allocating 0 bytes for permanent pool.
LogInit: Object subsystem initialized
[2016.08.19-05.14.28:563][  0]LogInit: Selected Device Profile: [Windows]
[2016.08.19-05.14.28:563][  0]LogInit: Applying CVar settings loaded from the selected device profile: [Windows]
[2016.08.19-05.14.28:729][  0]LogInit: Computer: MATTHEW
[2016.08.19-05.14.28:729][  0]LogInit: User: MatthewClaflin
[2016.08.19-05.14.28:729][  0]LogInit: CPU Page size=65536, Cores=2
[2016.08.19-05.14.28:729][  0]LogInit: High frequency timer resolution =2.435774 MHz
[2016.08.19-05.14.28:729][  0]LogMemory: Memory total: Physical=7.9GB (8GB approx)
[2016.08.19-05.14.28:729][  0]LogMemory: Platform Memory Stats for Windows
[2016.08.19-05.14.28:729][  0]LogMemory: Process Physical Memory: 191.42 MB used, 191.42 MB peak
[2016.08.19-05.14.28:729][  0]LogMemory: Process Virtual Memory: 195.19 MB used, 195.19 MB peak
[2016.08.19-05.14.28:729][  0]LogMemory: Physical Memory: 4366.47 MB used, 8116.09 MB total
[2016.08.19-05.14.28:729][  0]LogMemory: Virtual Memory: 556.06 MB used, 134217728.00 MB total
[2016.08.19-05.14.29:922][  0]LogTextLocalizationManager: No specific translations for ('en-US') exist, so ('en') translations will be used.
[2016.08.19-05.14.30:696][  0]LogD3D11RHI: D3D11 adapters:
[2016.08.19-05.14.30:723][  0]LogD3D11RHI:    0. 'NVIDIA GeForce GTX 770M ' (Feature Level 11_0)
[2016.08.19-05.14.30:724][  0]LogD3D11RHI:       3007/0/4058 MB DedicatedVideo/DedicatedSystem/SharedSystem, Outputs:1, VendorId:0x10de
[2016.08.19-05.14.30:730][  0]LogD3D11RHI:    1. 'Intel(R) HD Graphics 4600' (Feature Level 11_0)
[2016.08.19-05.14.30:730][  0]LogD3D11RHI:       112/0/4058 MB DedicatedVideo/DedicatedSystem/SharedSystem, Outputs:0, VendorId:0x8086
[2016.08.19-05.14.30:731][  0]LogD3D11RHI:    2. 'Microsoft Basic Render Driver' (Feature Level 11_0)
[2016.08.19-05.14.30:731][  0]LogD3D11RHI:       0/0/4058 MB DedicatedVideo/DedicatedSystem/SharedSystem, Outputs:0, VendorId:0x1414
[2016.08.19-05.14.30:731][  0]LogD3D11RHI: Chosen D3D11 Adapter: 0
[2016.08.19-05.14.30:745][  0]LogD3D11RHI: Creating new Direct3DDevice
[2016.08.19-05.14.30:745][  0]LogD3D11RHI:     GPU DeviceId: 0x11e0 (for the marketing name, search the web for "GPU Device Id")
[2016.08.19-05.14.30:745][  0]LogWindows: EnumDisplayDevices:
[2016.08.19-05.14.30:745][  0]LogWindows:    0. 'Intel(R) HD Graphics 4600' (P:1 D:1)
[2016.08.19-05.14.30:745][  0]LogWindows:    1. 'Intel(R) HD Graphics 4600' (P:0 D:0)
[2016.08.19-05.14.30:746][  0]LogWindows:    2. 'Intel(R) HD Graphics 4600' (P:0 D:0)
[2016.08.19-05.14.30:746][  0]LogWindows:    3. 'NVIDIA GeForce GTX 770M ' (P:0 D:0)
[2016.08.19-05.14.30:746][  0]LogWindows: DebugString: PrimaryIsNotTheChoosenAdapter PrimaryIsNotTheChoosenAdapter PrimaryIsNotTheChoosenAdapter 
[2016.08.19-05.14.30:746][  0]LogD3D11RHI:     Adapter Name: NVIDIA GeForce GTX 770M 
[2016.08.19-05.14.30:746][  0]LogD3D11RHI:   Driver Version: 365.10 (internal:10.18.13.6510, unified:365.10)
[2016.08.19-05.14.30:746][  0]LogD3D11RHI:      Driver Date: 4-27-2016
[2016.08.19-05.14.30:746][  0]LogRHI: Texture pool is 1361 MB (70% of 1945 MB)
[2016.08.19-05.14.30:761][  0]LogD3D11RHI: Async texture creation enabled
[2016.08.19-05.14.30:772][  0]LogD3D11RHI: GPU Timing Frequency: 1000.000000 (Debug: 2 1)
[2016.08.19-05.14.30:772][  0]LogShaderCompilers: Guid format shader working directory is -25 characters bigger than the processId version (../../../../../../Users/MatthewClaflin/Documents/Unreal Projects/MP_Steam/Intermediate/Shaders/WorkingDirectory/79312/).
[2016.08.19-05.14.30:772][  0]LogShaderCompilers: Cleaned the shader compiler working directory 'C:/Users/MATTHE~1/AppData/Local/Temp/UnrealShaderWorkingDir/94E4FC7F4605B93F8887329190AA1F5D/'.
[2016.08.19-05.14.30:772][  0]LogShaderCompilers:Display: Using Local Shader Compiler.
[2016.08.19-05.14.34:377][  0]LogTemp:Display: Loaded TP AllDesktopTargetPlatform
[2016.08.19-05.14.34:387][  0]LogTemp:Display: Loaded TP WindowsClientTargetPlatform
[2016.08.19-05.14.34:396][  0]LogTemp:Display: Loaded TP WindowsNoEditorTargetPlatform
[2016.08.19-05.14.34:406][  0]LogTemp:Display: Loaded TP WindowsServerTargetPlatform
[2016.08.19-05.14.34:416][  0]LogTemp:Display: Loaded TP WindowsTargetPlatform
[2016.08.19-05.14.34:426][  0]LogTemp:Display: Loaded TP AndroidTargetPlatform
[2016.08.19-05.14.34:434][  0]LogTemp:Display: Loaded TP Android_ASTCTargetPlatform
[2016.08.19-05.14.34:442][  0]LogTemp:Display: Loaded TP Android_ATCTargetPlatform
[2016.08.19-05.14.34:450][  0]LogTemp:Display: Loaded TP Android_DXTTargetPlatform
[2016.08.19-05.14.34:458][  0]LogTemp:Display: Loaded TP Android_ETC1TargetPlatform
[2016.08.19-05.14.34:466][  0]LogTemp:Display: Loaded TP Android_ETC2TargetPlatform
[2016.08.19-05.14.34:482][  0]LogTemp:Display: Loaded TP Android_MultiTargetPlatform
[2016.08.19-05.14.34:482][  0]LogTemp:Display: Loaded TP Android_PVRTCTargetPlatform
[2016.08.19-05.14.34:483][  0]LogTemp:Display: Loaded TP HTML5TargetPlatform
[2016.08.19-05.14.34:673][  0]LogTemp:Display: Loaded TP IOSTargetPlatform
[2016.08.19-05.14.34:681][  0]LogTemp:Display: Loaded TP TVOSTargetPlatform
[2016.08.19-05.14.34:703][  0]LogTemp:Display: Loaded TP LinuxNoEditorTargetPlatform
[2016.08.19-05.14.34:717][  0]LogTemp:Display: Loaded TP LinuxServerTargetPlatform
[2016.08.19-05.14.34:750][  0]LogTemp:Display: Loaded TP LinuxTargetPlatform
[2016.08.19-05.14.34:750][  0]LogTargetPlatformManager:Display: Building Assets For Windows
[2016.08.19-05.14.35:742][  0]LogDerivedDataCache:Display: Max Cache Size: 512 MB
[2016.08.19-05.14.36:466][  0]LogDerivedDataCache: Loaded boot cache 0.72s 48MB C:/Users/MatthewClaflin/AppData/Local/UnrealEngine/4.12/DerivedDataCache/Boot.ddc.
[2016.08.19-05.14.36:466][  0]LogDerivedDataCache:Display: Loaded Boot cache: C:/Users/MatthewClaflin/AppData/Local/UnrealEngine/4.12/DerivedDataCache/Boot.ddc
[2016.08.19-05.14.36:466][  0]LogDerivedDataCache: FDerivedDataBackendGraph:  Pak pak cache file ../../../../../../Users/MatthewClaflin/Documents/Unreal Projects/MP_Steam/DerivedDataCache/DDC.ddp not found, will not use a pak cache.
[2016.08.19-05.14.36:466][  0]LogDerivedDataCache: Unable to find inner node Pak for hierarchical cache Hierarchy.
[2016.08.19-05.14.36:466][  0]LogDerivedDataCache: FDerivedDataBackendGraph:  CompressedPak pak cache file ../../../../../../Users/MatthewClaflin/Documents/Unreal Projects/MP_Steam/DerivedDataCache/Compressed.ddp not found, will not use a pak cache.
[2016.08.19-05.14.36:466][  0]LogDerivedDataCache: Unable to find inner node CompressedPak for hierarchical cache Hierarchy.
[2016.08.19-05.14.36:571][  0]LogDerivedDataCache:Display: Pak cache opened for reading ../../../Engine/DerivedDataCache/Compressed.ddp.
[2016.08.19-05.14.36:583][  0]LogDerivedDataCache: Using Local data cache path C:/Users/MatthewClaflin/AppData/Local/UnrealEngine/Common/DerivedDataCache: Writable
[2016.08.19-05.14.49:527][  0]LogInit: Selected Device Profile: [Windows]
[2016.08.19-05.14.49:620][  0]LogContentStreaming: Texture pool size is 0.00 MB
[2016.08.19-05.14.50:658][  0]LogMeshUtilities: No automatic mesh reduction module available
[2016.08.19-05.14.50:658][  0]LogMeshUtilities: No automatic mesh merging module available
[2016.08.19-05.14.50:658][  0]LogMeshUtilities: No distributed automatic mesh merging module available
[2016.08.19-05.14.51:991][  0]LogAssetRegistry: FAssetRegistry took 0.0222 seconds to start up
[2016.08.19-05.14.52:096][  0]LogPackageLocalizationCache: Processed 4 localized package path(s) for 2 prioritized culture(s) in 0.102722 seconds
[2016.08.19-05.14.52:102][  0]LogUObjectArray: 28746 objects as part of root set at end of initial load.
[2016.08.19-05.14.52:102][  0]LogUObjectAllocator: 6069096 out of 0 bytes used by permanent object pool.
[2016.08.19-05.14.52:102][  0]LogUObjectArray: CloseDisregardForGC: 0/0 objects in disregard for GC pool
[2016.08.19-05.14.53:549][  0]LogSlate: SlateFontCache - WITH_FREETYPE: 1, WITH_HARFBUZZ: 1
[2016.08.19-05.14.53:549][  0]LogSlate: SlateFontCache - WITH_FREETYPE: 1, WITH_HARFBUZZ: 1
[2016.08.19-05.15.06:928][  0]LogUdpMessaging: Initializing bridge on interface 0.0.0.0:0 to multicast group 230.0.0.1:6666.
[2016.08.19-05.15.07:973][  0]SourceControl: Info Source control is disabled
[2016.08.19-05.15.08:488][  0]SourceControl: Info Source control is disabled
[2016.08.19-05.15.08:497][  0]SourceControl: Info Source control is disabled
[2016.08.19-05.15.08:505][  0]SourceControl: Info Source control is disabled
[2016.08.19-05.15.08:959][  0]LogEngine: Initializing Engine...
[2016.08.19-05.15.09:351][  0]LogHMD: SteamVR failed to initialize.  Err: 108
[2016.08.19-05.15.09:364][  0]LogHMD: SteamVR failed to initialize.  Err: 108
[2016.08.19-05.15.09:651][  0]LogAIModule: Creating AISystem for world NewWorld
[2016.08.19-05.15.09:655][  0]LogInit: XAudio2 using 'Speakers (Conexant SmartAudio HD)' : 2 channels at 48 kHz using 32 bits per sample (channel mask 0x3)
[2016.08.19-05.15.10:326][  0]LogInit: FAudioDevice initialized.
[2016.08.19-05.15.10:350][  0]LogDerivedDataCache: Saved boot cache 0.02s 48MB C:/Users/MatthewClaflin/AppData/Local/UnrealEngine/4.12/DerivedDataCache/Boot.ddc.
[2016.08.19-05.15.10:357][  0]LogInit: Texture streaming: Enabled
[2016.08.19-05.15.10:624][  0]LogInit: Transaction tracking system initialized
[2016.08.19-05.15.10:656][  0]BlueprintLog: New page: Editor Load
[2016.08.19-05.15.10:766][  0]LocalizationService: Info Localization service is disabled
[2016.08.19-05.15.11:310][  0]LogConsoleResponse:Display: 
[2016.08.19-05.15.17:585][  0]LogDerivedDataCache:Warning: C:/Users/MatthewClaflin/AppData/Local/UnrealEngine/Common/DerivedDataCache is very slow (0.00MB/s) when accessing C:/Users/MatthewClaflin/AppData/Local/UnrealEngine/Common/DerivedDataCache/6/2/2/TEXTURE_814DCC3DC72143F49509781513CB9855_AUTODXT_5D2191924EBF6257E074BE93571FE__F372BC1A982BAF5A706B2F1A447298363E4F1518.udd, consider disabling it.
[2016.08.19-05.15.20:726][  0]LogCook:Display: Max memory allowance for cook 8192mb
[2016.08.19-05.15.20:726][  0]LogCook:Display: Mobile HDR setting 1
[2016.08.19-05.15.21:479][  0]LogFileCache: Scanning file cache for directory 'C:/Users/MatthewClaflin/Documents/Unreal Projects/MP_Steam/Content/' took 0.03s
[2016.08.19-05.15.22:511][  0]SourceControl: Info Source control is disabled
[2016.08.19-05.15.22:511][  0]Cmd: MAP LOAD FILE="../../../../../../Users/MatthewClaflin/Documents/Unreal Projects/MP_Steam/Content/ThirdPersonBP/Maps/ThirdPersonExampleMap.umap" TEMPLATE=0 SHOWPROGRESS=1 FEATURELEVEL=3
[2016.08.19-05.15.22:659][  0]LightingResults: New page: Lighting Build
[2016.08.19-05.15.22:668][  0]MapCheck: New page: Map Check
[2016.08.19-05.15.22:668][  0]LightingResults: New page: Lighting Build
[2016.08.19-05.15.28:495][  0]LogAIModule: Creating AISystem for world ThirdPersonExampleMap
[2016.08.19-05.15.29:626][  0]LogEditorServer: Finished looking for orphan Actors (0.040 secs)
[2016.08.19-05.15.29:737][  0]Cmd: MAP CHECKDEP NOCLEARLOG
[2016.08.19-05.15.29:804][  0]MapCheck: Info Map check complete: 0 Error(s), 0 Warning(s), took 66.31ms to complete.
[2016.08.19-05.15.29:804][  0]LogFileHelpers: Loading map 'ThirdPersonExampleMap' took 7.293
[2016.08.19-05.15.30:611][  0]LogCollectionManager: Loaded 0 collections in 0.003295 seconds
[2016.08.19-05.15.30:703][  0]LogFileCache: Scanning file cache for directory 'C:/Users/MatthewClaflin/Documents/Unreal Projects/MP_Steam/Saved/Collections/' took 0.01s
[2016.08.19-05.15.30:703][  0]LogFileCache: Scanning file cache for directory 'C:/Users/MatthewClaflin/Documents/Unreal Projects/MP_Steam/Content/Developers/MatthewClaflin/Collections/' took 0.01s
[2016.08.19-05.15.30:703][  0]LogFileCache: Scanning file cache for directory 'C:/Users/MatthewClaflin/Documents/Unreal Projects/MP_Steam/Content/Collections/' took 0.01s
[2016.08.19-05.15.30:703][  0]LogCollectionManager: Rebuilt the GUID cache for 0 collections in 0.000012 seconds
[2016.08.19-05.15.30:713][  0]LogContentBrowser: Native class hierarchy populated in 0.0092 seconds. Added 2069 classes and 380 folders.
[2016.08.19-05.15.30:770][  0]LogStats: UGameplayTagsManager::ConstructGameplayTagTree: Construct from data asset -  0.016 s
[2016.08.19-05.15.30:797][  0]LogStats: UGameplayTagsManager::ConstructGameplayTagTree: GameplayTagTreeChangedEvent.Broadcast -  0.027 s
[2016.08.19-05.15.30:811][  0]LogContentBrowser: Native class hierarchy updated for 'GameplayTags' in 0.0015 seconds. Added 12 classes and 0 folders.
[2016.08.19-05.15.30:819][  0]LogContentBrowser: Native class hierarchy updated for 'WidgetCarousel' in 0.0006 seconds. Added 0 classes and 0 folders.
[2016.08.19-05.15.40:854][  0]LogContentBrowser: Native class hierarchy updated for 'AddContentDialog' in 0.0015 seconds. Added 0 classes and 0 folders.
[2016.08.19-05.15.41:128][  0]LogContentBrowser: Native class hierarchy updated for 'SceneOutliner' in 0.0009 seconds. Added 1 classes and 2 folders.
[2016.08.19-05.15.44:449][  0]LogCrashTracker: Crashtracker disabled due to settings.
[2016.08.19-05.15.44:761][  0]LogUObjectGlobals:Warning: Failed to find object 'Class None.'
[2016.08.19-05.15.45:628][  0]LogContentBrowser: Native class hierarchy updated for 'HierarchicalLODOutliner' in 0.0009 seconds. Added 1 classes and 2 folders.
[2016.08.19-05.15.45:628][  0]LogLoad: Full Startup: 82.01 seconds (BP compile: 0.26 seconds)
[2016.08.19-05.15.45:628][  0]LogExternalProfiler: Found external profiler: VSPerf
[2016.08.19-05.15.45:628][  0]LogExternalProfiler: Using external profiler: VSPerf
[2016.08.19-05.15.45:709][  0]LogOcInput: OculusInput pre-init called
[2016.08.19-05.15.46:099][  0]LogContentStreaming: Texture pool size now 1000 MB
[2016.08.19-05.15.48:506][  0]LogRenderer: Reallocating scene render targets to support 1208x576 (Frame:2).
[2016.08.19-05.15.51:730][  3]LogAssetRegistry: Asset discovery search completed in 59.7618 seconds
[2016.08.19-05.15.51:896][  3]LogCollectionManager: Rebuilt the object cache for 0 collections in 0.000001 seconds (found 0 objects)
[2016.08.19-05.15.51:896][  3]LogCollectionManager: Fixed up redirectors for 0 collections in 0.165822 seconds (updated 0 objects)
[2016.08.19-05.25.02:342][ 71]LogSavePackage: Save=914.80ms
[2016.08.19-05.25.02:342][ 71]LogSavePackage: Moving '../../../../../../Users/MatthewClaflin/Documents/Unreal Projects/MP_Steam/Saved/UEDPCThirdPersonExampleMapC4D78DE1474C80E3EB74809C7727FC6C.tmp' to '../../../../../../Users/MatthewClaflin/Documents/Unreal Projects/MP_Steam/Saved/Autosaves/Game/ThirdPersonBP/Maps/UEDPCThirdPersonExampleMap.umap'
[2016.08.19-05.25.02:344][ 71]LogSavePackage:Display: Finished SavePackage ../../../../../../Users/MatthewClaflin/Documents/Unreal Projects/MP_Steam/Saved/Autosaves/Game/ThirdPersonBP/Maps/UEDPCThirdPersonExampleMap.umap
[2016.08.19-05.25.02:381][ 71]LogEditorTransaction: Undo Spawn Play From Here Start
[2016.08.19-05.25.07:119][295]LogSavePackage: Save=558.47ms
[2016.08.19-05.25.07:119][295]LogSavePackage: Moving '../../../../../../Users/MatthewClaflin/Documents/Unreal Projects/MP_Steam/Saved/UEDPCThirdPersonExampleMap47A4434540B93EBFB5EE4887A0ABF5E1.tmp' to '../../../../../../Users/MatthewClaflin/Documents/Unreal Projects/MP_Steam/Saved/Autosaves/Game/ThirdPersonBP/Maps/UEDPCThirdPersonExampleMap.umap'
[2016.08.19-05.25.07:122][295]LogSavePackage:Display: Finished SavePackage ../../../../../../Users/MatthewClaflin/Documents/Unreal Projects/MP_Steam/Saved/Autosaves/Game/ThirdPersonBP/Maps/UEDPCThirdPersonExampleMap.umap
[2016.08.19-05.25.07:126][295]LogEditorTransaction: Undo Spawn Play From Here Start
[2016.08.19-05.39.52:997][655]LogContentBrowser: Native class hierarchy updated for 'BlueprintGraph' in 0.0029 seconds. Added 111 classes and 0 folders.
[2016.08.19-05.40.54:556][535]LogFileHelpers: Editor autosave (incl. sublevels) for '/Game/ThirdPersonBP/Maps/ThirdPersonExampleMap' took 0.090
[2016.08.19-05.40.54:608][535]OBJ SavePackage: Generating thumbnails for [0] asset(s) in package [/Game/ThirdPersonBP/Multiplayer/Blueprints/GI_MP_Steam] ([1] browsable assets)...
[2016.08.19-05.40.54:608][535]OBJ SavePackage: Finished generating thumbnails for package [/Game/ThirdPersonBP/Multiplayer/Blueprints/GI_MP_Steam]
[2016.08.19-05.40.54:653][535]LogSavePackage: Save=37.02ms
[2016.08.19-05.40.54:653][535]LogSavePackage: Moving '../../../../../../Users/MatthewClaflin/Documents/Unreal Projects/MP_Steam/Saved/GI_MP_Steam_Auto167B108AF44D159A0D52485B5C63B9DC9.tmp' to '../../../../../../Users/MatthewClaflin/Documents/Unreal Projects/MP_Steam/Saved/Autosaves/Game/ThirdPersonBP/Multiplayer/Blueprints/GI_MP_Steam_Auto1.uasset'
[2016.08.19-05.40.54:656][535]LogSavePackage:Display: Finished SavePackage ../../../../../../Users/MatthewClaflin/Documents/Unreal Projects/MP_Steam/Saved/Autosaves/Game/ThirdPersonBP/Multiplayer/Blueprints/GI_MP_Steam_Auto1.uasset
[2016.08.19-05.40.54:656][535]LogFileHelpers: Auto-saving content packages took 0.086
[2016.08.19-05.41.12:931][102]BlueprintLog: New page: Compile GI_MP_Steam
[2016.08.19-05.41.13:094][102]BlueprintEditorCompileResults: Info [1609.47] Compile of GI_MP_Steam successful! [in 157 ms] (/Game/ThirdPersonBP/Multiplayer/Blueprints/GI_MP_Steam.GI_MP_Steam)
[2016.08.19-05.41.13:803][135]LogSavePackage: Save=34.99ms
[2016.08.19-05.41.13:803][135]LogSavePackage: Moving '../../../../../../Users/MatthewClaflin/Documents/Unreal Projects/MP_Steam/Saved/GI_MP_SteamA7385D864B77AF184A98F0819698BB8D.tmp' to '../../../../../../Users/MatthewClaflin/Documents/Unreal Projects/MP_Steam/Content/ThirdPersonBP/Multiplayer/Blueprints/GI_MP_Steam.uasset'
[2016.08.19-05.41.13:808][135]LogSavePackage:Display: Finished SavePackage ../../../../../../Users/MatthewClaflin/Documents/Unreal Projects/MP_Steam/Content/ThirdPersonBP/Multiplayer/Blueprints/GI_MP_Steam.uasset
[2016.08.19-05.50.58:553][ 50]LogFileHelpers: Editor autosave (incl. sublevels) for '/Game/ThirdPersonBP/Maps/ThirdPersonExampleMap' took 0.053
[2016.08.19-05.50.58:555][ 50]OBJ SavePackage: Generating thumbnails for [0] asset(s) in package [/Game/ThirdPersonBP/Multiplayer/Blueprints/GI_MP_Steam] ([1] browsable assets)...
[2016.08.19-05.50.58:555][ 50]OBJ SavePackage: Finished generating thumbnails for package [/Game/ThirdPersonBP/Multiplayer/Blueprints/GI_MP_Steam]
[2016.08.19-05.50.58:607][ 50]LogSavePackage: Save=43.23ms
[2016.08.19-05.50.58:607][ 50]LogSavePackage: Moving '../../../../../../Users/MatthewClaflin/Documents/Unreal Projects/MP_Steam/Saved/GI_MP_Steam_Auto249884AFE486EA862CE4FCEB62342C492.tmp' to '../../../../../../Users/MatthewClaflin/Documents/Unreal Projects/MP_Steam/Saved/Autosaves/Game/ThirdPersonBP/Multiplayer/Blueprints/GI_MP_Steam_Auto2.uasset'
[2016.08.19-05.50.58:609][ 50]LogSavePackage:Display: Finished SavePackage ../../../../../../Users/MatthewClaflin/Documents/Unreal Projects/MP_Steam/Saved/Autosaves/Game/ThirdPersonBP/Multiplayer/Blueprints/GI_MP_Steam_Auto2.uasset
[2016.08.19-05.50.58:609][ 50]LogFileHelpers: Auto-saving content packages took 0.055
[2016.08.19-05.51.06:876][399]LogSavePackage: Save=42.37ms
[2016.08.19-05.51.06:876][399]LogSavePackage: Moving '../../../../../../Users/MatthewClaflin/Documents/Unreal Projects/MP_Steam/Saved/GI_MP_Steam38599B3446FD314F164BFFA5C185329C.tmp' to '../../../../../../Users/MatthewClaflin/Documents/Unreal Projects/MP_Steam/Content/ThirdPersonBP/Multiplayer/Blueprints/GI_MP_Steam.uasset'
[2016.08.19-05.51.06:879][399]LogSavePackage:Display: Finished SavePackage ../../../../../../Users/MatthewClaflin/Documents/Unreal Projects/MP_Steam/Content/ThirdPersonBP/Multiplayer/Blueprints/GI_MP_Steam.uasset
[2016.08.19-05.52.03:349][732]LogMetaData: Removing '/Game/ThirdPersonBP/Multiplayer/Widgets/W_ErrorDialog.SKEL_W_ErrorDialog_C' ref from Metadata '/Game/ThirdPersonBP/Multiplayer/Widgets/NewWidgetBlueprint.PackageMetaData'
[2016.08.19-05.52.03:349][732]LogMetaData: Removing '/Game/ThirdPersonBP/Multiplayer/Widgets/W_ErrorDialog.W_ErrorDialog_C' ref from Metadata '/Game/ThirdPersonBP/Multiplayer/Widgets/NewWidgetBlueprint.PackageMetaData'
[2016.08.19-05.52.03:349][732]LogMetaData: Removing '/Game/ThirdPersonBP/Multiplayer/Widgets/W_ErrorDialog.W_ErrorDialog:EventGraph.K2Node_Event_0' ref from Metadata '/Game/ThirdPersonBP/Multiplayer/Widgets/NewWidgetBlueprint.PackageMetaData'
[2016.08.19-05.52.03:349][732]LogMetaData: Removing '/Game/ThirdPersonBP/Multiplayer/Widgets/W_ErrorDialog.W_ErrorDialog:EventGraph.K2Node_Event_1' ref from Metadata '/Game/ThirdPersonBP/Multiplayer/Widgets/NewWidgetBlueprint.PackageMetaData'
[2016.08.19-05.52.03:423][732]LogSavePackage: Save=16.29ms
[2016.08.19-05.52.03:423][732]LogSavePackage: Moving '../../../../../../Users/MatthewClaflin/Documents/Unreal Projects/MP_Steam/Saved/W_ErrorDialogA22C1E2347F2EF01C75ADBA25CC8640D.tmp' to '../../../../../../Users/MatthewClaflin/Documents/Unreal Projects/MP_Steam/Content/ThirdPersonBP/Multiplayer/Widgets/W_ErrorDialog.uasset'
[2016.08.19-05.52.03:426][732]LogSavePackage:Display: Finished SavePackage ../../../../../../Users/MatthewClaflin/Documents/Unreal Projects/MP_Steam/Content/ThirdPersonBP/Multiplayer/Widgets/W_ErrorDialog.uasset
[2016.08.19-05.52.50:934][ 15]BlueprintLog: New page: Compile W_ErrorDialog
[2016.08.19-05.52.51:036][ 15]BlueprintEditorCompileResults: Info [2307.42] Compile of W_ErrorDialog successful! [in 101 ms] (/Game/ThirdPersonBP/Multiplayer/Widgets/W_ErrorDialog.W_ErrorDialog)
[2016.08.19-05.52.52:125][ 76]LogSavePackage: Save=9.10ms
[2016.08.19-05.52.52:125][ 76]LogSavePackage: Moving '../../../../../../Users/MatthewClaflin/Documents/Unreal Projects/MP_Steam/Saved/W_ErrorDialogCB07AF6440B86C9E247856A867524295.tmp' to '../../../../../../Users/MatthewClaflin/Documents/Unreal Projects/MP_Steam/Content/ThirdPersonBP/Multiplayer/Widgets/W_ErrorDialog.uasset'
[2016.08.19-05.52.52:128][ 76]LogSavePackage:Display: Finished SavePackage ../../../../../../Users/MatthewClaflin/Documents/Unreal Projects/MP_Steam/Content/ThirdPersonBP/Multiplayer/Widgets/W_ErrorDialog.uasset
[2016.08.19-06.01.44:053][638]BlueprintLog: New page: Compile W_ErrorDialog
[2016.08.19-06.01.44:192][638]BlueprintEditorCompileResults: Info [2840.57] Compile of W_ErrorDialog successful! [in 138 ms] (/Game/ThirdPersonBP/Multiplayer/Widgets/W_ErrorDialog.W_ErrorDialog)
[2016.08.19-06.01.44:744][667]LogSavePackage: Save=27.56ms
[2016.08.19-06.01.44:744][667]LogSavePackage: Moving '../../../../../../Users/MatthewClaflin/Documents/Unreal Projects/MP_Steam/Saved/W_ErrorDialogC3E7AA774EFD6693E5AFCCB67C6F7DBA.tmp' to '../../../../../../Users/MatthewClaflin/Documents/Unreal Projects/MP_Steam/Content/ThirdPersonBP/Multiplayer/Widgets/W_ErrorDialog.uasset'
[2016.08.19-06.01.44:747][667]LogSavePackage:Display: Finished SavePackage ../../../../../../Users/MatthewClaflin/Documents/Unreal Projects/MP_Steam/Content/ThirdPersonBP/Multiplayer/Widgets/W_ErrorDialog.uasset
[2016.08.19-06.02.25:239][ 27]BlueprintLog: New page: Compile GI_MP_Steam
[2016.08.19-06.02.25:392][ 27]BlueprintEditorCompileResults: Info [2881.77] Compile of GI_MP_Steam successful! [in 152 ms] (/Game/ThirdPersonBP/Multiplayer/Blueprints/GI_MP_Steam.GI_MP_Steam)
[2016.08.19-06.02.27:238][131]LogSavePackage: Save=40.59ms
[2016.08.19-06.02.27:239][131]LogSavePackage: Moving '../../../../../../Users/MatthewClaflin/Documents/Unreal Projects/MP_Steam/Saved/GI_MP_Steam4015D1B049B920B8D845C6A0629F5AD3.tmp' to '../../../../../../Users/MatthewClaflin/Documents/Unreal Projects/MP_Steam/Content/ThirdPersonBP/Multiplayer/Blueprints/GI_MP_Steam.uasset'
[2016.08.19-06.02.27:241][131]LogSavePackage:Display: Finished SavePackage ../../../../../../Users/MatthewClaflin/Documents/Unreal Projects/MP_Steam/Content/ThirdPersonBP/Multiplayer/Blueprints/GI_MP_Steam.uasset
[2016.08.19-06.02.41:601][608]BlueprintLog: New page: Compile W_ErrorDialog
[2016.08.19-06.02.41:727][608]BlueprintEditorCompileResults: Info [2898.11] Compile of W_ErrorDialog successful! [in 126 ms] (/Game/ThirdPersonBP/Multiplayer/Widgets/W_ErrorDialog.W_ErrorDialog)
[2016.08.19-06.02.42:529][652]LogSavePackage: Save=21.46ms
[2016.08.19-06.02.42:530][652]LogSavePackage: Moving '../../../../../../Users/MatthewClaflin/Documents/Unreal Projects/MP_Steam/Saved/W_ErrorDialog7B4494FC4A9BD7F4528181AB0B674AE0.tmp' to '../../../../../../Users/MatthewClaflin/Documents/Unreal Projects/MP_Steam/Content/ThirdPersonBP/Multiplayer/Widgets/W_ErrorDialog.uasset'
[2016.08.19-06.02.42:564][652]LogSavePackage:Display: Finished SavePackage ../../../../../../Users/MatthewClaflin/Documents/Unreal Projects/MP_Steam/Content/ThirdPersonBP/Multiplayer/Widgets/W_ErrorDialog.uasset
[2016.08.19-06.03.15:606][921]LogFileHelpers: Editor autosave (incl. sublevels) for '/Game/ThirdPersonBP/Maps/ThirdPersonExampleMap' took 0.044
[2016.08.19-06.03.15:615][921]LogSavePackage: Save=4.57ms
[2016.08.19-06.03.15:615][921]LogSavePackage: Moving '../../../../../../Users/MatthewClaflin/Documents/Unreal Projects/MP_Steam/Saved/NewWidgetBlueprint_Auto3CD7B178D4C34917DDCCA39BE979CED36.tmp' to '../../../../../../Users/MatthewClaflin/Documents/Unreal Projects/MP_Steam/Saved/Autosaves/Game/ThirdPersonBP/Multiplayer/Widgets/NewWidgetBlueprint_Auto3.uasset'
[2016.08.19-06.03.15:617][921]LogSavePackage:Display: Finished SavePackage ../../../../../../Users/MatthewClaflin/Documents/Unreal Projects/MP_Steam/Saved/Autosaves/Game/ThirdPersonBP/Multiplayer/Widgets/NewWidgetBlueprint_Auto3.uasset
[2016.08.19-06.03.15:617][921]LogFileHelpers: Auto-saving content packages took 0.010
[2016.08.19-06.03.57:754][363]BlueprintLog: New page: Compile GI_MP_Steam
[2016.08.19-06.03.57:888][363]BlueprintEditorCompileResults: Info [2974.27] Compile of GI_MP_Steam successful! [in 133 ms] (/Game/ThirdPersonBP/Multiplayer/Blueprints/GI_MP_Steam.GI_MP_Steam)
[2016.08.19-06.03.58:591][400]LogSavePackage: Save=42.72ms
[2016.08.19-06.03.58:591][400]LogSavePackage: Moving '../../../../../../Users/MatthewClaflin/Documents/Unreal Projects/MP_Steam/Saved/GI_MP_SteamF45A496147DC108E293AB48B1E9AF359.tmp' to '../../../../../../Users/MatthewClaflin/Documents/Unreal Projects/MP_Steam/Content/ThirdPersonBP/Multiplayer/Blueprints/GI_MP_Steam.uasset'
[2016.08.19-06.03.58:595][400]LogSavePackage:Display: Finished SavePackage ../../../../../../Users/MatthewClaflin/Documents/Unreal Projects/MP_Steam/Content/ThirdPersonBP/Multiplayer/Blueprints/GI_MP_Steam.uasset
[2016.08.19-06.07.45:138][566]BlueprintLog: New page: Compile GI_MP_Steam
[2016.08.19-06.07.45:276][566]BlueprintEditorCompileResults: Info [3201.66] Compile of GI_MP_Steam successful! [in 138 ms] (/Game/ThirdPersonBP/Multiplayer/Blueprints/GI_MP_Steam.GI_MP_Steam)
[2016.08.19-06.07.45:882][596]LogSavePackage: Save=57.81ms
[2016.08.19-06.07.45:882][596]LogSavePackage: Moving '../../../../../../Users/MatthewClaflin/Documents/Unreal Projects/MP_Steam/Saved/GI_MP_Steam03B7E12B4D04E176AEEEA680151D95F0.tmp' to '../../../../../../Users/MatthewClaflin/Documents/Unreal Projects/MP_Steam/Content/ThirdPersonBP/Multiplayer/Blueprints/GI_MP_Steam.uasset'
[2016.08.19-06.07.45:886][596]LogSavePackage:Display: Finished SavePackage ../../../../../../Users/MatthewClaflin/Documents/Unreal Projects/MP_Steam/Content/ThirdPersonBP/Multiplayer/Blueprints/GI_MP_Steam.uasset
[2016.08.19-06.07.59:839][730]BlueprintLog: New page: Compile GI_MP_Steam
[2016.08.19-06.07.59:968][730]BlueprintEditorCompileResults: Info [3216.35] Compile of GI_MP_Steam successful! [in 129 ms] (/Game/ThirdPersonBP/Multiplayer/Blueprints/GI_MP_Steam.GI_MP_Steam)
[2016.08.19-06.08.00:632][734]LogSavePackage: Save=54.20ms
[2016.08.19-06.08.00:632][734]LogSavePackage: Moving '../../../../../../Users/MatthewClaflin/Documents/Unreal Projects/MP_Steam/Saved/GI_MP_SteamDC1232744CE05302A5EFF99D687F7A51.tmp' to '../../../../../../Users/MatthewClaflin/Documents/Unreal Projects/MP_Steam/Content/ThirdPersonBP/Multiplayer/Blueprints/GI_MP_Steam.uasset'
[2016.08.19-06.08.00:634][734]LogSavePackage:Display: Finished SavePackage ../../../../../../Users/MatthewClaflin/Documents/Unreal Projects/MP_Steam/Content/ThirdPersonBP/Multiplayer/Blueprints/GI_MP_Steam.uasset
[2016.08.19-06.11.53:770][  9]BlueprintLog: New page: Compile GI_MP_Steam
[2016.08.19-06.11.53:932][  9]BlueprintEditorCompileResults: Info [3450.31] Compile of GI_MP_Steam successful! [in 161 ms] (/Game/ThirdPersonBP/Multiplayer/Blueprints/GI_MP_Steam.GI_MP_Steam)
[2016.08.19-06.11.54:446][ 34]LogSavePackage: Save=55.37ms
[2016.08.19-06.11.54:446][ 34]LogSavePackage: Moving '../../../../../../Users/MatthewClaflin/Documents/Unreal Projects/MP_Steam/Saved/GI_MP_Steam1205CC9545900D63F8ED7D9606797098.tmp' to '../../../../../../Users/MatthewClaflin/Documents/Unreal Projects/MP_Steam/Content/ThirdPersonBP/Multiplayer/Blueprints/GI_MP_Steam.uasset'
[2016.08.19-06.11.54:450][ 34]LogSavePackage:Display: Finished SavePackage ../../../../../../Users/MatthewClaflin/Documents/Unreal Projects/MP_Steam/Content/ThirdPersonBP/Multiplayer/Blueprints/GI_MP_Steam.uasset
[2016.08.19-06.11.57:408][143]LogSavePackage: Save=5.45ms
[2016.08.19-06.11.57:408][143]LogSavePackage: Moving '../../../../../../Users/MatthewClaflin/Documents/Unreal Projects/MP_Steam/Saved/NewWidgetBlueprint8F25174C43370F627A955C8DE452AD25.tmp' to '../../../../../../Users/MatthewClaflin/Documents/Unreal Projects/MP_Steam/Content/ThirdPersonBP/Multiplayer/Widgets/NewWidgetBlueprint.uasset'
[2016.08.19-06.11.57:412][143]LogSavePackage:Display: Finished SavePackage ../../../../../../Users/MatthewClaflin/Documents/Unreal Projects/MP_Steam/Content/ThirdPersonBP/Multiplayer/Widgets/NewWidgetBlueprint.uasset
[2016.08.19-06.11.59:409][211]Cmd: QUIT_EDITOR
[2016.08.19-06.11.59:680][211]LogWindowsTextInputMethodSystem:Display: IME system now deactivated.
[2016.08.19-06.11.59:724][211]LogExit: Preparing to exit.
[2016.08.19-06.12.00:183][211]LogExit: Editor shut down
[2016.08.19-06.12.00:186][211]LogExit: Transaction tracking system shut down
[2016.08.19-06.12.00:859][211]LogObj: Freed 0b from 0 cluster array pools.
[2016.08.19-06.12.00:859][211]LogExit: Object subsystem successfully closed.
[2016.08.19-06.12.00:898][211]LogD3D11RHI: Shutdown
[2016.08.19-06.12.00:898][211]LogD3D11RHI: CleanupD3DDevice
[2016.08.19-06.12.00:993][211]LogD3D11RHI: ~FD3D11DynamicRHI
[2016.08.19-06.12.01:464][211]LogModuleManager: Shutting down and abandoning module SequencerWidgets (220)
[2016.08.19-06.12.01:464][211]LogModuleManager: Shutting down and abandoning module BlueprintGraph (219)
[2016.08.19-06.12.01:464][211]LogModuleManager: Shutting down and abandoning module HierarchicalLODOutliner (218)
[2016.08.19-06.12.01:479][211]LogModuleManager: Shutting down and abandoning module CrashTracker (217)
[2016.08.19-06.12.01:479][211]LogModuleManager: Shutting down and abandoning module SceneOutliner (216)
[2016.08.19-06.12.01:479][211]LogModuleManager: Shutting down and abandoning module WidgetCarousel (215)
[2016.08.19-06.12.01:479][211]LogModuleManager: Shutting down and abandoning module AddContentDialog (214)
[2016.08.19-06.12.01:488][211]LogModuleManager: Shutting down and abandoning module GameplayTags (213)
[2016.08.19-06.12.01:488][211]LogModuleManager: Shutting down and abandoning module EditorWidgets (212)
[2016.08.19-06.12.01:488][211]LogModuleManager: Shutting down and abandoning module CollectionManager (211)
[2016.08.19-06.12.01:500][211]LogModuleManager: Shutting down and abandoning module StatsViewer (210)
[2016.08.19-06.12.01:520][211]LogModuleManager: Shutting down and abandoning module FoliageEdit (209)
[2016.08.19-06.12.01:520][211]LogModuleManager: Shutting down and abandoning module LandscapeEditor (208)
[2016.08.19-06.12.01:539][211]LogModuleManager: Shutting down and abandoning module SceneDepthPickerMode (207)
[2016.08.19-06.12.01:539][211]LogModuleManager: Shutting down and abandoning module ActorPickerMode (206)
[2016.08.19-06.12.01:539][211]LogModuleManager: Shutting down and abandoning module GeometryMode (205)
[2016.08.19-06.12.01:539][211]LogModuleManager: Shutting down and abandoning module TextureAlignMode (204)
[2016.08.19-06.12.01:539][211]LogModuleManager: Shutting down and abandoning module BspMode (203)
[2016.08.19-06.12.01:561][211]LogModuleManager: Shutting down and abandoning module HardwareSurvey (202)
[2016.08.19-06.12.01:561][211]LogModuleManager: Shutting down and abandoning module SequenceRecorderSections (201)
[2016.08.19-06.12.01:561][211]LogModuleManager: Shutting down and abandoning module SequenceRecorder (200)
[2016.08.19-06.12.01:561][211]LogModuleManager: Shutting down and abandoning module AutomationWorker (199)
[2016.08.19-06.12.01:561][211]LogModuleManager: Shutting down and abandoning module MatineeToLevelSequence (198)
[2016.08.19-06.12.01:561][211]LogModuleManager: Shutting down and abandoning module PlacementMode (197)
[2016.08.19-06.12.01:572][211]LogModuleManager: Shutting down and abandoning module LevelSequenceEditor (196)
[2016.08.19-06.12.01:605][211]LogModuleManager: Shutting down and abandoning module CharacterAI (195)
[2016.08.19-06.12.01:605][211]LogModuleManager: Shutting down and abandoning module SmartSnapping (194)
[2016.08.19-06.12.01:605][211]LogModuleManager: Shutting down and abandoning module SessionServices (193)
[2016.08.19-06.12.01:605][211]LogModuleManager: Shutting down and abandoning module ViewportSnapping (192)
[2016.08.19-06.12.01:605][211]LogModuleManager: Shutting down and abandoning module LogVisualizer (191)
[2016.08.19-06.12.01:625][211]LogModuleManager: Shutting down and abandoning module GameProjectGeneration (190)
[2016.08.19-06.12.01:651][211]LogModuleManager: Shutting down and abandoning module IntroTutorials (189)
[2016.08.19-06.12.01:666][211]LogModuleManager: Shutting down and abandoning module EditorLiveStreaming (188)
[2016.08.19-06.12.01:666][211]LogModuleManager: Shutting down and abandoning module IOSPlatformEditor (187)
[2016.08.19-06.12.01:678][211]LogModuleManager: Shutting down and abandoning module HTML5PlatformEditor (186)
[2016.08.19-06.12.01:679][211]LogModuleManager: Shutting down and abandoning module AndroidDeviceDetection (185)
[2016.08.19-06.12.02:253][211]LogModuleManager: Shutting down and abandoning module AndroidPlatformEditor (184)
[2016.08.19-06.12.02:262][211]LogModuleManager: Shutting down and abandoning module IOSRuntimeSettings (183)
[2016.08.19-06.12.02:262][211]LogModuleManager: Shutting down and abandoning module AndroidRuntimeSettings (182)
[2016.08.19-06.12.02:262][211]LogModuleManager: Shutting down and abandoning module MergeActors (181)
[2016.08.19-06.12.02:275][211]LogModuleManager: Shutting down and abandoning module SizeMap (180)
[2016.08.19-06.12.02:275][211]LogModuleManager: Shutting down and abandoning module TreeMap (179)
[2016.08.19-06.12.02:288][211]LogModuleManager: Shutting down and abandoning module ReferenceViewer (178)
[2016.08.19-06.12.02:298][211]LogModuleManager: Shutting down and abandoning module LocalizationService (177)
[2016.08.19-06.12.02:302][211]LogModuleManager: Shutting down and abandoning module LocalizationDashboard (176)
[2016.08.19-06.12.02:322][211]LogModuleManager: Shutting down and abandoning module HardwareTargeting (175)
[2016.08.19-06.12.02:334][211]LogModuleManager: Shutting down and abandoning module DeviceProfileEditor (174)
[2016.08.19-06.12.02:343][211]LogModuleManager: Shutting down and abandoning module UndoHistory (173)
[2016.08.19-06.12.02:350][211]LogModuleManager: Shutting down and abandoning module UserFeedback (172)
[2016.08.19-06.12.02:350][211]LogModuleManager: Shutting down and abandoning module XmlParser (171)
[2016.08.19-06.12.02:350][211]LogModuleManager: Shutting down and abandoning module Blutility (170)
[2016.08.19-06.12.02:359][211]LogModuleManager: Shutting down and abandoning module ProjectTargetPlatformEditor (169)
[2016.08.19-06.12.02:374][211]LogModuleManager: Shutting down and abandoning module ProjectSettingsViewer (168)
[2016.08.19-06.12.02:374][211]LogModuleManager: Shutting down and abandoning module InputBindingEditor (167)
[2016.08.19-06.12.02:398][211]LogModuleManager: Shutting down and abandoning module EditorSettingsViewer (166)
[2016.08.19-06.12.02:398][211]LogModuleManager: Shutting down and abandoning module SettingsEditor (165)
[2016.08.19-06.12.02:415][211]LogModuleManager: Shutting down and abandoning module ProjectLauncher (164)
[2016.08.19-06.12.02:446][211]LogModuleManager: Shutting down and abandoning module SessionFrontend (163)
[2016.08.19-06.12.02:470][211]LogModuleManager: Shutting down and abandoning module ProfilerClient (162)
[2016.08.19-06.12.02:483][211]LogModuleManager: Shutting down and abandoning module TargetDeviceServices (161)
[2016.08.19-06.12.02:498][211]LogModuleManager: Shutting down and abandoning module DeviceManager (160)
[2016.08.19-06.12.02:555][211]LogModuleManager: Shutting down and abandoning module AutomationController (159)
[2016.08.19-06.12.02:555][211]LogModuleManager: Shutting down and abandoning module AutomationWindow (158)
[2016.08.19-06.12.02:588][211]LogModuleManager: Shutting down and abandoning module Layers (157)
[2016.08.19-06.12.02:614][211]LogModuleManager: Shutting down and abandoning module ComponentVisualizers (156)
[2016.08.19-06.12.02:614][211]LogModuleManager: Shutting down and abandoning module DetailCustomizations (155)
[2016.08.19-06.12.02:629][211]LogModuleManager: Shutting down and abandoning module PackagesDialog (154)
[2016.08.19-06.12.02:629][211]LogModuleManager: Shutting down and abandoning module Persona (153)
[2016.08.19-06.12.02:667][211]LogModuleManager: Shutting down and abandoning module Kismet (152)
[2016.08.19-06.12.02:668][211]LogModuleManager: Shutting down and abandoning module GraphEditor (151)
[2016.08.19-06.12.02:668][211]LogModuleManager: Shutting down and abandoning module ClassViewer (150)
[2016.08.19-06.12.02:669][211]LogModuleManager: Shutting down and abandoning module Toolbox (149)
[2016.08.19-06.12.02:674][211]LogModuleManager: Shutting down and abandoning module ModuleUI (148)
[2016.08.19-06.12.02:681][211]LogModuleManager: Shutting down and abandoning module MovieSceneTools (147)
[2016.08.19-06.12.02:681][211]LogModuleManager: Shutting down and abandoning module OutputLog (146)
[2016.08.19-06.12.02:695][211]LogModuleManager: Shutting down and abandoning module GammaUI (145)
[2016.08.19-06.12.02:709][211]LogModuleManager: Shutting down and abandoning module Documentation (144)
[2016.08.19-06.12.02:709][211]LogModuleManager: Shutting down and abandoning module StreamingPauseRendering (143)
[2016.08.19-06.12.02:709][211]LogModuleManager: Shutting down and abandoning module AnalyticsET (142)
[2016.08.19-06.12.02:709][211]LogModuleManager: Shutting down and abandoning module Analytics (141)
[2016.08.19-06.12.02:709][211]LogModuleManager: Shutting down and abandoning module PortalServices (140)
[2016.08.19-06.12.02:709][211]LogModuleManager: Shutting down and abandoning module PortalRpc (139)
[2016.08.19-06.12.02:709][211]LogModuleManager: Shutting down and abandoning module MessagingRpc (138)
[2016.08.19-06.12.02:709][211]LogModuleManager: Shutting down and abandoning module GameplayDebugger (137)
[2016.08.19-06.12.02:709][211]LogModuleManager: Shutting down and abandoning module AITestSuite (136)
[2016.08.19-06.12.02:709][211]LogModuleManager: Shutting down and abandoning module AIModule (135)
[2016.08.19-06.12.02:710][211]LogModuleManager: Shutting down and abandoning module ProfilerService (134)
[2016.08.19-06.12.02:948][211]LogModuleManager: Shutting down and abandoning module TaskGraph (133)
[2016.08.19-06.12.02:948][211]LogModuleManager: Shutting down and abandoning module SlateRemote (132)
[2016.08.19-06.12.02:948][211]LogModuleManager: Shutting down and abandoning module SteamVRController (131)
[2016.08.19-06.12.02:948][211]LogModuleManager: Shutting down and abandoning module SteamVR (130)
[2016.08.19-06.12.02:948][211]LogModuleManager: Shutting down and abandoning module ProceduralMeshComponent (129)
[2016.08.19-06.12.02:948][211]LogModuleManager: Shutting down and abandoning module OculusLibrary (128)
[2016.08.19-06.12.02:948][211]LogModuleManager: Shutting down and abandoning module OculusInput (127)
[2016.08.19-06.12.02:948][211]LogModuleManager: Shutting down and abandoning module CustomMeshComponent (126)
[2016.08.19-06.12.02:948][211]LogModuleManager: Shutting down and abandoning module CableComponent (125)
[2016.08.19-06.12.02:948][211]LogModuleManager: Shutting down and abandoning module ArchVisCharacter (124)
[2016.08.19-06.12.02:948][211]LogModuleManager: Shutting down and abandoning module MediaPlayerEditor (123)
[2016.08.19-06.12.03:008][211]LogModuleManager: Shutting down and abandoning module LowEntryExtendedStandardLibraryEditor (122)
[2016.08.19-06.12.03:008][211]LogModuleManager: Shutting down and abandoning module HTML5Networking (121)
[2016.08.19-06.12.03:008][211]LogModuleManager: Shutting down and abandoning module SuperSearch (120)
[2016.08.19-06.12.03:008][211]LogModuleManager: Shutting down and abandoning module SuperSearchEditor (119)
[2016.08.19-06.12.03:008][211]LogModuleManager: Shutting down and abandoning module SpeedTreeImporter (118)
[2016.08.19-06.12.03:008][211]LogModuleManager: Shutting down and abandoning module PluginBrowser (117)
[2016.08.19-06.12.03:028][211]LogModuleManager: Shutting down and abandoning module EpicSurvey (116)
[2016.08.19-06.12.03:028][211]LogModuleManager: Shutting down and abandoning module DesktopPlatform (115)
[2016.08.19-06.12.03:028][211]LogModuleManager: Shutting down and abandoning module VisualStudioSourceCodeAccess (114)
[2016.08.19-06.12.03:028][211]LogModuleManager: Shutting down and abandoning module UObjectPlugin (113)
[2016.08.19-06.12.03:028][211]LogModuleManager: Shutting down and abandoning module SubversionSourceControl (112)
[2016.08.19-06.12.03:028][211]LogModuleManager: Shutting down and abandoning module PerforceSourceControl (111)
[2016.08.19-06.12.03:028][211]LogModuleManager: Shutting down and abandoning module SourceControl (110)
[2016.08.19-06.12.03:028][211]LogModuleManager: Shutting down and abandoning module GitSourceControl (109)
[2016.08.19-06.12.03:044][211]LogModuleManager: Shutting down and abandoning module LightPropagationVolumeEditor (108)
[2016.08.19-06.12.03:044][211]LogModuleManager: Shutting down and abandoning module PaperTiledImporter (107)
[2016.08.19-06.12.03:055][211]LogModuleManager: Shutting down and abandoning module PaperSpriteSheetImporter (106)
[2016.08.19-06.12.03:055][211]LogModuleManager: Shutting down and abandoning module MeshPaint (105)
[2016.08.19-06.12.03:062][211]LogModuleManager: Shutting down and abandoning module PixelInspectorModule (104)
[2016.08.19-06.12.03:083][211]LogModuleManager: Shutting down and abandoning module HotReload (103)
[2016.08.19-06.12.03:085][211]LogModuleManager: Shutting down and abandoning module MainFrame (102)
[2016.08.19-06.12.03:092][211]LogModuleManager: Shutting down and abandoning module LevelEditor (101)
[2016.08.19-06.12.03:110][211]LogModuleManager: Shutting down and abandoning module ContentBrowser (100)
[2016.08.19-06.12.03:114][211]LogModuleManager: Shutting down and abandoning module Paper2DEditor (99)
[2016.08.19-06.12.03:133][211]LogModuleManager: Shutting down and abandoning module UdpMessaging (98)
[2016.08.19-06.12.03:235][211]LogModuleManager: Shutting down and abandoning module LowEntryExtendedStandardLibrary (97)
[2016.08.19-06.12.03:235][211]LogModuleManager: Shutting down and abandoning module LightPropagationVolumeRuntime (96)
[2016.08.19-06.12.03:235][211]LogModuleManager: Shutting down and abandoning module Paper2D (95)
[2016.08.19-06.12.03:235][211]LogModuleManager: Shutting down and abandoning module WindowsMoviePlayer (94)
[2016.08.19-06.12.03:235][211]LogModuleManager: Shutting down and abandoning module Media (93)
[2016.08.19-06.12.03:235][211]LogModuleManager: Shutting down and abandoning module WmfMedia (92)
[2016.08.19-06.12.03:235][211]LogModuleManager: Shutting down and abandoning module MediaAssets (91)
[2016.08.19-06.12.03:235][211]LogModuleManager: Shutting down and abandoning module GameLiveStreaming (90)
[2016.08.19-06.12.03:235][211]LogModuleManager: Shutting down and abandoning module GameplayTagsEditor (89)
[2016.08.19-06.12.03:235][211]LogModuleManager: Shutting down and abandoning module OnlineBlueprintSupport (88)
[2016.08.19-06.12.03:235][211]LogModuleManager: Shutting down and abandoning module VREditor (87)
[2016.08.19-06.12.03:235][211]LogModuleManager: Shutting down and abandoning module GameplayTasksEditor (86)
[2016.08.19-06.12.03:235][211]LogModuleManager: Shutting down and abandoning module PropertyEditor (85)
[2016.08.19-06.12.03:244][211]LogModuleManager: Shutting down and abandoning module BehaviorTreeEditor (84)
[2016.08.19-06.12.03:244][211]LogModuleManager: Shutting down and abandoning module FunctionalTesting (83)
[2016.08.19-06.12.03:244][211]LogModuleManager: Shutting down and abandoning module CollisionAnalyzer (82)
[2016.08.19-06.12.03:244][211]LogModuleManager: Shutting down and abandoning module Sequencer (81)
[2016.08.19-06.12.03:244][211]LogModuleManager: Shutting down and abandoning module WorkspaceMenuStructure (80)
[2016.08.19-06.12.03:244][211]LogModuleManager: Shutting down and abandoning module MessageLog (79)
[2016.08.19-06.12.03:244][211]LogModuleManager: Shutting down and abandoning module AssetTools (78)
[2016.08.19-06.12.03:244][211]LogModuleManager: Shutting down and abandoning module UMGEditor (77)
[2016.08.19-06.12.03:244][211]LogModuleManager: Shutting down and abandoning module UMG (76)
[2016.08.19-06.12.03:244][211]LogModuleManager: Shutting down and abandoning module SlateReflector (75)
[2016.08.19-06.12.03:244][211]LogModuleManager: Shutting down and abandoning module Slate (74)
[2016.08.19-06.12.03:244][211]LogModuleManager: Shutting down and abandoning module EditorStyle (73)
[2016.08.19-06.12.03:247][211]LogModuleManager: Shutting down and abandoning module SourceCodeAccess (72)
[2016.08.19-06.12.03:247][211]LogModuleManager: Shutting down and abandoning module HeadMountedDisplay (71)
[2016.08.19-06.12.03:247][211]LogModuleManager: Shutting down and abandoning module XAudio2 (70)
[2016.08.19-06.12.03:247][211]LogModuleManager: Shutting down and abandoning module Networking (69)
[2016.08.19-06.12.03:247][211]LogModuleManager: Shutting down and abandoning module Core (68)
[2016.08.19-06.12.03:247][211]LogModuleManager: Shutting down and abandoning module DirectoryWatcher (67)
[2016.08.19-06.12.03:253][211]LogModuleManager: Shutting down and abandoning module AssetRegistry (66)
[2016.08.19-06.12.03:501][211]LogModuleManager: Shutting down and abandoning module KismetCompiler (65)
[2016.08.19-06.12.03:501][211]LogModuleManager: Shutting down and abandoning module PhysXFormats (64)
[2016.08.19-06.12.03:501][211]LogModuleManager: Shutting down and abandoning module MeshUtilities (63)
[2016.08.19-06.12.03:501][211]LogModuleManager: Shutting down and abandoning module DerivedDataCache (62)
[2016.08.19-06.12.03:507][211]LogDerivedDataCache: Shutdown
[2016.08.19-06.12.03:507][211]LogModuleManager: Shutting down and abandoning module VulkanShaderFormat (61)
[2016.08.19-06.12.03:507][211]LogModuleManager: Shutting down and abandoning module ShaderFormatOpenGL (60)
[2016.08.19-06.12.03:507][211]LogModuleManager: Shutting down and abandoning module ShaderFormatD3D (59)
[2016.08.19-06.12.03:507][211]LogModuleManager: Shutting down and abandoning module MetalShaderFormat (58)
[2016.08.19-06.12.03:507][211]LogModuleManager: Shutting down and abandoning module TextureFormatUncompressed (57)
[2016.08.19-06.12.03:507][211]LogModuleManager: Shutting down and abandoning module TextureFormatPVR (56)
[2016.08.19-06.12.03:507][211]LogModuleManager: Shutting down and abandoning module TextureFormatIntelISPCTexComp (55)
[2016.08.19-06.12.03:508][211]LogModuleManager: Shutting down and abandoning module TextureFormatDXT (54)
[2016.08.19-06.12.03:508][211]LogModuleManager: Shutting down and abandoning module ImageWrapper (53)
[2016.08.19-06.12.03:508][211]LogModuleManager: Shutting down and abandoning module TextureFormatASTC (52)
[2016.08.19-06.12.03:508][211]LogModuleManager: Shutting down and abandoning module TextureFormatAndroid (51)
[2016.08.19-06.12.03:508][211]LogModuleManager: Shutting down and abandoning module AudioFormatOpus (50)
[2016.08.19-06.12.03:508][211]LogModuleManager: Shutting down and abandoning module AudioFormatOgg (49)
[2016.08.19-06.12.03:508][211]LogModuleManager: Shutting down and abandoning module AudioFormatADPCM (48)
[2016.08.19-06.12.03:508][211]LogModuleManager: Shutting down and abandoning module LinuxTargetPlatform (47)
[2016.08.19-06.12.03:508][211]LogModuleManager: Shutting down and abandoning module LinuxServerTargetPlatform (46)
[2016.08.19-06.12.03:508][211]LogModuleManager: Shutting down and abandoning module LinuxNoEditorTargetPlatform (45)
[2016.08.19-06.12.03:508][211]LogModuleManager: Shutting down and abandoning module TVOSTargetPlatform (44)
[2016.08.19-06.12.03:508][211]LogModuleManager: Shutting down and abandoning module Messaging (43)
[2016.08.19-06.12.03:508][211]LogModuleManager: Shutting down and abandoning module IOSTargetPlatform (42)
[2016.08.19-06.12.03:508][211]LogModuleManager: Shutting down and abandoning module HTML5TargetPlatform (41)
[2016.08.19-06.12.03:508][211]LogModuleManager: Shutting down and abandoning module Android_PVRTCTargetPlatform (40)
[2016.08.19-06.12.03:508][211]LogModuleManager: Shutting down and abandoning module Android_MultiTargetPlatform (39)
[2016.08.19-06.12.03:542][211]LogModuleManager: Shutting down and abandoning module Android_ETC2TargetPlatform (38)
[2016.08.19-06.12.03:542][211]LogModuleManager: Shutting down and abandoning module Android_ETC1TargetPlatform (37)
[2016.08.19-06.12.03:542][211]LogModuleManager: Shutting down and abandoning module Android_DXTTargetPlatform (36)
[2016.08.19-06.12.03:542][211]LogModuleManager: Shutting down and abandoning module Android_ATCTargetPlatform (35)
[2016.08.19-06.12.03:542][211]LogModuleManager: Shutting down and abandoning module Android_ASTCTargetPlatform (34)
[2016.08.19-06.12.03:542][211]LogModuleManager: Shutting down and abandoning module AndroidTargetPlatform (33)
[2016.08.19-06.12.03:542][211]LogModuleManager: Shutting down and abandoning module WindowsTargetPlatform (32)
[2016.08.19-06.12.03:542][211]LogModuleManager: Shutting down and abandoning module WindowsServerTargetPlatform (31)
[2016.08.19-06.12.03:542][211]LogModuleManager: Shutting down and abandoning module WindowsNoEditorTargetPlatform (30)
[2016.08.19-06.12.03:542][211]LogModuleManager: Shutting down and abandoning module WindowsClientTargetPlatform (29)
[2016.08.19-06.12.03:542][211]LogModuleManager: Shutting down and abandoning module AllDesktopTargetPlatform (28)
[2016.08.19-06.12.03:542][211]LogModuleManager: Shutting down and abandoning module TargetPlatform (27)
[2016.08.19-06.12.03:542][211]LogModuleManager: Shutting down and abandoning module InputCore (26)
[2016.08.19-06.12.03:542][211]LogModuleManager: Shutting down and abandoning module Settings (25)
[2016.08.19-06.12.03:542][211]LogModuleManager: Shutting down and abandoning module Voice (23)
[2016.08.19-06.12.03:549][211]LogModuleManager: Shutting down and abandoning module OnlineSubsystem (19)
[2016.08.19-06.12.03:549][211]LogOnline:Display: NULL: FOnlineSubsystemNull::Shutdown()
[2016.08.19-06.12.03:558][211]LogOnline:Display: Unloading online subsystem: STEAM
[2016.08.19-06.12.03:558][211]LogOnline:Display: Unloading online subsystem: NULL
[2016.08.19-06.12.03:558][211]LogModuleManager: Shutting down and abandoning module HTTP (18)
[2016.08.19-06.12.06:566][211]LogModuleManager: Shutting down and abandoning module XMPP (17)
[2016.08.19-06.12.06:566][211]LogModuleManager: Shutting down and abandoning module OculusRift (16)
[2016.08.19-06.12.06:566][211]LogModuleManager: Shutting down and abandoning module ExampleDeviceProfileSelector (15)
[2016.08.19-06.12.06:566][211]LogModuleManager: Shutting down and abandoning module TextureCompressor (14)
[2016.08.19-06.12.06:566][211]LogModuleManager: Shutting down and abandoning module ShaderCore (13)
[2016.08.19-06.12.06:566][211]LogModuleManager: Shutting down and abandoning module Landscape (12)
[2016.08.19-06.12.06:566][211]LogModuleManager: Shutting down and abandoning module SlateRHIRenderer (11)
[2016.08.19-06.12.06:575][211]LogModuleManager: Shutting down and abandoning module OpenGLDrv (10)
[2016.08.19-06.12.06:575][211]LogModuleManager: Shutting down and abandoning module D3D11RHI (9)
[2016.08.19-06.12.06:575][211]LogModuleManager: Shutting down and abandoning module AnimGraphRuntime (8)
[2016.08.19-06.12.06:575][211]LogModuleManager: Shutting down and abandoning module Renderer (7)
[2016.08.19-06.12.06:575][211]LogModuleManager: Shutting down and abandoning module Engine (6)
[2016.08.19-06.12.06:575][211]LogModuleManager: Shutting down and abandoning module CoreUObject (5)
[2016.08.19-06.12.06:575][211]LogModuleManager: Shutting down and abandoning module NetworkFile (4)
[2016.08.19-06.12.06:575][211]LogModuleManager: Shutting down and abandoning module StreamingFile (3)
[2016.08.19-06.12.06:575][211]LogModuleManager: Shutting down and abandoning module SandboxFile (2)
[2016.08.19-06.12.06:575][211]LogModuleManager: Shutting down and abandoning module PakFile (1)
[2016.08.19-06.12.06:577][211]LogExit: Exiting.
[2016.08.19-06.12.06:600][211]Log file closed, 08/18/16 23:12:06
